{"/Users/jonyen/Projects/tekmetric-interview/frontend/src/App.js": {"path":"/Users/jonyen/Projects/tekmetric-interview/frontend/src/App.js","statementMap":{"0":{"start":{"line":12,"column":16},"end":{"line":12,"column":32}},"1":{"start":{"line":13,"column":21},"end":{"line":13,"column":31}},"2":{"start":{"line":14,"column":32},"end":{"line":14,"column":44}},"3":{"start":{"line":15,"column":32},"end":{"line":15,"column":46}},"4":{"start":{"line":16,"column":28},"end":{"line":16,"column":42}},"5":{"start":{"line":17,"column":42},"end":{"line":17,"column":70}},"6":{"start":{"line":18,"column":40},"end":{"line":18,"column":67}},"7":{"start":{"line":19,"column":40},"end":{"line":19,"column":52}},"8":{"start":{"line":20,"column":18},"end":{"line":20,"column":26}},"9":{"start":{"line":21,"column":25},"end":{"line":21,"column":33}},"10":{"start":{"line":22,"column":21},"end":{"line":22,"column":31}},"11":{"start":{"line":23,"column":19},"end":{"line":23,"column":36}},"12":{"start":{"line":25,"column":2},"end":{"line":46,"column":9}},"13":{"start":{"line":26,"column":25},"end":{"line":29,"column":5}},"14":{"start":{"line":27,"column":6},"end":{"line":27,"column":42}},"15":{"start":{"line":28,"column":6},"end":{"line":28,"column":40}},"16":{"start":{"line":32,"column":26},"end":{"line":37,"column":5}},"17":{"start":{"line":33,"column":6},"end":{"line":36,"column":7}},"18":{"start":{"line":34,"column":8},"end":{"line":34,"column":27}},"19":{"start":{"line":35,"column":8},"end":{"line":35,"column":40}},"20":{"start":{"line":39,"column":4},"end":{"line":39,"column":52}},"21":{"start":{"line":40,"column":4},"end":{"line":40,"column":54}},"22":{"start":{"line":42,"column":4},"end":{"line":45,"column":6}},"23":{"start":{"line":43,"column":6},"end":{"line":43,"column":57}},"24":{"start":{"line":44,"column":6},"end":{"line":44,"column":59}},"25":{"start":{"line":48,"column":23},"end":{"line":55,"column":3}},"26":{"start":{"line":49,"column":4},"end":{"line":54,"column":5}},"27":{"start":{"line":50,"column":6},"end":{"line":50,"column":39}},"28":{"start":{"line":51,"column":6},"end":{"line":53,"column":7}},"29":{"start":{"line":52,"column":8},"end":{"line":52,"column":47}},"30":{"start":{"line":57,"column":2},"end":{"line":71,"column":9}},"31":{"start":{"line":59,"column":6},"end":{"line":67,"column":7}},"32":{"start":{"line":60,"column":21},"end":{"line":60,"column":45}},"33":{"start":{"line":61,"column":8},"end":{"line":61,"column":25}},"34":{"start":{"line":62,"column":8},"end":{"line":62,"column":23}},"35":{"start":{"line":64,"column":8},"end":{"line":64,"column":63}},"36":{"start":{"line":66,"column":8},"end":{"line":66,"column":26}},"37":{"start":{"line":70,"column":4},"end":{"line":70,"column":15}},"38":{"start":{"line":73,"column":2},"end":{"line":78,"column":23}},"39":{"start":{"line":75,"column":4},"end":{"line":77,"column":5}},"40":{"start":{"line":76,"column":6},"end":{"line":76,"column":37}},"41":{"start":{"line":80,"column":26},"end":{"line":88,"column":4}},"42":{"start":{"line":81,"column":4},"end":{"line":81,"column":34}},"43":{"start":{"line":81,"column":22},"end":{"line":81,"column":34}},"44":{"start":{"line":82,"column":18},"end":{"line":82,"column":43}},"45":{"start":{"line":83,"column":4},"end":{"line":87,"column":6}},"46":{"start":{"line":86,"column":31},"end":{"line":86,"column":75}},"47":{"start":{"line":90,"column":2},"end":{"line":97,"column":3}},"48":{"start":{"line":91,"column":4},"end":{"line":96,"column":6}},"49":{"start":{"line":99,"column":2},"end":{"line":115,"column":3}},"50":{"start":{"line":100,"column":4},"end":{"line":114,"column":6}},"51":{"start":{"line":108,"column":25},"end":{"line":108,"column":49}},"52":{"start":{"line":117,"column":2},"end":{"line":185,"column":3}},"53":{"start":{"line":146,"column":29},"end":{"line":146,"column":59}},"54":{"start":{"line":154,"column":12},"end":{"line":168,"column":18}}},"fnMap":{"0":{"name":"App","decl":{"start":{"line":11,"column":9},"end":{"line":11,"column":12}},"loc":{"start":{"line":11,"column":15},"end":{"line":187,"column":1}},"line":11},"1":{"name":"(anonymous_1)","decl":{"start":{"line":25,"column":12},"end":{"line":25,"column":13}},"loc":{"start":{"line":25,"column":18},"end":{"line":46,"column":3}},"line":25},"2":{"name":"(anonymous_2)","decl":{"start":{"line":26,"column":25},"end":{"line":26,"column":26}},"loc":{"start":{"line":26,"column":31},"end":{"line":29,"column":5}},"line":26},"3":{"name":"(anonymous_3)","decl":{"start":{"line":32,"column":26},"end":{"line":32,"column":27}},"loc":{"start":{"line":32,"column":33},"end":{"line":37,"column":5}},"line":32},"4":{"name":"(anonymous_4)","decl":{"start":{"line":42,"column":11},"end":{"line":42,"column":12}},"loc":{"start":{"line":42,"column":17},"end":{"line":45,"column":5}},"line":42},"5":{"name":"(anonymous_5)","decl":{"start":{"line":48,"column":23},"end":{"line":48,"column":24}},"loc":{"start":{"line":48,"column":40},"end":{"line":55,"column":3}},"line":48},"6":{"name":"(anonymous_6)","decl":{"start":{"line":57,"column":12},"end":{"line":57,"column":13}},"loc":{"start":{"line":57,"column":18},"end":{"line":71,"column":3}},"line":57},"7":{"name":"loadData","decl":{"start":{"line":58,"column":19},"end":{"line":58,"column":27}},"loc":{"start":{"line":58,"column":30},"end":{"line":68,"column":5}},"line":58},"8":{"name":"(anonymous_8)","decl":{"start":{"line":73,"column":12},"end":{"line":73,"column":13}},"loc":{"start":{"line":73,"column":18},"end":{"line":78,"column":3}},"line":73},"9":{"name":"(anonymous_9)","decl":{"start":{"line":80,"column":41},"end":{"line":80,"column":42}},"loc":{"start":{"line":80,"column":49},"end":{"line":88,"column":3}},"line":80},"10":{"name":"(anonymous_10)","decl":{"start":{"line":86,"column":23},"end":{"line":86,"column":24}},"loc":{"start":{"line":86,"column":31},"end":{"line":86,"column":75}},"line":86},"11":{"name":"(anonymous_11)","decl":{"start":{"line":108,"column":19},"end":{"line":108,"column":20}},"loc":{"start":{"line":108,"column":25},"end":{"line":108,"column":49}},"line":108},"12":{"name":"(anonymous_12)","decl":{"start":{"line":146,"column":22},"end":{"line":146,"column":23}},"loc":{"start":{"line":146,"column":29},"end":{"line":146,"column":59}},"line":146},"13":{"name":"(anonymous_13)","decl":{"start":{"line":153,"column":20},"end":{"line":153,"column":21}},"loc":{"start":{"line":154,"column":12},"end":{"line":168,"column":18}},"line":154}},"branchMap":{"0":{"loc":{"start":{"line":33,"column":6},"end":{"line":36,"column":7}},"type":"if","locations":[{"start":{"line":33,"column":6},"end":{"line":36,"column":7}},{"start":{},"end":{}}],"line":33},"1":{"loc":{"start":{"line":33,"column":10},"end":{"line":33,"column":51}},"type":"binary-expr","locations":[{"start":{"line":33,"column":11},"end":{"line":33,"column":20}},{"start":{"line":33,"column":24},"end":{"line":33,"column":33}},{"start":{"line":33,"column":38},"end":{"line":33,"column":51}}],"line":33},"2":{"loc":{"start":{"line":49,"column":4},"end":{"line":54,"column":5}},"type":"if","locations":[{"start":{"line":49,"column":4},"end":{"line":54,"column":5}},{"start":{},"end":{}}],"line":49},"3":{"loc":{"start":{"line":51,"column":6},"end":{"line":53,"column":7}},"type":"if","locations":[{"start":{"line":51,"column":6},"end":{"line":53,"column":7}},{"start":{},"end":{}}],"line":51},"4":{"loc":{"start":{"line":64,"column":17},"end":{"line":64,"column":61}},"type":"binary-expr","locations":[{"start":{"line":64,"column":17},"end":{"line":64,"column":28}},{"start":{"line":64,"column":32},"end":{"line":64,"column":61}}],"line":64},"5":{"loc":{"start":{"line":75,"column":4},"end":{"line":77,"column":5}},"type":"if","locations":[{"start":{"line":75,"column":4},"end":{"line":77,"column":5}},{"start":{},"end":{}}],"line":75},"6":{"loc":{"start":{"line":75,"column":8},"end":{"line":75,"column":52}},"type":"binary-expr","locations":[{"start":{"line":75,"column":8},"end":{"line":75,"column":16}},{"start":{"line":75,"column":20},"end":{"line":75,"column":26}},{"start":{"line":75,"column":30},"end":{"line":75,"column":52}}],"line":75},"7":{"loc":{"start":{"line":81,"column":4},"end":{"line":81,"column":34}},"type":"if","locations":[{"start":{"line":81,"column":4},"end":{"line":81,"column":34}},{"start":{},"end":{}}],"line":81},"8":{"loc":{"start":{"line":84,"column":6},"end":{"line":86,"column":76}},"type":"binary-expr","locations":[{"start":{"line":84,"column":6},"end":{"line":84,"column":45}},{"start":{"line":85,"column":6},"end":{"line":85,"column":40}},{"start":{"line":86,"column":6},"end":{"line":86,"column":76}}],"line":84},"9":{"loc":{"start":{"line":90,"column":2},"end":{"line":97,"column":3}},"type":"if","locations":[{"start":{"line":90,"column":2},"end":{"line":97,"column":3}},{"start":{},"end":{}}],"line":90},"10":{"loc":{"start":{"line":99,"column":2},"end":{"line":115,"column":3}},"type":"if","locations":[{"start":{"line":99,"column":2},"end":{"line":115,"column":3}},{"start":{},"end":{}}],"line":99},"11":{"loc":{"start":{"line":118,"column":56},"end":{"line":118,"column":102}},"type":"cond-expr","locations":[{"start":{"line":118,"column":65},"end":{"line":118,"column":84}},{"start":{"line":118,"column":87},"end":{"line":118,"column":102}}],"line":118},"12":{"loc":{"start":{"line":160,"column":17},"end":{"line":160,"column":65}},"type":"binary-expr","locations":[{"start":{"line":160,"column":17},"end":{"line":160,"column":31}},{"start":{"line":160,"column":35},"end":{"line":160,"column":65}}],"line":160}},"s":{"0":0,"1":0,"2":0,"3":0,"4":0,"5":0,"6":0,"7":0,"8":0,"9":0,"10":0,"11":0,"12":0,"13":0,"14":0,"15":0,"16":0,"17":0,"18":0,"19":0,"20":0,"21":0,"22":0,"23":0,"24":0,"25":0,"26":0,"27":0,"28":0,"29":0,"30":0,"31":0,"32":0,"33":0,"34":0,"35":0,"36":0,"37":0,"38":0,"39":0,"40":0,"41":0,"42":0,"43":0,"44":0,"45":0,"46":0,"47":0,"48":0,"49":0,"50":0,"51":0,"52":0,"53":0,"54":0},"f":{"0":0,"1":0,"2":0,"3":0,"4":0,"5":0,"6":0,"7":0,"8":0,"9":0,"10":0,"11":0,"12":0,"13":0},"b":{"0":[0,0],"1":[0,0,0],"2":[0,0],"3":[0,0],"4":[0,0],"5":[0,0],"6":[0,0,0],"7":[0,0],"8":[0,0,0],"9":[0,0],"10":[0,0],"11":[0,0],"12":[0,0]}}
,"/Users/jonyen/Projects/tekmetric-interview/frontend/src/i18n.js": {"path":"/Users/jonyen/Projects/tekmetric-interview/frontend/src/i18n.js","statementMap":{"0":{"start":{"line":12,"column":18},"end":{"line":28,"column":1}},"1":{"start":{"line":30,"column":0},"end":{"line":39,"column":5}}},"fnMap":{},"branchMap":{},"s":{"0":0,"1":0},"f":{},"b":{}}
,"/Users/jonyen/Projects/tekmetric-interview/frontend/src/components/BarChart.js": {"path":"/Users/jonyen/Projects/tekmetric-interview/frontend/src/components/BarChart.js","statementMap":{"0":{"start":{"line":6,"column":17},"end":{"line":38,"column":1}},"1":{"start":{"line":7,"column":2},"end":{"line":7,"column":31}},"2":{"start":{"line":7,"column":14},"end":{"line":7,"column":31}},"3":{"start":{"line":9,"column":2},"end":{"line":37,"column":4}},"4":{"start":{"line":12,"column":22},"end":{"line":18,"column":60}},"5":{"start":{"line":19,"column":26},"end":{"line":21,"column":9}},"6":{"start":{"line":22,"column":8},"end":{"line":34,"column":10}},"7":{"start":{"line":27,"column":48},"end":{"line":27,"column":56}},"8":{"start":{"line":40,"column":0},"end":{"line":49,"column":2}}},"fnMap":{"0":{"name":"(anonymous_0)","decl":{"start":{"line":6,"column":17},"end":{"line":6,"column":18}},"loc":{"start":{"line":6,"column":32},"end":{"line":38,"column":1}},"line":6},"1":{"name":"(anonymous_1)","decl":{"start":{"line":11,"column":17},"end":{"line":11,"column":18}},"loc":{"start":{"line":11,"column":32},"end":{"line":35,"column":7}},"line":11},"2":{"name":"(anonymous_2)","decl":{"start":{"line":27,"column":42},"end":{"line":27,"column":43}},"loc":{"start":{"line":27,"column":48},"end":{"line":27,"column":56}},"line":27}},"branchMap":{"0":{"loc":{"start":{"line":7,"column":2},"end":{"line":7,"column":31}},"type":"if","locations":[{"start":{"line":7,"column":2},"end":{"line":7,"column":31}},{"start":{},"end":{}}],"line":7},"1":{"loc":{"start":{"line":12,"column":22},"end":{"line":18,"column":60}},"type":"cond-expr","locations":[{"start":{"line":13,"column":12},"end":{"line":13,"column":20}},{"start":{"line":14,"column":12},"end":{"line":18,"column":60}}],"line":12},"2":{"loc":{"start":{"line":14,"column":12},"end":{"line":18,"column":60}},"type":"cond-expr","locations":[{"start":{"line":15,"column":12},"end":{"line":15,"column":20}},{"start":{"line":16,"column":12},"end":{"line":18,"column":60}}],"line":14},"3":{"loc":{"start":{"line":16,"column":12},"end":{"line":18,"column":60}},"type":"cond-expr","locations":[{"start":{"line":17,"column":12},"end":{"line":17,"column":17}},{"start":{"line":18,"column":12},"end":{"line":18,"column":60}}],"line":16}},"s":{"0":1,"1":8,"2":2,"3":6,"4":14,"5":14,"6":14,"7":0,"8":1},"f":{"0":8,"1":14,"2":0},"b":{"0":[2,6],"1":[2,12],"2":[2,10],"3":[2,8]},"_coverageSchema":"1a1c01bbd47fc00a2c39e90264f33305004495a9","hash":"eb889594b9dea4b9030a5bd27a62e1976933a618"}
,"/Users/jonyen/Projects/tekmetric-interview/frontend/src/components/DarkModeToggle.js": {"path":"/Users/jonyen/Projects/tekmetric-interview/frontend/src/components/DarkModeToggle.js","statementMap":{"0":{"start":{"line":6,"column":23},"end":{"line":25,"column":1}},"1":{"start":{"line":7,"column":34},"end":{"line":7,"column":44}},"2":{"start":{"line":8,"column":16},"end":{"line":8,"column":32}},"3":{"start":{"line":10,"column":2},"end":{"line":24,"column":4}},"4":{"start":{"line":27,"column":0},"end":{"line":27,"column":30}}},"fnMap":{"0":{"name":"(anonymous_0)","decl":{"start":{"line":6,"column":23},"end":{"line":6,"column":24}},"loc":{"start":{"line":6,"column":29},"end":{"line":25,"column":1}},"line":6}},"branchMap":{"0":{"loc":{"start":{"line":14,"column":18},"end":{"line":14,"column":61}},"type":"cond-expr","locations":[{"start":{"line":14,"column":27},"end":{"line":14,"column":43}},{"start":{"line":14,"column":46},"end":{"line":14,"column":61}}],"line":14},"1":{"loc":{"start":{"line":15,"column":13},"end":{"line":15,"column":72}},"type":"cond-expr","locations":[{"start":{"line":15,"column":22},"end":{"line":15,"column":46}},{"start":{"line":15,"column":49},"end":{"line":15,"column":72}}],"line":15},"2":{"loc":{"start":{"line":18,"column":9},"end":{"line":18,"column":29}},"type":"cond-expr","locations":[{"start":{"line":18,"column":18},"end":{"line":18,"column":22}},{"start":{"line":18,"column":25},"end":{"line":18,"column":29}}],"line":18},"3":{"loc":{"start":{"line":21,"column":9},"end":{"line":21,"column":52}},"type":"cond-expr","locations":[{"start":{"line":21,"column":18},"end":{"line":21,"column":34}},{"start":{"line":21,"column":37},"end":{"line":21,"column":52}}],"line":21}},"s":{"0":0,"1":0,"2":0,"3":0,"4":0},"f":{"0":0},"b":{"0":[0,0],"1":[0,0],"2":[0,0],"3":[0,0]}}
,"/Users/jonyen/Projects/tekmetric-interview/frontend/src/components/ErrorBoundary.js": {"path":"/Users/jonyen/Projects/tekmetric-interview/frontend/src/components/ErrorBoundary.js","statementMap":{"0":{"start":{"line":7,"column":4},"end":{"line":7,"column":17}},"1":{"start":{"line":8,"column":4},"end":{"line":12,"column":6}},"2":{"start":{"line":16,"column":4},"end":{"line":16,"column":30}},"3":{"start":{"line":20,"column":4},"end":{"line":20,"column":70}},"4":{"start":{"line":21,"column":4},"end":{"line":24,"column":7}},"5":{"start":{"line":30,"column":16},"end":{"line":41,"column":3}},"6":{"start":{"line":31,"column":4},"end":{"line":35,"column":7}},"7":{"start":{"line":38,"column":4},"end":{"line":40,"column":5}},"8":{"start":{"line":39,"column":6},"end":{"line":39,"column":27}},"9":{"start":{"line":44,"column":4},"end":{"line":78,"column":5}},"10":{"start":{"line":46,"column":6},"end":{"line":48,"column":7}},"11":{"start":{"line":47,"column":8},"end":{"line":47,"column":71}},"12":{"start":{"line":51,"column":6},"end":{"line":77,"column":8}},"13":{"start":{"line":80,"column":4},"end":{"line":80,"column":31}},"14":{"start":{"line":84,"column":0},"end":{"line":88,"column":2}}},"fnMap":{"0":{"name":"(anonymous_0)","decl":{"start":{"line":6,"column":2},"end":{"line":6,"column":3}},"loc":{"start":{"line":6,"column":21},"end":{"line":13,"column":3}},"line":6},"1":{"name":"(anonymous_1)","decl":{"start":{"line":15,"column":2},"end":{"line":15,"column":3}},"loc":{"start":{"line":15,"column":41},"end":{"line":17,"column":3}},"line":15},"2":{"name":"(anonymous_2)","decl":{"start":{"line":19,"column":2},"end":{"line":19,"column":3}},"loc":{"start":{"line":19,"column":38},"end":{"line":28,"column":3}},"line":19},"3":{"name":"(anonymous_3)","decl":{"start":{"line":30,"column":16},"end":{"line":30,"column":17}},"loc":{"start":{"line":30,"column":22},"end":{"line":41,"column":3}},"line":30},"4":{"name":"(anonymous_4)","decl":{"start":{"line":43,"column":2},"end":{"line":43,"column":3}},"loc":{"start":{"line":43,"column":11},"end":{"line":81,"column":3}},"line":43}},"branchMap":{"0":{"loc":{"start":{"line":38,"column":4},"end":{"line":40,"column":5}},"type":"if","locations":[{"start":{"line":38,"column":4},"end":{"line":40,"column":5}},{"start":{},"end":{}}],"line":38},"1":{"loc":{"start":{"line":44,"column":4},"end":{"line":78,"column":5}},"type":"if","locations":[{"start":{"line":44,"column":4},"end":{"line":78,"column":5}},{"start":{},"end":{}}],"line":44},"2":{"loc":{"start":{"line":46,"column":6},"end":{"line":48,"column":7}},"type":"if","locations":[{"start":{"line":46,"column":6},"end":{"line":48,"column":7}},{"start":{},"end":{}}],"line":46},"3":{"loc":{"start":{"line":58,"column":13},"end":{"line":58,"column":72}},"type":"binary-expr","locations":[{"start":{"line":58,"column":13},"end":{"line":58,"column":38}},{"start":{"line":58,"column":42},"end":{"line":58,"column":72}}],"line":58},"4":{"loc":{"start":{"line":60,"column":11},"end":{"line":69,"column":11}},"type":"binary-expr","locations":[{"start":{"line":60,"column":11},"end":{"line":60,"column":49}},{"start":{"line":60,"column":53},"end":{"line":60,"column":73}},{"start":{"line":61,"column":12},"end":{"line":68,"column":22}}],"line":60}},"s":{"0":0,"1":0,"2":0,"3":0,"4":0,"5":0,"6":0,"7":0,"8":0,"9":0,"10":0,"11":0,"12":0,"13":0,"14":0},"f":{"0":0,"1":0,"2":0,"3":0,"4":0},"b":{"0":[0,0],"1":[0,0],"2":[0,0],"3":[0,0],"4":[0,0,0]}}
,"/Users/jonyen/Projects/tekmetric-interview/frontend/src/components/KeyboardNavigation.js": {"path":"/Users/jonyen/Projects/tekmetric-interview/frontend/src/components/KeyboardNavigation.js","statementMap":{"0":{"start":{"line":4,"column":37},"end":{"line":48,"column":1}},"1":{"start":{"line":5,"column":24},"end":{"line":45,"column":3}},"2":{"start":{"line":8,"column":22},"end":{"line":8,"column":52}},"3":{"start":{"line":9,"column":4},"end":{"line":11,"column":5}},"4":{"start":{"line":10,"column":6},"end":{"line":10,"column":13}},"5":{"start":{"line":13,"column":4},"end":{"line":13,"column":33}},"6":{"start":{"line":13,"column":26},"end":{"line":13,"column":33}},"7":{"start":{"line":15,"column":32},"end":{"line":15,"column":66}},"8":{"start":{"line":17,"column":4},"end":{"line":44,"column":5}},"9":{"start":{"line":19,"column":8},"end":{"line":19,"column":27}},"10":{"start":{"line":20,"column":8},"end":{"line":20,"column":60}},"11":{"start":{"line":21,"column":8},"end":{"line":21,"column":14}},"12":{"start":{"line":23,"column":8},"end":{"line":23,"column":27}},"13":{"start":{"line":24,"column":8},"end":{"line":24,"column":73}},"14":{"start":{"line":25,"column":8},"end":{"line":25,"column":14}},"15":{"start":{"line":27,"column":8},"end":{"line":27,"column":27}},"16":{"start":{"line":28,"column":8},"end":{"line":28,"column":60}},"17":{"start":{"line":29,"column":8},"end":{"line":29,"column":14}},"18":{"start":{"line":31,"column":8},"end":{"line":31,"column":27}},"19":{"start":{"line":32,"column":8},"end":{"line":32,"column":73}},"20":{"start":{"line":33,"column":8},"end":{"line":33,"column":14}},"21":{"start":{"line":35,"column":8},"end":{"line":35,"column":27}},"22":{"start":{"line":36,"column":8},"end":{"line":36,"column":49}},"23":{"start":{"line":37,"column":8},"end":{"line":37,"column":14}},"24":{"start":{"line":39,"column":8},"end":{"line":39,"column":27}},"25":{"start":{"line":40,"column":8},"end":{"line":40,"column":59}},"26":{"start":{"line":41,"column":8},"end":{"line":41,"column":14}},"27":{"start":{"line":43,"column":8},"end":{"line":43,"column":14}},"28":{"start":{"line":47,"column":2},"end":{"line":47,"column":23}},"29":{"start":{"line":50,"column":41},"end":{"line":64,"column":1}},"30":{"start":{"line":51,"column":24},"end":{"line":51,"column":65}},"31":{"start":{"line":53,"column":2},"end":{"line":63,"column":4}},"32":{"start":{"line":66,"column":0},"end":{"line":72,"column":2}}},"fnMap":{"0":{"name":"(anonymous_0)","decl":{"start":{"line":4,"column":37},"end":{"line":4,"column":38}},"loc":{"start":{"line":4,"column":61},"end":{"line":48,"column":1}},"line":4},"1":{"name":"(anonymous_1)","decl":{"start":{"line":5,"column":24},"end":{"line":5,"column":25}},"loc":{"start":{"line":5,"column":31},"end":{"line":45,"column":3}},"line":5},"2":{"name":"(anonymous_2)","decl":{"start":{"line":50,"column":41},"end":{"line":50,"column":42}},"loc":{"start":{"line":50,"column":101},"end":{"line":64,"column":1}},"line":50}},"branchMap":{"0":{"loc":{"start":{"line":9,"column":4},"end":{"line":11,"column":5}},"type":"if","locations":[{"start":{"line":9,"column":4},"end":{"line":11,"column":5}},{"start":{},"end":{}}],"line":9},"1":{"loc":{"start":{"line":9,"column":8},"end":{"line":9,"column":76}},"type":"binary-expr","locations":[{"start":{"line":9,"column":8},"end":{"line":9,"column":29}},{"start":{"line":9,"column":33},"end":{"line":9,"column":50}},{"start":{"line":9,"column":54},"end":{"line":9,"column":76}}],"line":9},"2":{"loc":{"start":{"line":13,"column":4},"end":{"line":13,"column":33}},"type":"if","locations":[{"start":{"line":13,"column":4},"end":{"line":13,"column":33}},{"start":{},"end":{}}],"line":13},"3":{"loc":{"start":{"line":17,"column":4},"end":{"line":44,"column":5}},"type":"switch","locations":[{"start":{"line":18,"column":6},"end":{"line":21,"column":14}},{"start":{"line":22,"column":6},"end":{"line":25,"column":14}},{"start":{"line":26,"column":6},"end":{"line":29,"column":14}},{"start":{"line":30,"column":6},"end":{"line":33,"column":14}},{"start":{"line":34,"column":6},"end":{"line":37,"column":14}},{"start":{"line":38,"column":6},"end":{"line":41,"column":14}},{"start":{"line":42,"column":6},"end":{"line":43,"column":14}}],"line":17}},"s":{"0":1,"1":16,"2":13,"3":13,"4":3,"5":10,"6":1,"7":9,"8":9,"9":1,"10":1,"11":1,"12":2,"13":2,"14":2,"15":1,"16":1,"17":1,"18":2,"19":2,"20":2,"21":1,"22":1,"23":1,"24":1,"25":1,"26":1,"27":1,"28":16,"29":1,"30":13,"31":13,"32":1},"f":{"0":16,"1":13,"2":13},"b":{"0":[3,10],"1":[13,12,11],"2":[1,9],"3":[1,2,1,2,1,1,1]},"_coverageSchema":"1a1c01bbd47fc00a2c39e90264f33305004495a9","hash":"e0ed37e37351e93ce55dcbc88b0fb55aea27aa69"}
,"/Users/jonyen/Projects/tekmetric-interview/frontend/src/components/LanguageSwitcher.js": {"path":"/Users/jonyen/Projects/tekmetric-interview/frontend/src/components/LanguageSwitcher.js","statementMap":{"0":{"start":{"line":5,"column":25},"end":{"line":40,"column":1}},"1":{"start":{"line":6,"column":22},"end":{"line":6,"column":38}},"2":{"start":{"line":8,"column":20},"end":{"line":14,"column":3}},"3":{"start":{"line":16,"column":25},"end":{"line":18,"column":3}},"4":{"start":{"line":17,"column":4},"end":{"line":17,"column":29}},"5":{"start":{"line":20,"column":2},"end":{"line":39,"column":4}},"6":{"start":{"line":28,"column":25},"end":{"line":28,"column":55}},"7":{"start":{"line":33,"column":10},"end":{"line":35,"column":19}},"8":{"start":{"line":42,"column":0},"end":{"line":42,"column":32}}},"fnMap":{"0":{"name":"(anonymous_0)","decl":{"start":{"line":5,"column":25},"end":{"line":5,"column":26}},"loc":{"start":{"line":5,"column":31},"end":{"line":40,"column":1}},"line":5},"1":{"name":"(anonymous_1)","decl":{"start":{"line":16,"column":25},"end":{"line":16,"column":26}},"loc":{"start":{"line":16,"column":34},"end":{"line":18,"column":3}},"line":16},"2":{"name":"(anonymous_2)","decl":{"start":{"line":28,"column":18},"end":{"line":28,"column":19}},"loc":{"start":{"line":28,"column":25},"end":{"line":28,"column":55}},"line":28},"3":{"name":"(anonymous_3)","decl":{"start":{"line":32,"column":23},"end":{"line":32,"column":24}},"loc":{"start":{"line":33,"column":10},"end":{"line":35,"column":19}},"line":33}},"branchMap":{},"s":{"0":0,"1":0,"2":0,"3":0,"4":0,"5":0,"6":0,"7":0,"8":0},"f":{"0":0,"1":0,"2":0,"3":0},"b":{}}
,"/Users/jonyen/Projects/tekmetric-interview/frontend/src/components/Table.js": {"path":"/Users/jonyen/Projects/tekmetric-interview/frontend/src/components/Table.js","statementMap":{"0":{"start":{"line":6,"column":14},"end":{"line":20,"column":1}},"1":{"start":{"line":7,"column":2},"end":{"line":19,"column":4}},"2":{"start":{"line":22,"column":0},"end":{"line":29,"column":2}}},"fnMap":{"0":{"name":"(anonymous_0)","decl":{"start":{"line":6,"column":14},"end":{"line":6,"column":15}},"loc":{"start":{"line":6,"column":98},"end":{"line":20,"column":1}},"line":6}},"branchMap":{},"s":{"0":0,"1":0,"2":0},"f":{"0":0},"b":{}}
,"/Users/jonyen/Projects/tekmetric-interview/frontend/src/components/TableBody.js": {"path":"/Users/jonyen/Projects/tekmetric-interview/frontend/src/components/TableBody.js","statementMap":{"0":{"start":{"line":11,"column":13},"end":{"line":11,"column":22}},"1":{"start":{"line":13,"column":18},"end":{"line":112,"column":1}},"2":{"start":{"line":14,"column":16},"end":{"line":14,"column":32}},"3":{"start":{"line":15,"column":23},"end":{"line":17,"column":3}},"4":{"start":{"line":16,"column":4},"end":{"line":16,"column":44}},"5":{"start":{"line":19,"column":19},"end":{"line":19,"column":58}},"6":{"start":{"line":21,"column":14},"end":{"line":91,"column":3}},"7":{"start":{"line":22,"column":20},"end":{"line":22,"column":42}},"8":{"start":{"line":23,"column":19},"end":{"line":23,"column":27}},"9":{"start":{"line":25,"column":4},"end":{"line":29,"column":16}},"10":{"start":{"line":26,"column":6},"end":{"line":28,"column":7}},"11":{"start":{"line":27,"column":8},"end":{"line":27,"column":75}},"12":{"start":{"line":31,"column":4},"end":{"line":33,"column":5}},"13":{"start":{"line":32,"column":6},"end":{"line":32,"column":18}},"14":{"start":{"line":35,"column":19},"end":{"line":35,"column":58}},"15":{"start":{"line":36,"column":19},"end":{"line":36,"column":58}},"16":{"start":{"line":38,"column":4},"end":{"line":90,"column":6}},"17":{"start":{"line":58,"column":14},"end":{"line":64,"column":21}},"18":{"start":{"line":93,"column":2},"end":{"line":111,"column":4}},"19":{"start":{"line":114,"column":0},"end":{"line":121,"column":2}}},"fnMap":{"0":{"name":"(anonymous_0)","decl":{"start":{"line":13,"column":18},"end":{"line":13,"column":19}},"loc":{"start":{"line":13,"column":102},"end":{"line":112,"column":1}},"line":13},"1":{"name":"(anonymous_1)","decl":{"start":{"line":15,"column":23},"end":{"line":15,"column":24}},"loc":{"start":{"line":15,"column":34},"end":{"line":17,"column":3}},"line":15},"2":{"name":"(anonymous_2)","decl":{"start":{"line":21,"column":14},"end":{"line":21,"column":15}},"loc":{"start":{"line":21,"column":36},"end":{"line":91,"column":3}},"line":21},"3":{"name":"(anonymous_3)","decl":{"start":{"line":25,"column":14},"end":{"line":25,"column":15}},"loc":{"start":{"line":25,"column":20},"end":{"line":29,"column":5}},"line":25},"4":{"name":"(anonymous_4)","decl":{"start":{"line":57,"column":32},"end":{"line":57,"column":33}},"loc":{"start":{"line":58,"column":14},"end":{"line":64,"column":21}},"line":58}},"branchMap":{"0":{"loc":{"start":{"line":16,"column":11},"end":{"line":16,"column":43}},"type":"binary-expr","locations":[{"start":{"line":16,"column":11},"end":{"line":16,"column":36}},{"start":{"line":16,"column":40},"end":{"line":16,"column":43}}],"line":16},"1":{"loc":{"start":{"line":26,"column":6},"end":{"line":28,"column":7}},"type":"if","locations":[{"start":{"line":26,"column":6},"end":{"line":28,"column":7}},{"start":{},"end":{}}],"line":26},"2":{"loc":{"start":{"line":31,"column":4},"end":{"line":33,"column":5}},"type":"if","locations":[{"start":{"line":31,"column":4},"end":{"line":33,"column":5}},{"start":{},"end":{}}],"line":31},"3":{"loc":{"start":{"line":57,"column":13},"end":{"line":65,"column":27}},"type":"binary-expr","locations":[{"start":{"line":57,"column":13},"end":{"line":65,"column":14}},{"start":{"line":65,"column":18},"end":{"line":65,"column":27}}],"line":57},"4":{"loc":{"start":{"line":84,"column":9},"end":{"line":88,"column":9}},"type":"binary-expr","locations":[{"start":{"line":84,"column":9},"end":{"line":84,"column":18}},{"start":{"line":85,"column":10},"end":{"line":87,"column":17}}],"line":84},"5":{"loc":{"start":{"line":102,"column":32},"end":{"line":102,"column":52}},"type":"cond-expr","locations":[{"start":{"line":102,"column":43},"end":{"line":102,"column":46}},{"start":{"line":102,"column":49},"end":{"line":102,"column":52}}],"line":102}},"s":{"0":0,"1":0,"2":0,"3":0,"4":0,"5":0,"6":0,"7":0,"8":0,"9":0,"10":0,"11":0,"12":0,"13":0,"14":0,"15":0,"16":0,"17":0,"18":0,"19":0},"f":{"0":0,"1":0,"2":0,"3":0,"4":0},"b":{"0":[0,0],"1":[0,0],"2":[0,0],"3":[0,0],"4":[0,0],"5":[0,0]}}
,"/Users/jonyen/Projects/tekmetric-interview/frontend/src/components/TableCell.js": {"path":"/Users/jonyen/Projects/tekmetric-interview/frontend/src/components/TableCell.js","statementMap":{"0":{"start":{"line":3,"column":25},"end":{"line":7,"column":1}},"1":{"start":{"line":4,"column":2},"end":{"line":6,"column":8}},"2":{"start":{"line":9,"column":31},"end":{"line":9,"column":40}}},"fnMap":{"0":{"name":"(anonymous_0)","decl":{"start":{"line":3,"column":25},"end":{"line":3,"column":26}},"loc":{"start":{"line":4,"column":2},"end":{"line":6,"column":8}},"line":4}},"branchMap":{},"s":{"0":0,"1":0,"2":0},"f":{"0":0},"b":{}}
,"/Users/jonyen/Projects/tekmetric-interview/frontend/src/components/TableHeader.js": {"path":"/Users/jonyen/Projects/tekmetric-interview/frontend/src/components/TableHeader.js","statementMap":{"0":{"start":{"line":7,"column":20},"end":{"line":22,"column":1}},"1":{"start":{"line":8,"column":16},"end":{"line":8,"column":32}},"2":{"start":{"line":10,"column":2},"end":{"line":21,"column":4}},"3":{"start":{"line":24,"column":0},"end":{"line":26,"column":2}}},"fnMap":{"0":{"name":"(anonymous_0)","decl":{"start":{"line":7,"column":20},"end":{"line":7,"column":21}},"loc":{"start":{"line":7,"column":38},"end":{"line":22,"column":1}},"line":7}},"branchMap":{"0":{"loc":{"start":{"line":18,"column":9},"end":{"line":18,"column":157}},"type":"binary-expr","locations":[{"start":{"line":18,"column":9},"end":{"line":18,"column":18}},{"start":{"line":18,"column":22},"end":{"line":18,"column":157}}],"line":18}},"s":{"0":0,"1":0,"2":0,"3":0},"f":{"0":0},"b":{"0":[0,0]}}
,"/Users/jonyen/Projects/tekmetric-interview/frontend/src/contexts/ThemeContext.js": {"path":"/Users/jonyen/Projects/tekmetric-interview/frontend/src/contexts/ThemeContext.js","statementMap":{"0":{"start":{"line":3,"column":21},"end":{"line":3,"column":36}},"1":{"start":{"line":5,"column":24},"end":{"line":11,"column":1}},"2":{"start":{"line":6,"column":18},"end":{"line":6,"column":42}},"3":{"start":{"line":7,"column":2},"end":{"line":9,"column":3}},"4":{"start":{"line":8,"column":4},"end":{"line":8,"column":68}},"5":{"start":{"line":10,"column":2},"end":{"line":10,"column":17}},"6":{"start":{"line":13,"column":29},"end":{"line":56,"column":1}},"7":{"start":{"line":15,"column":26},"end":{"line":25,"column":3}},"8":{"start":{"line":16,"column":23},"end":{"line":16,"column":52}},"9":{"start":{"line":17,"column":4},"end":{"line":19,"column":5}},"10":{"start":{"line":18,"column":6},"end":{"line":18,"column":24}},"11":{"start":{"line":21,"column":4},"end":{"line":23,"column":5}},"12":{"start":{"line":22,"column":6},"end":{"line":22,"column":20}},"13":{"start":{"line":24,"column":4},"end":{"line":24,"column":19}},"14":{"start":{"line":27,"column":28},"end":{"line":27,"column":53}},"15":{"start":{"line":29,"column":2},"end":{"line":39,"column":14}},"16":{"start":{"line":31,"column":4},"end":{"line":31,"column":41}},"17":{"start":{"line":34,"column":4},"end":{"line":38,"column":5}},"18":{"start":{"line":35,"column":6},"end":{"line":35,"column":53}},"19":{"start":{"line":37,"column":6},"end":{"line":37,"column":56}},"20":{"start":{"line":41,"column":22},"end":{"line":43,"column":3}},"21":{"start":{"line":42,"column":4},"end":{"line":42,"column":68}},"22":{"start":{"line":42,"column":26},"end":{"line":42,"column":66}},"23":{"start":{"line":45,"column":16},"end":{"line":49,"column":3}},"24":{"start":{"line":51,"column":2},"end":{"line":55,"column":4}}},"fnMap":{"0":{"name":"(anonymous_0)","decl":{"start":{"line":5,"column":24},"end":{"line":5,"column":25}},"loc":{"start":{"line":5,"column":30},"end":{"line":11,"column":1}},"line":5},"1":{"name":"(anonymous_1)","decl":{"start":{"line":13,"column":29},"end":{"line":13,"column":30}},"loc":{"start":{"line":13,"column":47},"end":{"line":56,"column":1}},"line":13},"2":{"name":"(anonymous_2)","decl":{"start":{"line":15,"column":26},"end":{"line":15,"column":27}},"loc":{"start":{"line":15,"column":32},"end":{"line":25,"column":3}},"line":15},"3":{"name":"(anonymous_3)","decl":{"start":{"line":29,"column":12},"end":{"line":29,"column":13}},"loc":{"start":{"line":29,"column":18},"end":{"line":39,"column":3}},"line":29},"4":{"name":"(anonymous_4)","decl":{"start":{"line":41,"column":22},"end":{"line":41,"column":23}},"loc":{"start":{"line":41,"column":28},"end":{"line":43,"column":3}},"line":41},"5":{"name":"(anonymous_5)","decl":{"start":{"line":42,"column":13},"end":{"line":42,"column":14}},"loc":{"start":{"line":42,"column":26},"end":{"line":42,"column":66}},"line":42}},"branchMap":{"0":{"loc":{"start":{"line":7,"column":2},"end":{"line":9,"column":3}},"type":"if","locations":[{"start":{"line":7,"column":2},"end":{"line":9,"column":3}},{"start":{},"end":{}}],"line":7},"1":{"loc":{"start":{"line":17,"column":4},"end":{"line":19,"column":5}},"type":"if","locations":[{"start":{"line":17,"column":4},"end":{"line":19,"column":5}},{"start":{},"end":{}}],"line":17},"2":{"loc":{"start":{"line":21,"column":4},"end":{"line":23,"column":5}},"type":"if","locations":[{"start":{"line":21,"column":4},"end":{"line":23,"column":5}},{"start":{},"end":{}}],"line":21},"3":{"loc":{"start":{"line":21,"column":8},"end":{"line":21,"column":86}},"type":"binary-expr","locations":[{"start":{"line":21,"column":8},"end":{"line":21,"column":25}},{"start":{"line":21,"column":29},"end":{"line":21,"column":86}}],"line":21},"4":{"loc":{"start":{"line":34,"column":4},"end":{"line":38,"column":5}},"type":"if","locations":[{"start":{"line":34,"column":4},"end":{"line":38,"column":5}},{"start":{"line":36,"column":11},"end":{"line":38,"column":5}}],"line":34},"5":{"loc":{"start":{"line":42,"column":26},"end":{"line":42,"column":66}},"type":"cond-expr","locations":[{"start":{"line":42,"column":50},"end":{"line":42,"column":56}},{"start":{"line":42,"column":59},"end":{"line":42,"column":66}}],"line":42}},"s":{"0":1,"1":1,"2":9,"3":9,"4":2,"5":7,"6":1,"7":15,"8":14,"9":14,"10":3,"11":11,"12":1,"13":2,"14":15,"15":7,"16":7,"17":7,"18":4,"19":3,"20":7,"21":1,"22":1,"23":7,"24":7},"f":{"0":9,"1":15,"2":14,"3":7,"4":1,"5":1},"b":{"0":[2,7],"1":[3,11],"2":[1,2],"3":[11,9],"4":[4,3],"5":[0,1]},"_coverageSchema":"1a1c01bbd47fc00a2c39e90264f33305004495a9","hash":"5f8ae20daa0a9423065348322c6518dd074073b4"}
,"/Users/jonyen/Projects/tekmetric-interview/frontend/src/lib/cache.js": {"path":"/Users/jonyen/Projects/tekmetric-interview/frontend/src/lib/cache.js","statementMap":{"0":{"start":{"line":6,"column":21},"end":{"line":6,"column":37}},"1":{"start":{"line":7,"column":22},"end":{"line":7,"column":26}},"2":{"start":{"line":8,"column":20},"end":{"line":8,"column":39}},"3":{"start":{"line":15,"column":28},"end":{"line":37,"column":1}},"4":{"start":{"line":16,"column":2},"end":{"line":36,"column":3}},"5":{"start":{"line":17,"column":21},"end":{"line":17,"column":61}},"6":{"start":{"line":18,"column":19},"end":{"line":18,"column":49}},"7":{"start":{"line":20,"column":4},"end":{"line":22,"column":5}},"8":{"start":{"line":21,"column":6},"end":{"line":21,"column":18}},"9":{"start":{"line":24,"column":29},"end":{"line":24,"column":47}},"10":{"start":{"line":27,"column":4},"end":{"line":30,"column":5}},"11":{"start":{"line":28,"column":6},"end":{"line":28,"column":40}},"12":{"start":{"line":29,"column":6},"end":{"line":29,"column":18}},"13":{"start":{"line":32,"column":4},"end":{"line":32,"column":16}},"14":{"start":{"line":34,"column":4},"end":{"line":34,"column":54}},"15":{"start":{"line":35,"column":4},"end":{"line":35,"column":16}},"16":{"start":{"line":45,"column":26},"end":{"line":73,"column":1}},"17":{"start":{"line":46,"column":2},"end":{"line":72,"column":3}},"18":{"start":{"line":47,"column":21},"end":{"line":47,"column":61}},"19":{"start":{"line":48,"column":19},"end":{"line":48,"column":35}},"20":{"start":{"line":50,"column":22},"end":{"line":54,"column":5}},"21":{"start":{"line":56,"column":4},"end":{"line":56,"column":62}},"22":{"start":{"line":58,"column":4},"end":{"line":58,"column":52}},"23":{"start":{"line":60,"column":4},"end":{"line":71,"column":5}},"24":{"start":{"line":61,"column":6},"end":{"line":61,"column":26}},"25":{"start":{"line":63,"column":6},"end":{"line":70,"column":7}},"26":{"start":{"line":64,"column":25},"end":{"line":64,"column":65}},"27":{"start":{"line":65,"column":23},"end":{"line":65,"column":39}},"28":{"start":{"line":66,"column":26},"end":{"line":66,"column":64}},"29":{"start":{"line":67,"column":8},"end":{"line":67,"column":66}},"30":{"start":{"line":69,"column":8},"end":{"line":69,"column":68}},"31":{"start":{"line":79,"column":31},"end":{"line":86,"column":1}},"32":{"start":{"line":80,"column":2},"end":{"line":85,"column":3}},"33":{"start":{"line":81,"column":21},"end":{"line":81,"column":61}},"34":{"start":{"line":82,"column":4},"end":{"line":82,"column":38}},"35":{"start":{"line":84,"column":4},"end":{"line":84,"column":55}},"36":{"start":{"line":91,"column":33},"end":{"line":115,"column":1}},"37":{"start":{"line":92,"column":2},"end":{"line":114,"column":3}},"38":{"start":{"line":93,"column":17},"end":{"line":93,"column":42}},"39":{"start":{"line":94,"column":16},"end":{"line":94,"column":26}},"40":{"start":{"line":96,"column":4},"end":{"line":111,"column":7}},"41":{"start":{"line":97,"column":6},"end":{"line":110,"column":7}},"42":{"start":{"line":98,"column":8},"end":{"line":109,"column":9}},"43":{"start":{"line":99,"column":25},"end":{"line":99,"column":50}},"44":{"start":{"line":100,"column":10},"end":{"line":105,"column":11}},"45":{"start":{"line":101,"column":31},"end":{"line":101,"column":49}},"46":{"start":{"line":102,"column":12},"end":{"line":104,"column":13}},"47":{"start":{"line":103,"column":14},"end":{"line":103,"column":43}},"48":{"start":{"line":108,"column":10},"end":{"line":108,"column":39}},"49":{"start":{"line":113,"column":4},"end":{"line":113,"column":58}},"50":{"start":{"line":120,"column":29},"end":{"line":131,"column":1}},"51":{"start":{"line":121,"column":2},"end":{"line":130,"column":3}},"52":{"start":{"line":122,"column":17},"end":{"line":122,"column":42}},"53":{"start":{"line":123,"column":4},"end":{"line":127,"column":7}},"54":{"start":{"line":124,"column":6},"end":{"line":126,"column":7}},"55":{"start":{"line":125,"column":8},"end":{"line":125,"column":37}},"56":{"start":{"line":129,"column":4},"end":{"line":129,"column":54}},"57":{"start":{"line":137,"column":29},"end":{"line":175,"column":1}},"58":{"start":{"line":138,"column":2},"end":{"line":174,"column":3}},"59":{"start":{"line":139,"column":17},"end":{"line":139,"column":42}},"60":{"start":{"line":140,"column":22},"end":{"line":140,"column":70}},"61":{"start":{"line":140,"column":41},"end":{"line":140,"column":69}},"62":{"start":{"line":141,"column":16},"end":{"line":141,"column":26}},"63":{"start":{"line":143,"column":20},"end":{"line":143,"column":21}},"64":{"start":{"line":144,"column":23},"end":{"line":144,"column":24}},"65":{"start":{"line":145,"column":25},"end":{"line":145,"column":26}},"66":{"start":{"line":147,"column":4},"end":{"line":162,"column":7}},"67":{"start":{"line":148,"column":6},"end":{"line":161,"column":7}},"68":{"start":{"line":149,"column":23},"end":{"line":149,"column":48}},"69":{"start":{"line":150,"column":8},"end":{"line":158,"column":9}},"70":{"start":{"line":151,"column":10},"end":{"line":151,"column":37}},"71":{"start":{"line":152,"column":29},"end":{"line":152,"column":47}},"72":{"start":{"line":153,"column":10},"end":{"line":157,"column":11}},"73":{"start":{"line":154,"column":12},"end":{"line":154,"column":29}},"74":{"start":{"line":156,"column":12},"end":{"line":156,"column":27}},"75":{"start":{"line":164,"column":4},"end":{"line":170,"column":6}},"76":{"start":{"line":172,"column":4},"end":{"line":172,"column":55}},"77":{"start":{"line":173,"column":4},"end":{"line":173,"column":16}}},"fnMap":{"0":{"name":"(anonymous_0)","decl":{"start":{"line":15,"column":28},"end":{"line":15,"column":29}},"loc":{"start":{"line":15,"column":37},"end":{"line":37,"column":1}},"line":15},"1":{"name":"(anonymous_1)","decl":{"start":{"line":45,"column":26},"end":{"line":45,"column":27}},"loc":{"start":{"line":45,"column":60},"end":{"line":73,"column":1}},"line":45},"2":{"name":"(anonymous_2)","decl":{"start":{"line":79,"column":31},"end":{"line":79,"column":32}},"loc":{"start":{"line":79,"column":40},"end":{"line":86,"column":1}},"line":79},"3":{"name":"(anonymous_3)","decl":{"start":{"line":91,"column":33},"end":{"line":91,"column":34}},"loc":{"start":{"line":91,"column":39},"end":{"line":115,"column":1}},"line":91},"4":{"name":"(anonymous_4)","decl":{"start":{"line":96,"column":17},"end":{"line":96,"column":18}},"loc":{"start":{"line":96,"column":26},"end":{"line":111,"column":5}},"line":96},"5":{"name":"(anonymous_5)","decl":{"start":{"line":120,"column":29},"end":{"line":120,"column":30}},"loc":{"start":{"line":120,"column":35},"end":{"line":131,"column":1}},"line":120},"6":{"name":"(anonymous_6)","decl":{"start":{"line":123,"column":17},"end":{"line":123,"column":18}},"loc":{"start":{"line":123,"column":26},"end":{"line":127,"column":5}},"line":123},"7":{"name":"(anonymous_7)","decl":{"start":{"line":137,"column":29},"end":{"line":137,"column":30}},"loc":{"start":{"line":137,"column":35},"end":{"line":175,"column":1}},"line":137},"8":{"name":"(anonymous_8)","decl":{"start":{"line":140,"column":34},"end":{"line":140,"column":35}},"loc":{"start":{"line":140,"column":41},"end":{"line":140,"column":69}},"line":140},"9":{"name":"(anonymous_9)","decl":{"start":{"line":147,"column":22},"end":{"line":147,"column":23}},"loc":{"start":{"line":147,"column":31},"end":{"line":162,"column":5}},"line":147}},"branchMap":{"0":{"loc":{"start":{"line":20,"column":4},"end":{"line":22,"column":5}},"type":"if","locations":[{"start":{"line":20,"column":4},"end":{"line":22,"column":5}},{"start":{},"end":{}}],"line":20},"1":{"loc":{"start":{"line":27,"column":4},"end":{"line":30,"column":5}},"type":"if","locations":[{"start":{"line":27,"column":4},"end":{"line":30,"column":5}},{"start":{},"end":{}}],"line":27},"2":{"loc":{"start":{"line":45,"column":38},"end":{"line":45,"column":55}},"type":"default-arg","locations":[{"start":{"line":45,"column":44},"end":{"line":45,"column":55}}],"line":45},"3":{"loc":{"start":{"line":60,"column":4},"end":{"line":71,"column":5}},"type":"if","locations":[{"start":{"line":60,"column":4},"end":{"line":71,"column":5}},{"start":{},"end":{}}],"line":60},"4":{"loc":{"start":{"line":97,"column":6},"end":{"line":110,"column":7}},"type":"if","locations":[{"start":{"line":97,"column":6},"end":{"line":110,"column":7}},{"start":{},"end":{}}],"line":97},"5":{"loc":{"start":{"line":100,"column":10},"end":{"line":105,"column":11}},"type":"if","locations":[{"start":{"line":100,"column":10},"end":{"line":105,"column":11}},{"start":{},"end":{}}],"line":100},"6":{"loc":{"start":{"line":102,"column":12},"end":{"line":104,"column":13}},"type":"if","locations":[{"start":{"line":102,"column":12},"end":{"line":104,"column":13}},{"start":{},"end":{}}],"line":102},"7":{"loc":{"start":{"line":124,"column":6},"end":{"line":126,"column":7}},"type":"if","locations":[{"start":{"line":124,"column":6},"end":{"line":126,"column":7}},{"start":{},"end":{}}],"line":124},"8":{"loc":{"start":{"line":150,"column":8},"end":{"line":158,"column":9}},"type":"if","locations":[{"start":{"line":150,"column":8},"end":{"line":158,"column":9}},{"start":{},"end":{}}],"line":150},"9":{"loc":{"start":{"line":153,"column":10},"end":{"line":157,"column":11}},"type":"if","locations":[{"start":{"line":153,"column":10},"end":{"line":157,"column":11}},{"start":{"line":155,"column":17},"end":{"line":157,"column":11}}],"line":153}},"s":{"0":1,"1":1,"2":1,"3":1,"4":12,"5":12,"6":12,"7":11,"8":4,"9":7,"10":6,"11":1,"12":1,"13":5,"14":2,"15":2,"16":1,"17":23,"18":23,"19":23,"20":23,"21":23,"22":3,"23":3,"24":2,"25":2,"26":2,"27":2,"28":2,"29":2,"30":2,"31":1,"32":2,"33":2,"34":2,"35":1,"36":1,"37":6,"38":6,"39":6,"40":6,"41":5,"42":4,"43":4,"44":4,"45":4,"46":3,"47":2,"48":1,"49":0,"50":1,"51":2,"52":2,"53":2,"54":3,"55":2,"56":1,"57":1,"58":6,"59":6,"60":6,"61":9,"62":6,"63":6,"64":6,"65":6,"66":6,"67":8,"68":8,"69":8,"70":6,"71":6,"72":5,"73":1,"74":4,"75":6,"76":0,"77":0},"f":{"0":12,"1":23,"2":2,"3":6,"4":5,"5":2,"6":3,"7":6,"8":9,"9":8},"b":{"0":[4,7],"1":[1,5],"2":[16],"3":[2,1],"4":[4,1],"5":[4,0],"6":[2,1],"7":[2,1],"8":[6,2],"9":[1,4]},"_coverageSchema":"1a1c01bbd47fc00a2c39e90264f33305004495a9","hash":"6ad2998d0b2ccd649bc295474d62d14eca601af2"}
,"/Users/jonyen/Projects/tekmetric-interview/frontend/src/lib/data.js": {"path":"/Users/jonyen/Projects/tekmetric-interview/frontend/src/lib/data.js","statementMap":{"0":{"start":{"line":3,"column":23},"end":{"line":3,"column":27}},"1":{"start":{"line":4,"column":25},"end":{"line":4,"column":52}},"2":{"start":{"line":5,"column":30},"end":{"line":5,"column":43}},"3":{"start":{"line":10,"column":30},"end":{"line":50,"column":1}},"4":{"start":{"line":11,"column":2},"end":{"line":49,"column":3}},"5":{"start":{"line":12,"column":21},"end":{"line":17,"column":6}},"6":{"start":{"line":19,"column":4},"end":{"line":25,"column":5}},"7":{"start":{"line":20,"column":6},"end":{"line":24,"column":8}},"8":{"start":{"line":27,"column":17},"end":{"line":27,"column":38}},"9":{"start":{"line":30,"column":4},"end":{"line":36,"column":5}},"10":{"start":{"line":31,"column":6},"end":{"line":35,"column":8}},"11":{"start":{"line":38,"column":4},"end":{"line":42,"column":6}},"12":{"start":{"line":44,"column":4},"end":{"line":48,"column":6}},"13":{"start":{"line":52,"column":32},"end":{"line":93,"column":1}},"14":{"start":{"line":53,"column":2},"end":{"line":92,"column":3}},"15":{"start":{"line":55,"column":23},"end":{"line":55,"column":58}},"16":{"start":{"line":56,"column":4},"end":{"line":59,"column":5}},"17":{"start":{"line":57,"column":6},"end":{"line":57,"column":55}},"18":{"start":{"line":58,"column":6},"end":{"line":58,"column":24}},"19":{"start":{"line":62,"column":24},"end":{"line":62,"column":46}},"20":{"start":{"line":63,"column":4},"end":{"line":66,"column":5}},"21":{"start":{"line":64,"column":6},"end":{"line":64,"column":69}},"22":{"start":{"line":65,"column":6},"end":{"line":65,"column":43}},"23":{"start":{"line":68,"column":4},"end":{"line":68,"column":53}},"24":{"start":{"line":69,"column":27},"end":{"line":69,"column":29}},"25":{"start":{"line":70,"column":4},"end":{"line":79,"column":5}},"26":{"start":{"line":70,"column":17},"end":{"line":70,"column":18}},"27":{"start":{"line":71,"column":6},"end":{"line":78,"column":8}},"28":{"start":{"line":73,"column":28},"end":{"line":73,"column":64}},"29":{"start":{"line":75,"column":12},"end":{"line":75,"column":33}},"30":{"start":{"line":76,"column":12},"end":{"line":76,"column":24}},"31":{"start":{"line":81,"column":19},"end":{"line":81,"column":52}},"32":{"start":{"line":82,"column":25},"end":{"line":82,"column":55}},"33":{"start":{"line":82,"column":44},"end":{"line":82,"column":54}},"34":{"start":{"line":85,"column":4},"end":{"line":85,"column":52}},"35":{"start":{"line":86,"column":4},"end":{"line":86,"column":57}},"36":{"start":{"line":88,"column":4},"end":{"line":88,"column":24}},"37":{"start":{"line":90,"column":4},"end":{"line":90,"column":25}},"38":{"start":{"line":91,"column":4},"end":{"line":91,"column":14}},"39":{"start":{"line":99,"column":38},"end":{"line":102,"column":1}},"40":{"start":{"line":100,"column":2},"end":{"line":100,"column":41}},"41":{"start":{"line":101,"column":2},"end":{"line":101,"column":43}}},"fnMap":{"0":{"name":"(anonymous_0)","decl":{"start":{"line":10,"column":30},"end":{"line":10,"column":31}},"loc":{"start":{"line":10,"column":42},"end":{"line":50,"column":1}},"line":10},"1":{"name":"(anonymous_1)","decl":{"start":{"line":52,"column":32},"end":{"line":52,"column":33}},"loc":{"start":{"line":52,"column":44},"end":{"line":93,"column":1}},"line":52},"2":{"name":"(anonymous_2)","decl":{"start":{"line":73,"column":16},"end":{"line":73,"column":17}},"loc":{"start":{"line":73,"column":28},"end":{"line":73,"column":64}},"line":73},"3":{"name":"(anonymous_3)","decl":{"start":{"line":74,"column":17},"end":{"line":74,"column":18}},"loc":{"start":{"line":74,"column":26},"end":{"line":77,"column":11}},"line":74},"4":{"name":"(anonymous_4)","decl":{"start":{"line":82,"column":39},"end":{"line":82,"column":40}},"loc":{"start":{"line":82,"column":44},"end":{"line":82,"column":54}},"line":82},"5":{"name":"(anonymous_5)","decl":{"start":{"line":99,"column":38},"end":{"line":99,"column":39}},"loc":{"start":{"line":99,"column":44},"end":{"line":102,"column":1}},"line":99}},"branchMap":{"0":{"loc":{"start":{"line":19,"column":4},"end":{"line":25,"column":5}},"type":"if","locations":[{"start":{"line":19,"column":4},"end":{"line":25,"column":5}},{"start":{},"end":{}}],"line":19},"1":{"loc":{"start":{"line":30,"column":4},"end":{"line":36,"column":5}},"type":"if","locations":[{"start":{"line":30,"column":4},"end":{"line":36,"column":5}},{"start":{},"end":{}}],"line":30},"2":{"loc":{"start":{"line":30,"column":8},"end":{"line":30,"column":30}},"type":"binary-expr","locations":[{"start":{"line":30,"column":8},"end":{"line":30,"column":18}},{"start":{"line":30,"column":22},"end":{"line":30,"column":30}}],"line":30},"3":{"loc":{"start":{"line":56,"column":4},"end":{"line":59,"column":5}},"type":"if","locations":[{"start":{"line":56,"column":4},"end":{"line":59,"column":5}},{"start":{},"end":{}}],"line":56},"4":{"loc":{"start":{"line":63,"column":4},"end":{"line":66,"column":5}},"type":"if","locations":[{"start":{"line":63,"column":4},"end":{"line":66,"column":5}},{"start":{},"end":{}}],"line":63},"5":{"loc":{"start":{"line":73,"column":28},"end":{"line":73,"column":64}},"type":"cond-expr","locations":[{"start":{"line":73,"column":42},"end":{"line":73,"column":57}},{"start":{"line":73,"column":60},"end":{"line":73,"column":64}}],"line":73}},"s":{"0":0,"1":0,"2":0,"3":0,"4":0,"5":0,"6":0,"7":0,"8":0,"9":0,"10":0,"11":0,"12":0,"13":0,"14":0,"15":0,"16":0,"17":0,"18":0,"19":0,"20":0,"21":0,"22":0,"23":0,"24":0,"25":0,"26":0,"27":0,"28":0,"29":0,"30":0,"31":0,"32":0,"33":0,"34":0,"35":0,"36":0,"37":0,"38":0,"39":0,"40":0,"41":0},"f":{"0":0,"1":0,"2":0,"3":0,"4":0,"5":0},"b":{"0":[0,0],"1":[0,0],"2":[0,0],"3":[0,0],"4":[0,0],"5":[0,0]}}
,"/Users/jonyen/Projects/tekmetric-interview/frontend/src/lib/styles.js": {"path":"/Users/jonyen/Projects/tekmetric-interview/frontend/src/lib/styles.js","statementMap":{"0":{"start":{"line":1,"column":29},"end":{"line":8,"column":1}},"1":{"start":{"line":10,"column":26},"end":{"line":29,"column":1}},"2":{"start":{"line":31,"column":31},"end":{"line":41,"column":1}},"3":{"start":{"line":43,"column":35},"end":{"line":53,"column":1}},"4":{"start":{"line":56,"column":26},"end":{"line":56,"column":66}},"5":{"start":{"line":56,"column":40},"end":{"line":56,"column":66}},"6":{"start":{"line":57,"column":35},"end":{"line":57,"column":78}},"7":{"start":{"line":57,"column":49},"end":{"line":57,"column":78}},"8":{"start":{"line":58,"column":17},"end":{"line":59,"column":114}},"9":{"start":{"line":59,"column":2},"end":{"line":59,"column":114}},"10":{"start":{"line":62,"column":23},"end":{"line":101,"column":1}},"11":{"start":{"line":73,"column":27},"end":{"line":73,"column":151}},"12":{"start":{"line":75,"column":24},"end":{"line":75,"column":195}},"13":{"start":{"line":76,"column":23},"end":{"line":76,"column":102}},"14":{"start":{"line":77,"column":25},"end":{"line":77,"column":91}},"15":{"start":{"line":81,"column":29},"end":{"line":81,"column":249}},"16":{"start":{"line":83,"column":38},"end":{"line":83,"column":74}},"17":{"start":{"line":85,"column":31},"end":{"line":85,"column":187}},"18":{"start":{"line":88,"column":24},"end":{"line":88,"column":79}},"19":{"start":{"line":89,"column":27},"end":{"line":89,"column":118}},"20":{"start":{"line":100,"column":24},"end":{"line":100,"column":201}}},"fnMap":{"0":{"name":"(anonymous_0)","decl":{"start":{"line":56,"column":26},"end":{"line":56,"column":27}},"loc":{"start":{"line":56,"column":40},"end":{"line":56,"column":66}},"line":56},"1":{"name":"(anonymous_1)","decl":{"start":{"line":57,"column":35},"end":{"line":57,"column":36}},"loc":{"start":{"line":57,"column":49},"end":{"line":57,"column":78}},"line":57},"2":{"name":"(anonymous_2)","decl":{"start":{"line":58,"column":17},"end":{"line":58,"column":18}},"loc":{"start":{"line":59,"column":2},"end":{"line":59,"column":114}},"line":59},"3":{"name":"(anonymous_3)","decl":{"start":{"line":73,"column":13},"end":{"line":73,"column":14}},"loc":{"start":{"line":73,"column":27},"end":{"line":73,"column":151}},"line":73},"4":{"name":"(anonymous_4)","decl":{"start":{"line":75,"column":10},"end":{"line":75,"column":11}},"loc":{"start":{"line":75,"column":24},"end":{"line":75,"column":195}},"line":75},"5":{"name":"(anonymous_5)","decl":{"start":{"line":76,"column":9},"end":{"line":76,"column":10}},"loc":{"start":{"line":76,"column":23},"end":{"line":76,"column":102}},"line":76},"6":{"name":"(anonymous_6)","decl":{"start":{"line":77,"column":11},"end":{"line":77,"column":12}},"loc":{"start":{"line":77,"column":25},"end":{"line":77,"column":91}},"line":77},"7":{"name":"(anonymous_7)","decl":{"start":{"line":81,"column":15},"end":{"line":81,"column":16}},"loc":{"start":{"line":81,"column":29},"end":{"line":81,"column":249}},"line":81},"8":{"name":"(anonymous_8)","decl":{"start":{"line":83,"column":24},"end":{"line":83,"column":25}},"loc":{"start":{"line":83,"column":38},"end":{"line":83,"column":74}},"line":83},"9":{"name":"(anonymous_9)","decl":{"start":{"line":85,"column":17},"end":{"line":85,"column":18}},"loc":{"start":{"line":85,"column":31},"end":{"line":85,"column":187}},"line":85},"10":{"name":"(anonymous_10)","decl":{"start":{"line":88,"column":10},"end":{"line":88,"column":11}},"loc":{"start":{"line":88,"column":24},"end":{"line":88,"column":79}},"line":88},"11":{"name":"(anonymous_11)","decl":{"start":{"line":89,"column":13},"end":{"line":89,"column":14}},"loc":{"start":{"line":89,"column":27},"end":{"line":89,"column":118}},"line":89},"12":{"name":"(anonymous_12)","decl":{"start":{"line":100,"column":10},"end":{"line":100,"column":11}},"loc":{"start":{"line":100,"column":24},"end":{"line":100,"column":201}},"line":100}},"branchMap":{"0":{"loc":{"start":{"line":56,"column":40},"end":{"line":56,"column":66}},"type":"cond-expr","locations":[{"start":{"line":56,"column":51},"end":{"line":56,"column":57}},{"start":{"line":56,"column":60},"end":{"line":56,"column":66}}],"line":56},"1":{"loc":{"start":{"line":57,"column":49},"end":{"line":57,"column":78}},"type":"cond-expr","locations":[{"start":{"line":57,"column":60},"end":{"line":57,"column":68}},{"start":{"line":57,"column":71},"end":{"line":57,"column":78}}],"line":57},"2":{"loc":{"start":{"line":58,"column":28},"end":{"line":58,"column":50}},"type":"default-arg","locations":[{"start":{"line":58,"column":48},"end":{"line":58,"column":50}}],"line":58},"3":{"loc":{"start":{"line":59,"column":64},"end":{"line":59,"column":112}},"type":"cond-expr","locations":[{"start":{"line":59,"column":84},"end":{"line":59,"column":107}},{"start":{"line":59,"column":110},"end":{"line":59,"column":112}}],"line":59},"4":{"loc":{"start":{"line":73,"column":81},"end":{"line":73,"column":118}},"type":"cond-expr","locations":[{"start":{"line":73,"column":92},"end":{"line":73,"column":104}},{"start":{"line":73,"column":107},"end":{"line":73,"column":118}}],"line":73},"5":{"loc":{"start":{"line":75,"column":122},"end":{"line":75,"column":162}},"type":"cond-expr","locations":[{"start":{"line":75,"column":133},"end":{"line":75,"column":148}},{"start":{"line":75,"column":151},"end":{"line":75,"column":162}}],"line":75},"6":{"loc":{"start":{"line":76,"column":60},"end":{"line":76,"column":100}},"type":"cond-expr","locations":[{"start":{"line":76,"column":71},"end":{"line":76,"column":84}},{"start":{"line":76,"column":87},"end":{"line":76,"column":100}}],"line":76},"7":{"loc":{"start":{"line":77,"column":55},"end":{"line":77,"column":89}},"type":"cond-expr","locations":[{"start":{"line":77,"column":66},"end":{"line":77,"column":75}},{"start":{"line":77,"column":78},"end":{"line":77,"column":89}}],"line":77},"8":{"loc":{"start":{"line":81,"column":180},"end":{"line":81,"column":216}},"type":"cond-expr","locations":[{"start":{"line":81,"column":191},"end":{"line":81,"column":204}},{"start":{"line":81,"column":207},"end":{"line":81,"column":216}}],"line":81},"9":{"loc":{"start":{"line":85,"column":34},"end":{"line":85,"column":74}},"type":"cond-expr","locations":[{"start":{"line":85,"column":45},"end":{"line":85,"column":58}},{"start":{"line":85,"column":61},"end":{"line":85,"column":74}}],"line":85}},"s":{"0":0,"1":0,"2":0,"3":0,"4":0,"5":0,"6":0,"7":0,"8":0,"9":0,"10":0,"11":0,"12":0,"13":0,"14":0,"15":0,"16":0,"17":0,"18":0,"19":0,"20":0},"f":{"0":0,"1":0,"2":0,"3":0,"4":0,"5":0,"6":0,"7":0,"8":0,"9":0,"10":0,"11":0,"12":0},"b":{"0":[0,0],"1":[0,0],"2":[0],"3":[0,0],"4":[0,0],"5":[0,0],"6":[0,0],"7":[0,0],"8":[0,0],"9":[0,0]}}
,"/Users/jonyen/Projects/tekmetric-interview/frontend/src/lib/utils.js": {"path":"/Users/jonyen/Projects/tekmetric-interview/frontend/src/lib/utils.js","statementMap":{"0":{"start":{"line":1,"column":29},"end":{"line":19,"column":1}},"1":{"start":{"line":2,"column":2},"end":{"line":2,"column":32}},"2":{"start":{"line":2,"column":15},"end":{"line":2,"column":32}},"3":{"start":{"line":4,"column":2},"end":{"line":6,"column":3}},"4":{"start":{"line":5,"column":4},"end":{"line":5,"column":43}},"5":{"start":{"line":8,"column":22},"end":{"line":8,"column":45}},"6":{"start":{"line":9,"column":13},"end":{"line":9,"column":41}},"7":{"start":{"line":10,"column":15},"end":{"line":10,"column":43}},"8":{"start":{"line":13,"column":2},"end":{"line":16,"column":3}},"9":{"start":{"line":14,"column":4},"end":{"line":14,"column":14}},"10":{"start":{"line":15,"column":4},"end":{"line":15,"column":15}},"11":{"start":{"line":18,"column":2},"end":{"line":18,"column":58}},"12":{"start":{"line":21,"column":29},"end":{"line":29,"column":1}},"13":{"start":{"line":22,"column":2},"end":{"line":22,"column":32}},"14":{"start":{"line":22,"column":15},"end":{"line":22,"column":32}},"15":{"start":{"line":24,"column":2},"end":{"line":26,"column":3}},"16":{"start":{"line":25,"column":4},"end":{"line":25,"column":44}},"17":{"start":{"line":28,"column":2},"end":{"line":28,"column":54}},"18":{"start":{"line":31,"column":26},"end":{"line":34,"column":1}},"19":{"start":{"line":32,"column":2},"end":{"line":32,"column":22}},"20":{"start":{"line":32,"column":12},"end":{"line":32,"column":22}},"21":{"start":{"line":33,"column":2},"end":{"line":33,"column":52}}},"fnMap":{"0":{"name":"(anonymous_0)","decl":{"start":{"line":1,"column":29},"end":{"line":1,"column":30}},"loc":{"start":{"line":1,"column":51},"end":{"line":19,"column":1}},"line":1},"1":{"name":"(anonymous_1)","decl":{"start":{"line":21,"column":29},"end":{"line":21,"column":30}},"loc":{"start":{"line":21,"column":51},"end":{"line":29,"column":1}},"line":21},"2":{"name":"(anonymous_2)","decl":{"start":{"line":31,"column":26},"end":{"line":31,"column":27}},"loc":{"start":{"line":31,"column":35},"end":{"line":34,"column":1}},"line":31}},"branchMap":{"0":{"loc":{"start":{"line":2,"column":2},"end":{"line":2,"column":32}},"type":"if","locations":[{"start":{"line":2,"column":2},"end":{"line":2,"column":32}},{"start":{},"end":{}}],"line":2},"1":{"loc":{"start":{"line":4,"column":2},"end":{"line":6,"column":3}},"type":"if","locations":[{"start":{"line":4,"column":2},"end":{"line":6,"column":3}},{"start":{},"end":{}}],"line":4},"2":{"loc":{"start":{"line":13,"column":2},"end":{"line":16,"column":3}},"type":"if","locations":[{"start":{"line":13,"column":2},"end":{"line":16,"column":3}},{"start":{},"end":{}}],"line":13},"3":{"loc":{"start":{"line":18,"column":9},"end":{"line":18,"column":57}},"type":"cond-expr","locations":[{"start":{"line":18,"column":24},"end":{"line":18,"column":34}},{"start":{"line":18,"column":37},"end":{"line":18,"column":57}}],"line":18},"4":{"loc":{"start":{"line":22,"column":2},"end":{"line":22,"column":32}},"type":"if","locations":[{"start":{"line":22,"column":2},"end":{"line":22,"column":32}},{"start":{},"end":{}}],"line":22},"5":{"loc":{"start":{"line":24,"column":2},"end":{"line":26,"column":3}},"type":"if","locations":[{"start":{"line":24,"column":2},"end":{"line":26,"column":3}},{"start":{},"end":{}}],"line":24},"6":{"loc":{"start":{"line":32,"column":2},"end":{"line":32,"column":22}},"type":"if","locations":[{"start":{"line":32,"column":2},"end":{"line":32,"column":22}},{"start":{},"end":{}}],"line":32}},"s":{"0":1,"1":11,"2":4,"3":7,"4":3,"5":4,"6":4,"7":4,"8":4,"9":0,"10":0,"11":4,"12":1,"13":9,"14":4,"15":5,"16":3,"17":2,"18":1,"19":10,"20":3,"21":7},"f":{"0":11,"1":9,"2":10},"b":{"0":[4,7],"1":[3,4],"2":[0,4],"3":[0,4],"4":[4,5],"5":[3,2],"6":[3,7]},"_coverageSchema":"1a1c01bbd47fc00a2c39e90264f33305004495a9","hash":"b1a4c8faa9ce1d4c01ae7cf85febbb8e537bee94"}
}
