{"/Users/alex/work/tekBoard/tekmetric/frontend/server/index.ts": {"path":"/Users/alex/work/tekBoard/tekmetric/frontend/server/index.ts","all":true,"statementMap":{"0":{"start":{"line":1,"column":0},"end":{"line":1,"column":29}},"1":{"start":{"line":2,"column":0},"end":{"line":2,"column":23}},"2":{"start":{"line":3,"column":0},"end":{"line":3,"column":58}},"3":{"start":{"line":4,"column":0},"end":{"line":4,"column":66}},"4":{"start":{"line":5,"column":0},"end":{"line":5,"column":69}},"6":{"start":{"line":7,"column":0},"end":{"line":7,"column":21}},"7":{"start":{"line":8,"column":0},"end":{"line":8,"column":17}},"9":{"start":{"line":10,"column":0},"end":{"line":10,"column":15}},"10":{"start":{"line":11,"column":0},"end":{"line":11,"column":23}},"13":{"start":{"line":14,"column":0},"end":{"line":14,"column":39}},"14":{"start":{"line":15,"column":0},"end":{"line":15,"column":65}},"15":{"start":{"line":16,"column":0},"end":{"line":16,"column":2}},"18":{"start":{"line":19,"column":0},"end":{"line":19,"column":34}},"19":{"start":{"line":20,"column":0},"end":{"line":20,"column":35}},"21":{"start":{"line":22,"column":0},"end":{"line":22,"column":24}},"22":{"start":{"line":23,"column":0},"end":{"line":23,"column":62}},"23":{"start":{"line":24,"column":0},"end":{"line":24,"column":65}},"24":{"start":{"line":25,"column":0},"end":{"line":25,"column":2}}},"s":{"0":0,"1":0,"2":0,"3":0,"4":0,"6":0,"7":0,"9":0,"10":0,"13":0,"14":0,"15":0,"18":0,"19":0,"21":0,"22":0,"23":0,"24":0},"branchMap":{"0":{"type":"branch","line":1,"loc":{"start":{"line":1,"column":0},"end":{"line":25,"column":-352}},"locations":[{"start":{"line":1,"column":0},"end":{"line":25,"column":-352}}]}},"b":{"0":[0]},"fnMap":{"0":{"name":"(empty-report)","decl":{"start":{"line":1,"column":0},"end":{"line":25,"column":-352}},"loc":{"start":{"line":1,"column":0},"end":{"line":25,"column":-352}},"line":1}},"f":{"0":0}}
,"/Users/alex/work/tekBoard/tekmetric/frontend/server/core/middleware/validate.ts": {"path":"/Users/alex/work/tekBoard/tekmetric/frontend/server/core/middleware/validate.ts","all":false,"statementMap":{"1":{"start":{"line":2,"column":0},"end":{"line":2,"column":23}},"7":{"start":{"line":8,"column":0},"end":{"line":8,"column":25}},"8":{"start":{"line":9,"column":0},"end":{"line":9,"column":22}},"9":{"start":{"line":10,"column":0},"end":{"line":10,"column":47}},"10":{"start":{"line":11,"column":0},"end":{"line":11,"column":3}},"11":{"start":{"line":12,"column":0},"end":{"line":12,"column":63}},"12":{"start":{"line":13,"column":0},"end":{"line":13,"column":9}},"13":{"start":{"line":14,"column":0},"end":{"line":14,"column":30}},"14":{"start":{"line":15,"column":0},"end":{"line":15,"column":42}},"18":{"start":{"line":19,"column":0},"end":{"line":19,"column":11}},"19":{"start":{"line":20,"column":0},"end":{"line":20,"column":31}},"20":{"start":{"line":21,"column":0},"end":{"line":21,"column":15}},"21":{"start":{"line":22,"column":0},"end":{"line":22,"column":44}},"22":{"start":{"line":23,"column":0},"end":{"line":23,"column":27}},"23":{"start":{"line":24,"column":0},"end":{"line":24,"column":25}},"24":{"start":{"line":25,"column":0},"end":{"line":25,"column":27}},"25":{"start":{"line":26,"column":0},"end":{"line":26,"column":29}},"26":{"start":{"line":27,"column":0},"end":{"line":27,"column":10}},"27":{"start":{"line":28,"column":0},"end":{"line":28,"column":7}},"29":{"start":{"line":30,"column":0},"end":{"line":30,"column":12}},"30":{"start":{"line":31,"column":0},"end":{"line":31,"column":21}},"31":{"start":{"line":32,"column":0},"end":{"line":32,"column":40}},"32":{"start":{"line":33,"column":0},"end":{"line":33,"column":37}},"33":{"start":{"line":34,"column":0},"end":{"line":34,"column":36}},"34":{"start":{"line":35,"column":0},"end":{"line":35,"column":42}},"35":{"start":{"line":36,"column":0},"end":{"line":36,"column":47}},"36":{"start":{"line":37,"column":0},"end":{"line":37,"column":37}},"37":{"start":{"line":38,"column":0},"end":{"line":38,"column":33}},"38":{"start":{"line":39,"column":0},"end":{"line":39,"column":14}},"39":{"start":{"line":40,"column":0},"end":{"line":40,"column":10}},"40":{"start":{"line":41,"column":0},"end":{"line":41,"column":7}},"42":{"start":{"line":43,"column":0},"end":{"line":43,"column":35}},"43":{"start":{"line":44,"column":0},"end":{"line":44,"column":32}},"44":{"start":{"line":45,"column":0},"end":{"line":45,"column":66}},"45":{"start":{"line":46,"column":0},"end":{"line":46,"column":8}},"46":{"start":{"line":47,"column":0},"end":{"line":47,"column":5}},"47":{"start":{"line":48,"column":0},"end":{"line":48,"column":3}},"48":{"start":{"line":49,"column":0},"end":{"line":49,"column":1}}},"s":{"1":1,"7":1,"8":14,"9":14,"10":14,"11":14,"12":27,"13":27,"14":27,"18":27,"19":27,"20":27,"21":8,"22":8,"23":8,"24":8,"25":8,"26":8,"27":8,"29":18,"30":27,"31":9,"32":9,"33":9,"34":9,"35":9,"36":13,"37":13,"38":9,"39":9,"40":9,"42":0,"43":0,"44":0,"45":0,"46":0,"47":27,"48":14},"branchMap":{"0":{"type":"branch","line":8,"loc":{"start":{"line":8,"column":7},"end":{"line":49,"column":1}},"locations":[{"start":{"line":8,"column":7},"end":{"line":49,"column":1}}]},"1":{"type":"branch","line":12,"loc":{"start":{"line":12,"column":9},"end":{"line":48,"column":3}},"locations":[{"start":{"line":12,"column":9},"end":{"line":48,"column":3}}]},"2":{"type":"branch","line":21,"loc":{"start":{"line":21,"column":6},"end":{"line":28,"column":7}},"locations":[{"start":{"line":21,"column":6},"end":{"line":28,"column":7}}]},"3":{"type":"branch","line":28,"loc":{"start":{"line":28,"column":6},"end":{"line":31,"column":13}},"locations":[{"start":{"line":28,"column":6},"end":{"line":31,"column":13}}]},"4":{"type":"branch","line":31,"loc":{"start":{"line":31,"column":4},"end":{"line":47,"column":5}},"locations":[{"start":{"line":31,"column":4},"end":{"line":47,"column":5}}]},"5":{"type":"branch","line":41,"loc":{"start":{"line":41,"column":6},"end":{"line":47,"column":5}},"locations":[{"start":{"line":41,"column":6},"end":{"line":47,"column":5}}]},"6":{"type":"branch","line":36,"loc":{"start":{"line":36,"column":36},"end":{"line":39,"column":12}},"locations":[{"start":{"line":36,"column":36},"end":{"line":39,"column":12}}]}},"b":{"0":[14],"1":[27],"2":[8],"3":[18],"4":[9],"5":[0],"6":[13]},"fnMap":{"0":{"name":"validate","decl":{"start":{"line":8,"column":7},"end":{"line":49,"column":1}},"loc":{"start":{"line":8,"column":7},"end":{"line":49,"column":1}},"line":8}},"f":{"0":14}}
,"/Users/alex/work/tekBoard/tekmetric/frontend/server/data/db.ts": {"path":"/Users/alex/work/tekBoard/tekmetric/frontend/server/data/db.ts","all":true,"statementMap":{"0":{"start":{"line":1,"column":0},"end":{"line":1,"column":37}},"1":{"start":{"line":2,"column":0},"end":{"line":2,"column":35}},"2":{"start":{"line":3,"column":0},"end":{"line":3,"column":36}},"4":{"start":{"line":5,"column":0},"end":{"line":5,"column":49}},"5":{"start":{"line":6,"column":0},"end":{"line":6,"column":37}},"7":{"start":{"line":8,"column":0},"end":{"line":8,"column":58}},"9":{"start":{"line":10,"column":0},"end":{"line":10,"column":30}},"11":{"start":{"line":12,"column":0},"end":{"line":12,"column":17}}},"s":{"0":0,"1":0,"2":0,"4":0,"5":0,"7":0,"9":0,"11":0},"branchMap":{"0":{"type":"branch","line":1,"loc":{"start":{"line":1,"column":310},"end":{"line":12,"column":17}},"locations":[{"start":{"line":1,"column":310},"end":{"line":12,"column":17}}]}},"b":{"0":[0]},"fnMap":{"0":{"name":"(empty-report)","decl":{"start":{"line":1,"column":310},"end":{"line":12,"column":17}},"loc":{"start":{"line":1,"column":310},"end":{"line":12,"column":17}},"line":1}},"f":{"0":0}}
,"/Users/alex/work/tekBoard/tekmetric/frontend/server/data/schema.ts": {"path":"/Users/alex/work/tekBoard/tekmetric/frontend/server/data/schema.ts","all":true,"statementMap":{"0":{"start":{"line":1,"column":0},"end":{"line":1,"column":24}},"2":{"start":{"line":3,"column":0},"end":{"line":3,"column":9}},"46":{"start":{"line":47,"column":0},"end":{"line":47,"column":2}}},"s":{"0":0,"2":0,"46":0},"branchMap":{"0":{"type":"branch","line":1,"loc":{"start":{"line":1,"column":0},"end":{"line":47,"column":-1416}},"locations":[{"start":{"line":1,"column":0},"end":{"line":47,"column":-1416}}]}},"b":{"0":[0]},"fnMap":{"0":{"name":"(empty-report)","decl":{"start":{"line":1,"column":0},"end":{"line":47,"column":-1416}},"loc":{"start":{"line":1,"column":0},"end":{"line":47,"column":-1416}},"line":1}},"f":{"0":0}}
,"/Users/alex/work/tekBoard/tekmetric/frontend/server/data/seed.ts": {"path":"/Users/alex/work/tekBoard/tekmetric/frontend/server/data/seed.ts","all":true,"statementMap":{"0":{"start":{"line":1,"column":0},"end":{"line":1,"column":39}},"2":{"start":{"line":3,"column":0},"end":{"line":3,"column":8}},"6":{"start":{"line":7,"column":0},"end":{"line":7,"column":8}},"11":{"start":{"line":12,"column":0},"end":{"line":12,"column":35}},"12":{"start":{"line":13,"column":0},"end":{"line":13,"column":3}},"13":{"start":{"line":14,"column":0},"end":{"line":14,"column":19}},"14":{"start":{"line":15,"column":0},"end":{"line":15,"column":25}},"15":{"start":{"line":16,"column":0},"end":{"line":16,"column":19}},"16":{"start":{"line":17,"column":0},"end":{"line":17,"column":44}},"17":{"start":{"line":18,"column":0},"end":{"line":18,"column":17}},"18":{"start":{"line":19,"column":0},"end":{"line":19,"column":4}},"19":{"start":{"line":20,"column":0},"end":{"line":20,"column":3}},"20":{"start":{"line":21,"column":0},"end":{"line":21,"column":19}},"21":{"start":{"line":22,"column":0},"end":{"line":22,"column":27}},"22":{"start":{"line":23,"column":0},"end":{"line":23,"column":19}},"23":{"start":{"line":24,"column":0},"end":{"line":24,"column":42}},"24":{"start":{"line":25,"column":0},"end":{"line":25,"column":17}},"25":{"start":{"line":26,"column":0},"end":{"line":26,"column":4}},"26":{"start":{"line":27,"column":0},"end":{"line":27,"column":3}},"27":{"start":{"line":28,"column":0},"end":{"line":28,"column":19}},"28":{"start":{"line":29,"column":0},"end":{"line":29,"column":23}},"29":{"start":{"line":30,"column":0},"end":{"line":30,"column":19}},"30":{"start":{"line":31,"column":0},"end":{"line":31,"column":39}},"31":{"start":{"line":32,"column":0},"end":{"line":32,"column":17}},"32":{"start":{"line":33,"column":0},"end":{"line":33,"column":4}},"33":{"start":{"line":34,"column":0},"end":{"line":34,"column":3}},"34":{"start":{"line":35,"column":0},"end":{"line":35,"column":19}},"35":{"start":{"line":36,"column":0},"end":{"line":36,"column":23}},"36":{"start":{"line":37,"column":0},"end":{"line":37,"column":19}},"37":{"start":{"line":38,"column":0},"end":{"line":38,"column":43}},"38":{"start":{"line":39,"column":0},"end":{"line":39,"column":17}},"39":{"start":{"line":40,"column":0},"end":{"line":40,"column":4}},"40":{"start":{"line":41,"column":0},"end":{"line":41,"column":1}},"42":{"start":{"line":43,"column":0},"end":{"line":43,"column":15}},"43":{"start":{"line":44,"column":0},"end":{"line":44,"column":10}},"44":{"start":{"line":45,"column":0},"end":{"line":45,"column":11}},"45":{"start":{"line":46,"column":0},"end":{"line":46,"column":9}},"46":{"start":{"line":47,"column":0},"end":{"line":47,"column":14}},"47":{"start":{"line":48,"column":0},"end":{"line":48,"column":8}},"48":{"start":{"line":49,"column":0},"end":{"line":49,"column":10}},"49":{"start":{"line":50,"column":0},"end":{"line":50,"column":10}},"50":{"start":{"line":51,"column":0},"end":{"line":51,"column":11}},"51":{"start":{"line":52,"column":0},"end":{"line":52,"column":12}},"52":{"start":{"line":53,"column":0},"end":{"line":53,"column":15}},"53":{"start":{"line":54,"column":0},"end":{"line":54,"column":1}},"54":{"start":{"line":55,"column":0},"end":{"line":55,"column":42}},"55":{"start":{"line":56,"column":0},"end":{"line":56,"column":46}},"56":{"start":{"line":57,"column":0},"end":{"line":57,"column":49}},"57":{"start":{"line":58,"column":0},"end":{"line":58,"column":51}},"58":{"start":{"line":59,"column":0},"end":{"line":59,"column":57}},"59":{"start":{"line":60,"column":0},"end":{"line":60,"column":44}},"60":{"start":{"line":61,"column":0},"end":{"line":61,"column":54}},"61":{"start":{"line":62,"column":0},"end":{"line":62,"column":44}},"62":{"start":{"line":63,"column":0},"end":{"line":63,"column":54}},"63":{"start":{"line":64,"column":0},"end":{"line":64,"column":55}},"64":{"start":{"line":65,"column":0},"end":{"line":65,"column":53}},"65":{"start":{"line":66,"column":0},"end":{"line":66,"column":1}},"67":{"start":{"line":68,"column":0},"end":{"line":68,"column":18}},"68":{"start":{"line":69,"column":0},"end":{"line":69,"column":15}},"69":{"start":{"line":70,"column":0},"end":{"line":70,"column":21}},"70":{"start":{"line":71,"column":0},"end":{"line":71,"column":18}},"71":{"start":{"line":72,"column":0},"end":{"line":72,"column":22}},"72":{"start":{"line":73,"column":0},"end":{"line":73,"column":25}},"73":{"start":{"line":74,"column":0},"end":{"line":74,"column":17}},"74":{"start":{"line":75,"column":0},"end":{"line":75,"column":24}},"75":{"start":{"line":76,"column":0},"end":{"line":76,"column":20}},"76":{"start":{"line":77,"column":0},"end":{"line":77,"column":18}},"77":{"start":{"line":78,"column":0},"end":{"line":78,"column":27}},"78":{"start":{"line":79,"column":0},"end":{"line":79,"column":27}},"79":{"start":{"line":80,"column":0},"end":{"line":80,"column":26}},"80":{"start":{"line":81,"column":0},"end":{"line":81,"column":22}},"81":{"start":{"line":82,"column":0},"end":{"line":82,"column":19}},"82":{"start":{"line":83,"column":0},"end":{"line":83,"column":1}},"84":{"start":{"line":85,"column":0},"end":{"line":85,"column":32}},"85":{"start":{"line":86,"column":0},"end":{"line":86,"column":51}},"86":{"start":{"line":87,"column":0},"end":{"line":87,"column":20}},"87":{"start":{"line":88,"column":0},"end":{"line":88,"column":19}},"88":{"start":{"line":89,"column":0},"end":{"line":89,"column":58}},"89":{"start":{"line":90,"column":0},"end":{"line":90,"column":12}},"90":{"start":{"line":91,"column":0},"end":{"line":91,"column":1}},"92":{"start":{"line":93,"column":0},"end":{"line":93,"column":34}},"93":{"start":{"line":94,"column":0},"end":{"line":94,"column":46}},"94":{"start":{"line":95,"column":0},"end":{"line":95,"column":30}},"95":{"start":{"line":96,"column":0},"end":{"line":96,"column":264}},"96":{"start":{"line":97,"column":0},"end":{"line":97,"column":1}},"98":{"start":{"line":99,"column":0},"end":{"line":99,"column":45}},"99":{"start":{"line":100,"column":0},"end":{"line":100,"column":48}},"100":{"start":{"line":101,"column":0},"end":{"line":101,"column":56}},"101":{"start":{"line":102,"column":0},"end":{"line":102,"column":57}},"104":{"start":{"line":105,"column":0},"end":{"line":105,"column":25}},"105":{"start":{"line":106,"column":0},"end":{"line":106,"column":32}},"106":{"start":{"line":107,"column":0},"end":{"line":107,"column":46}},"107":{"start":{"line":108,"column":0},"end":{"line":108,"column":40}},"108":{"start":{"line":109,"column":0},"end":{"line":109,"column":42}},"109":{"start":{"line":110,"column":0},"end":{"line":110,"column":38}},"110":{"start":{"line":111,"column":0},"end":{"line":111,"column":3}},"111":{"start":{"line":112,"column":0},"end":{"line":112,"column":87}},"114":{"start":{"line":115,"column":0},"end":{"line":115,"column":40}},"115":{"start":{"line":116,"column":0},"end":{"line":116,"column":27}},"116":{"start":{"line":117,"column":0},"end":{"line":117,"column":60}},"117":{"start":{"line":118,"column":0},"end":{"line":118,"column":60}},"120":{"start":{"line":121,"column":0},"end":{"line":121,"column":85}},"123":{"start":{"line":124,"column":0},"end":{"line":124,"column":59}},"125":{"start":{"line":126,"column":0},"end":{"line":126,"column":76}},"126":{"start":{"line":127,"column":0},"end":{"line":127,"column":58}},"128":{"start":{"line":129,"column":0},"end":{"line":129,"column":10}},"129":{"start":{"line":130,"column":0},"end":{"line":130,"column":51}},"130":{"start":{"line":131,"column":0},"end":{"line":131,"column":11}},"131":{"start":{"line":132,"column":0},"end":{"line":132,"column":43}},"132":{"start":{"line":133,"column":0},"end":{"line":133,"column":41}},"133":{"start":{"line":134,"column":0},"end":{"line":134,"column":43}},"134":{"start":{"line":135,"column":0},"end":{"line":135,"column":23}},"135":{"start":{"line":136,"column":0},"end":{"line":136,"column":23}},"136":{"start":{"line":137,"column":0},"end":{"line":137,"column":25}},"137":{"start":{"line":138,"column":0},"end":{"line":138,"column":89}},"138":{"start":{"line":139,"column":0},"end":{"line":139,"column":31}},"139":{"start":{"line":140,"column":0},"end":{"line":140,"column":35}},"140":{"start":{"line":141,"column":0},"end":{"line":141,"column":67}},"141":{"start":{"line":142,"column":0},"end":{"line":142,"column":41}},"142":{"start":{"line":143,"column":0},"end":{"line":143,"column":39}},"143":{"start":{"line":144,"column":0},"end":{"line":144,"column":26}},"144":{"start":{"line":145,"column":0},"end":{"line":145,"column":13}},"145":{"start":{"line":146,"column":0},"end":{"line":146,"column":64}},"146":{"start":{"line":147,"column":0},"end":{"line":147,"column":60}},"147":{"start":{"line":148,"column":0},"end":{"line":148,"column":22}},"148":{"start":{"line":149,"column":0},"end":{"line":149,"column":61}},"149":{"start":{"line":150,"column":0},"end":{"line":150,"column":45}},"150":{"start":{"line":151,"column":0},"end":{"line":151,"column":73}},"151":{"start":{"line":152,"column":0},"end":{"line":152,"column":3}},"152":{"start":{"line":153,"column":0},"end":{"line":153,"column":1}},"154":{"start":{"line":155,"column":0},"end":{"line":155,"column":25}},"155":{"start":{"line":156,"column":0},"end":{"line":156,"column":39}},"158":{"start":{"line":159,"column":0},"end":{"line":159,"column":45}},"159":{"start":{"line":160,"column":0},"end":{"line":160,"column":43}},"161":{"start":{"line":162,"column":0},"end":{"line":162,"column":62}},"162":{"start":{"line":163,"column":0},"end":{"line":163,"column":64}},"163":{"start":{"line":164,"column":0},"end":{"line":164,"column":59}},"164":{"start":{"line":165,"column":0},"end":{"line":165,"column":62}},"165":{"start":{"line":166,"column":0},"end":{"line":166,"column":10}},"166":{"start":{"line":167,"column":0},"end":{"line":167,"column":3}},"169":{"start":{"line":170,"column":0},"end":{"line":170,"column":44}},"170":{"start":{"line":171,"column":0},"end":{"line":171,"column":55}},"173":{"start":{"line":174,"column":0},"end":{"line":174,"column":49}},"174":{"start":{"line":175,"column":0},"end":{"line":175,"column":32}},"175":{"start":{"line":176,"column":0},"end":{"line":176,"column":40}},"176":{"start":{"line":177,"column":0},"end":{"line":177,"column":34}},"177":{"start":{"line":178,"column":0},"end":{"line":178,"column":3}},"179":{"start":{"line":180,"column":0},"end":{"line":180,"column":48}},"180":{"start":{"line":181,"column":0},"end":{"line":181,"column":55}},"181":{"start":{"line":182,"column":0},"end":{"line":182,"column":38}},"184":{"start":{"line":185,"column":0},"end":{"line":185,"column":37}},"185":{"start":{"line":186,"column":0},"end":{"line":186,"column":49}},"186":{"start":{"line":187,"column":0},"end":{"line":187,"column":29}},"187":{"start":{"line":188,"column":0},"end":{"line":188,"column":70}},"188":{"start":{"line":189,"column":0},"end":{"line":189,"column":4}},"190":{"start":{"line":191,"column":0},"end":{"line":191,"column":42}},"191":{"start":{"line":192,"column":0},"end":{"line":192,"column":61}},"192":{"start":{"line":193,"column":0},"end":{"line":193,"column":41}},"193":{"start":{"line":194,"column":0},"end":{"line":194,"column":4}},"194":{"start":{"line":195,"column":0},"end":{"line":195,"column":1}},"196":{"start":{"line":197,"column":0},"end":{"line":197,"column":14}}},"s":{"0":0,"2":0,"6":0,"11":0,"12":0,"13":0,"14":0,"15":0,"16":0,"17":0,"18":0,"19":0,"20":0,"21":0,"22":0,"23":0,"24":0,"25":0,"26":0,"27":0,"28":0,"29":0,"30":0,"31":0,"32":0,"33":0,"34":0,"35":0,"36":0,"37":0,"38":0,"39":0,"40":0,"42":0,"43":0,"44":0,"45":0,"46":0,"47":0,"48":0,"49":0,"50":0,"51":0,"52":0,"53":0,"54":0,"55":0,"56":0,"57":0,"58":0,"59":0,"60":0,"61":0,"62":0,"63":0,"64":0,"65":0,"67":0,"68":0,"69":0,"70":0,"71":0,"72":0,"73":0,"74":0,"75":0,"76":0,"77":0,"78":0,"79":0,"80":0,"81":0,"82":0,"84":0,"85":0,"86":0,"87":0,"88":0,"89":0,"90":0,"92":0,"93":0,"94":0,"95":0,"96":0,"98":0,"99":0,"100":0,"101":0,"104":0,"105":0,"106":0,"107":0,"108":0,"109":0,"110":0,"111":0,"114":0,"115":0,"116":0,"117":0,"120":0,"123":0,"125":0,"126":0,"128":0,"129":0,"130":0,"131":0,"132":0,"133":0,"134":0,"135":0,"136":0,"137":0,"138":0,"139":0,"140":0,"141":0,"142":0,"143":0,"144":0,"145":0,"146":0,"147":0,"148":0,"149":0,"150":0,"151":0,"152":0,"154":0,"155":0,"158":0,"159":0,"161":0,"162":0,"163":0,"164":0,"165":0,"166":0,"169":0,"170":0,"173":0,"174":0,"175":0,"176":0,"177":0,"179":0,"180":0,"181":0,"184":0,"185":0,"186":0,"187":0,"188":0,"190":0,"191":0,"192":0,"193":0,"194":0,"196":0},"branchMap":{"0":{"type":"branch","line":1,"loc":{"start":{"line":1,"column":0},"end":{"line":197,"column":-333}},"locations":[{"start":{"line":1,"column":0},"end":{"line":197,"column":-333}}]}},"b":{"0":[0]},"fnMap":{"0":{"name":"(empty-report)","decl":{"start":{"line":1,"column":0},"end":{"line":197,"column":-333}},"loc":{"start":{"line":1,"column":0},"end":{"line":197,"column":-333}},"line":1}},"f":{"0":0}}
,"/Users/alex/work/tekBoard/tekmetric/frontend/server/data/utils.ts": {"path":"/Users/alex/work/tekBoard/tekmetric/frontend/server/data/utils.ts","all":false,"statementMap":{"11":{"start":{"line":12,"column":0},"end":{"line":12,"column":37}},"12":{"start":{"line":13,"column":0},"end":{"line":13,"column":19}},"13":{"start":{"line":14,"column":0},"end":{"line":14,"column":30}},"14":{"start":{"line":15,"column":0},"end":{"line":15,"column":18}},"15":{"start":{"line":16,"column":0},"end":{"line":16,"column":30}},"16":{"start":{"line":17,"column":0},"end":{"line":17,"column":26}},"18":{"start":{"line":19,"column":0},"end":{"line":19,"column":56}},"19":{"start":{"line":20,"column":0},"end":{"line":20,"column":36}},"20":{"start":{"line":21,"column":0},"end":{"line":21,"column":35}},"21":{"start":{"line":22,"column":0},"end":{"line":22,"column":68}},"22":{"start":{"line":23,"column":0},"end":{"line":23,"column":24}},"23":{"start":{"line":24,"column":0},"end":{"line":24,"column":5}},"24":{"start":{"line":25,"column":0},"end":{"line":25,"column":3}},"26":{"start":{"line":27,"column":0},"end":{"line":27,"column":28}},"27":{"start":{"line":28,"column":0},"end":{"line":28,"column":1}}},"s":{"11":1,"12":10,"13":10,"14":10,"15":10,"16":10,"18":10,"19":50,"20":12,"21":12,"22":12,"23":12,"24":50,"26":10,"27":10},"branchMap":{"0":{"type":"branch","line":12,"loc":{"start":{"line":12,"column":7},"end":{"line":28,"column":1}},"locations":[{"start":{"line":12,"column":7},"end":{"line":28,"column":1}}]},"1":{"type":"branch","line":19,"loc":{"start":{"line":19,"column":55},"end":{"line":25,"column":3}},"locations":[{"start":{"line":19,"column":55},"end":{"line":25,"column":3}}]},"2":{"type":"branch","line":20,"loc":{"start":{"line":20,"column":35},"end":{"line":24,"column":5}},"locations":[{"start":{"line":20,"column":35},"end":{"line":24,"column":5}}]},"3":{"type":"branch","line":22,"loc":{"start":{"line":22,"column":20},"end":{"line":22,"column":57}},"locations":[{"start":{"line":22,"column":20},"end":{"line":22,"column":57}}]},"4":{"type":"branch","line":22,"loc":{"start":{"line":22,"column":53},"end":{"line":22,"column":68}},"locations":[{"start":{"line":22,"column":53},"end":{"line":22,"column":68}}]}},"b":{"0":[10],"1":[50],"2":[12],"3":[4],"4":[8]},"fnMap":{"0":{"name":"buildUpdateFields","decl":{"start":{"line":12,"column":7},"end":{"line":28,"column":1}},"loc":{"start":{"line":12,"column":7},"end":{"line":28,"column":1}},"line":12}},"f":{"0":10}}
,"/Users/alex/work/tekBoard/tekmetric/frontend/server/domains/repair-orders/repository.ts": {"path":"/Users/alex/work/tekBoard/tekmetric/frontend/server/domains/repair-orders/repository.ts","all":false,"statementMap":{"0":{"start":{"line":1,"column":0},"end":{"line":1,"column":32}},"2":{"start":{"line":3,"column":0},"end":{"line":3,"column":47}},"3":{"start":{"line":4,"column":0},"end":{"line":4,"column":54}},"5":{"start":{"line":6,"column":0},"end":{"line":6,"column":53}},"6":{"start":{"line":7,"column":0},"end":{"line":7,"column":81}},"7":{"start":{"line":8,"column":0},"end":{"line":8,"column":34}},"8":{"start":{"line":9,"column":0},"end":{"line":9,"column":35}},"9":{"start":{"line":10,"column":0},"end":{"line":10,"column":1}},"11":{"start":{"line":12,"column":0},"end":{"line":12,"column":68}},"12":{"start":{"line":13,"column":0},"end":{"line":13,"column":69}},"13":{"start":{"line":14,"column":0},"end":{"line":14,"column":33}},"14":{"start":{"line":15,"column":0},"end":{"line":15,"column":23}},"15":{"start":{"line":16,"column":0},"end":{"line":16,"column":30}},"16":{"start":{"line":17,"column":0},"end":{"line":17,"column":1}},"18":{"start":{"line":19,"column":0},"end":{"line":19,"column":76}},"19":{"start":{"line":20,"column":0},"end":{"line":20,"column":31}},"20":{"start":{"line":21,"column":0},"end":{"line":21,"column":27}},"28":{"start":{"line":29,"column":0},"end":{"line":29,"column":4}},"30":{"start":{"line":31,"column":0},"end":{"line":31,"column":11}},"31":{"start":{"line":32,"column":0},"end":{"line":32,"column":7}},"32":{"start":{"line":33,"column":0},"end":{"line":33,"column":25}},"33":{"start":{"line":34,"column":0},"end":{"line":34,"column":30}},"34":{"start":{"line":35,"column":0},"end":{"line":35,"column":31}},"35":{"start":{"line":36,"column":0},"end":{"line":36,"column":33}},"36":{"start":{"line":37,"column":0},"end":{"line":37,"column":31}},"37":{"start":{"line":38,"column":0},"end":{"line":38,"column":29}},"38":{"start":{"line":39,"column":0},"end":{"line":39,"column":30}},"39":{"start":{"line":40,"column":0},"end":{"line":40,"column":31}},"40":{"start":{"line":41,"column":0},"end":{"line":41,"column":30}},"41":{"start":{"line":42,"column":0},"end":{"line":42,"column":32}},"42":{"start":{"line":43,"column":0},"end":{"line":43,"column":34}},"43":{"start":{"line":44,"column":0},"end":{"line":44,"column":32}},"44":{"start":{"line":45,"column":0},"end":{"line":45,"column":40}},"45":{"start":{"line":46,"column":0},"end":{"line":46,"column":34}},"46":{"start":{"line":47,"column":0},"end":{"line":47,"column":30}},"47":{"start":{"line":48,"column":0},"end":{"line":48,"column":35}},"48":{"start":{"line":49,"column":0},"end":{"line":49,"column":31}},"49":{"start":{"line":50,"column":0},"end":{"line":50,"column":25}},"50":{"start":{"line":51,"column":0},"end":{"line":51,"column":21}},"51":{"start":{"line":52,"column":0},"end":{"line":52,"column":3}},"53":{"start":{"line":54,"column":0},"end":{"line":54,"column":32}},"54":{"start":{"line":55,"column":0},"end":{"line":55,"column":1}},"56":{"start":{"line":57,"column":0},"end":{"line":57,"column":34}},"57":{"start":{"line":58,"column":0},"end":{"line":58,"column":13}},"58":{"start":{"line":59,"column":0},"end":{"line":59,"column":29}},"59":{"start":{"line":60,"column":0},"end":{"line":60,"column":23}},"60":{"start":{"line":61,"column":0},"end":{"line":61,"column":55}},"61":{"start":{"line":62,"column":0},"end":{"line":62,"column":42}},"62":{"start":{"line":63,"column":0},"end":{"line":63,"column":88}},"63":{"start":{"line":64,"column":0},"end":{"line":64,"column":46}},"64":{"start":{"line":65,"column":0},"end":{"line":65,"column":40}},"65":{"start":{"line":66,"column":0},"end":{"line":66,"column":5}},"66":{"start":{"line":67,"column":0},"end":{"line":67,"column":34}},"67":{"start":{"line":68,"column":0},"end":{"line":68,"column":37}},"68":{"start":{"line":69,"column":0},"end":{"line":69,"column":36}},"69":{"start":{"line":70,"column":0},"end":{"line":70,"column":6}},"70":{"start":{"line":71,"column":0},"end":{"line":71,"column":4}},"72":{"start":{"line":73,"column":0},"end":{"line":73,"column":57}},"74":{"start":{"line":75,"column":0},"end":{"line":75,"column":46}},"75":{"start":{"line":76,"column":0},"end":{"line":76,"column":17}},"77":{"start":{"line":78,"column":0},"end":{"line":78,"column":27}},"79":{"start":{"line":80,"column":0},"end":{"line":80,"column":29}},"81":{"start":{"line":82,"column":0},"end":{"line":82,"column":4}},"83":{"start":{"line":84,"column":0},"end":{"line":84,"column":21}},"84":{"start":{"line":85,"column":0},"end":{"line":85,"column":31}},"85":{"start":{"line":86,"column":0},"end":{"line":86,"column":1}},"87":{"start":{"line":88,"column":0},"end":{"line":88,"column":56}},"88":{"start":{"line":89,"column":0},"end":{"line":89,"column":67}},"89":{"start":{"line":90,"column":0},"end":{"line":90,"column":29}},"90":{"start":{"line":91,"column":0},"end":{"line":91,"column":27}},"91":{"start":{"line":92,"column":0},"end":{"line":92,"column":1}},"93":{"start":{"line":94,"column":0},"end":{"line":94,"column":59}},"94":{"start":{"line":95,"column":0},"end":{"line":95,"column":27}},"103":{"start":{"line":104,"column":0},"end":{"line":104,"column":4}},"104":{"start":{"line":105,"column":0},"end":{"line":105,"column":11}},"105":{"start":{"line":106,"column":0},"end":{"line":106,"column":13}},"106":{"start":{"line":107,"column":0},"end":{"line":107,"column":17}},"107":{"start":{"line":108,"column":0},"end":{"line":108,"column":24}},"108":{"start":{"line":109,"column":0},"end":{"line":109,"column":25}},"109":{"start":{"line":110,"column":0},"end":{"line":110,"column":25}},"110":{"start":{"line":111,"column":0},"end":{"line":111,"column":23}},"111":{"start":{"line":112,"column":0},"end":{"line":112,"column":23}},"112":{"start":{"line":113,"column":0},"end":{"line":113,"column":24}},"113":{"start":{"line":114,"column":0},"end":{"line":114,"column":23}},"114":{"start":{"line":115,"column":0},"end":{"line":115,"column":22}},"115":{"start":{"line":116,"column":0},"end":{"line":116,"column":24}},"116":{"start":{"line":117,"column":0},"end":{"line":117,"column":26}},"117":{"start":{"line":118,"column":0},"end":{"line":118,"column":24}},"118":{"start":{"line":119,"column":0},"end":{"line":119,"column":19}},"119":{"start":{"line":120,"column":0},"end":{"line":120,"column":24}},"120":{"start":{"line":121,"column":0},"end":{"line":121,"column":19}},"121":{"start":{"line":122,"column":0},"end":{"line":122,"column":29}},"122":{"start":{"line":123,"column":0},"end":{"line":123,"column":25}},"123":{"start":{"line":124,"column":0},"end":{"line":124,"column":19}},"124":{"start":{"line":125,"column":0},"end":{"line":125,"column":16}},"125":{"start":{"line":126,"column":0},"end":{"line":126,"column":31}},"126":{"start":{"line":127,"column":0},"end":{"line":127,"column":21}},"127":{"start":{"line":128,"column":0},"end":{"line":128,"column":3}},"128":{"start":{"line":129,"column":0},"end":{"line":129,"column":1}},"130":{"start":{"line":131,"column":0},"end":{"line":131,"column":68}},"131":{"start":{"line":132,"column":0},"end":{"line":132,"column":27}},"138":{"start":{"line":139,"column":0},"end":{"line":139,"column":4}},"139":{"start":{"line":140,"column":0},"end":{"line":140,"column":39}},"140":{"start":{"line":141,"column":0},"end":{"line":141,"column":35}},"141":{"start":{"line":142,"column":0},"end":{"line":142,"column":1}},"143":{"start":{"line":144,"column":0},"end":{"line":144,"column":67}},"144":{"start":{"line":145,"column":0},"end":{"line":145,"column":27}},"148":{"start":{"line":149,"column":0},"end":{"line":149,"column":4}},"149":{"start":{"line":150,"column":0},"end":{"line":150,"column":39}},"150":{"start":{"line":151,"column":0},"end":{"line":151,"column":35}},"151":{"start":{"line":152,"column":0},"end":{"line":152,"column":1}}},"s":{"0":1,"2":1,"3":1,"5":1,"6":13,"7":13,"8":13,"9":13,"11":1,"12":27,"13":27,"14":27,"15":21,"16":21,"18":1,"19":4,"20":4,"28":4,"30":4,"31":4,"32":4,"33":4,"34":4,"35":4,"36":4,"37":4,"38":4,"39":4,"40":4,"41":4,"42":4,"43":4,"44":4,"45":4,"46":4,"47":4,"48":4,"49":4,"50":4,"51":4,"53":4,"54":4,"56":1,"57":10,"58":10,"59":10,"60":10,"61":10,"62":10,"63":10,"64":10,"65":10,"66":10,"67":10,"68":10,"69":10,"70":10,"72":10,"74":9,"75":9,"77":9,"79":9,"81":9,"83":9,"84":9,"85":9,"87":1,"88":5,"89":5,"90":5,"91":5,"93":1,"94":0,"103":0,"104":0,"105":0,"106":0,"107":0,"108":0,"109":0,"110":0,"111":0,"112":0,"113":0,"114":0,"115":0,"116":0,"117":0,"118":0,"119":0,"120":0,"121":0,"122":0,"123":0,"124":0,"125":0,"126":0,"127":0,"128":0,"130":1,"131":0,"138":0,"139":0,"140":0,"141":0,"143":1,"144":0,"148":0,"149":0,"150":0,"151":0},"branchMap":{"0":{"type":"branch","line":6,"loc":{"start":{"line":6,"column":7},"end":{"line":10,"column":1}},"locations":[{"start":{"line":6,"column":7},"end":{"line":10,"column":1}}]},"1":{"type":"branch","line":12,"loc":{"start":{"line":12,"column":7},"end":{"line":17,"column":1}},"locations":[{"start":{"line":12,"column":7},"end":{"line":17,"column":1}}]},"2":{"type":"branch","line":15,"loc":{"start":{"line":15,"column":12},"end":{"line":15,"column":23}},"locations":[{"start":{"line":15,"column":12},"end":{"line":15,"column":23}}]},"3":{"type":"branch","line":15,"loc":{"start":{"line":15,"column":19},"end":{"line":17,"column":1}},"locations":[{"start":{"line":15,"column":19},"end":{"line":17,"column":1}}]},"4":{"type":"branch","line":19,"loc":{"start":{"line":19,"column":7},"end":{"line":55,"column":1}},"locations":[{"start":{"line":19,"column":7},"end":{"line":55,"column":1}}]},"5":{"type":"branch","line":33,"loc":{"start":{"line":33,"column":9},"end":{"line":33,"column":25}},"locations":[{"start":{"line":33,"column":9},"end":{"line":33,"column":25}}]},"6":{"type":"branch","line":34,"loc":{"start":{"line":34,"column":19},"end":{"line":34,"column":30}},"locations":[{"start":{"line":34,"column":19},"end":{"line":34,"column":30}}]},"7":{"type":"branch","line":35,"loc":{"start":{"line":35,"column":19},"end":{"line":35,"column":31}},"locations":[{"start":{"line":35,"column":19},"end":{"line":35,"column":31}}]},"8":{"type":"branch","line":36,"loc":{"start":{"line":36,"column":19},"end":{"line":36,"column":33}},"locations":[{"start":{"line":36,"column":19},"end":{"line":36,"column":33}}]},"9":{"type":"branch","line":37,"loc":{"start":{"line":37,"column":18},"end":{"line":37,"column":31}},"locations":[{"start":{"line":37,"column":18},"end":{"line":37,"column":31}}]},"10":{"type":"branch","line":38,"loc":{"start":{"line":38,"column":18},"end":{"line":38,"column":29}},"locations":[{"start":{"line":38,"column":18},"end":{"line":38,"column":29}}]},"11":{"type":"branch","line":39,"loc":{"start":{"line":39,"column":18},"end":{"line":39,"column":30}},"locations":[{"start":{"line":39,"column":18},"end":{"line":39,"column":30}}]},"12":{"type":"branch","line":40,"loc":{"start":{"line":40,"column":18},"end":{"line":40,"column":31}},"locations":[{"start":{"line":40,"column":18},"end":{"line":40,"column":31}}]},"13":{"type":"branch","line":43,"loc":{"start":{"line":43,"column":18},"end":{"line":43,"column":34}},"locations":[{"start":{"line":43,"column":18},"end":{"line":43,"column":34}}]},"14":{"type":"branch","line":45,"loc":{"start":{"line":45,"column":24},"end":{"line":45,"column":38}},"locations":[{"start":{"line":45,"column":24},"end":{"line":45,"column":38}}]},"15":{"type":"branch","line":46,"loc":{"start":{"line":46,"column":9},"end":{"line":46,"column":29}},"locations":[{"start":{"line":46,"column":9},"end":{"line":46,"column":29}}]},"16":{"type":"branch","line":47,"loc":{"start":{"line":47,"column":9},"end":{"line":47,"column":30}},"locations":[{"start":{"line":47,"column":9},"end":{"line":47,"column":30}}]},"17":{"type":"branch","line":51,"loc":{"start":{"line":51,"column":9},"end":{"line":51,"column":21}},"locations":[{"start":{"line":51,"column":9},"end":{"line":51,"column":21}}]},"18":{"type":"branch","line":57,"loc":{"start":{"line":57,"column":7},"end":{"line":86,"column":1}},"locations":[{"start":{"line":57,"column":7},"end":{"line":86,"column":1}}]},"19":{"type":"branch","line":73,"loc":{"start":{"line":73,"column":28},"end":{"line":73,"column":57}},"locations":[{"start":{"line":73,"column":28},"end":{"line":73,"column":57}}]},"20":{"type":"branch","line":73,"loc":{"start":{"line":73,"column":56},"end":{"line":86,"column":1}},"locations":[{"start":{"line":73,"column":56},"end":{"line":86,"column":1}}]},"21":{"type":"branch","line":63,"loc":{"start":{"line":63,"column":65},"end":{"line":63,"column":86}},"locations":[{"start":{"line":63,"column":65},"end":{"line":63,"column":86}}]},"22":{"type":"branch","line":63,"loc":{"start":{"line":63,"column":72},"end":{"line":63,"column":81}},"locations":[{"start":{"line":63,"column":72},"end":{"line":63,"column":81}}]},"23":{"type":"branch","line":63,"loc":{"start":{"line":63,"column":75},"end":{"line":63,"column":86}},"locations":[{"start":{"line":63,"column":75},"end":{"line":63,"column":86}}]},"24":{"type":"branch","line":69,"loc":{"start":{"line":69,"column":17},"end":{"line":69,"column":36}},"locations":[{"start":{"line":69,"column":17},"end":{"line":69,"column":36}}]},"25":{"type":"branch","line":69,"loc":{"start":{"line":69,"column":29},"end":{"line":69,"column":36}},"locations":[{"start":{"line":69,"column":29},"end":{"line":69,"column":36}}]},"26":{"type":"branch","line":88,"loc":{"start":{"line":88,"column":7},"end":{"line":92,"column":1}},"locations":[{"start":{"line":88,"column":7},"end":{"line":92,"column":1}}]}},"b":{"0":[13],"1":[27],"2":[6],"3":[21],"4":[4],"5":[3],"6":[0],"7":[0],"8":[3],"9":[0],"10":[0],"11":[0],"12":[3],"13":[3],"14":[0],"15":[0],"16":[2],"17":[3],"18":[10],"19":[1],"20":[9],"21":[3],"22":[2],"23":[1],"24":[1],"25":[0],"26":[5]},"fnMap":{"0":{"name":"getAllRepairOrders","decl":{"start":{"line":6,"column":7},"end":{"line":10,"column":1}},"loc":{"start":{"line":6,"column":7},"end":{"line":10,"column":1}},"line":6},"1":{"name":"getRepairOrderById","decl":{"start":{"line":12,"column":7},"end":{"line":17,"column":1}},"loc":{"start":{"line":12,"column":7},"end":{"line":17,"column":1}},"line":12},"2":{"name":"createRepairOrder","decl":{"start":{"line":19,"column":7},"end":{"line":55,"column":1}},"loc":{"start":{"line":19,"column":7},"end":{"line":55,"column":1}},"line":19},"3":{"name":"updateRepairOrder","decl":{"start":{"line":57,"column":7},"end":{"line":86,"column":1}},"loc":{"start":{"line":57,"column":7},"end":{"line":86,"column":1}},"line":57},"4":{"name":"transform","decl":{"start":{"line":63,"column":65},"end":{"line":63,"column":86}},"loc":{"start":{"line":63,"column":65},"end":{"line":63,"column":86}},"line":63},"5":{"name":"transform","decl":{"start":{"line":69,"column":17},"end":{"line":69,"column":36}},"loc":{"start":{"line":69,"column":17},"end":{"line":69,"column":36}},"line":69},"6":{"name":"deleteRepairOrder","decl":{"start":{"line":88,"column":7},"end":{"line":92,"column":1}},"loc":{"start":{"line":88,"column":7},"end":{"line":92,"column":1}},"line":88},"7":{"name":"insertRepairOrderDirect","decl":{"start":{"line":94,"column":7},"end":{"line":129,"column":1}},"loc":{"start":{"line":94,"column":7},"end":{"line":129,"column":1}},"line":94},"8":{"name":"getOverdueOrders","decl":{"start":{"line":131,"column":7},"end":{"line":142,"column":1}},"loc":{"start":{"line":131,"column":7},"end":{"line":142,"column":1}},"line":131},"9":{"name":"getRecentOrders","decl":{"start":{"line":144,"column":7},"end":{"line":152,"column":1}},"loc":{"start":{"line":144,"column":7},"end":{"line":152,"column":1}},"line":144}},"f":{"0":13,"1":27,"2":4,"3":10,"4":3,"5":1,"6":5,"7":0,"8":0,"9":0}}
,"/Users/alex/work/tekBoard/tekmetric/frontend/server/domains/repair-orders/routes.ts": {"path":"/Users/alex/work/tekBoard/tekmetric/frontend/server/domains/repair-orders/routes.ts","all":false,"statementMap":{"0":{"start":{"line":1,"column":0},"end":{"line":1,"column":32}},"1":{"start":{"line":2,"column":0},"end":{"line":2,"column":8}},"10":{"start":{"line":11,"column":0},"end":{"line":11,"column":72}},"11":{"start":{"line":12,"column":0},"end":{"line":12,"column":8}},"16":{"start":{"line":17,"column":0},"end":{"line":17,"column":59}},"18":{"start":{"line":19,"column":0},"end":{"line":19,"column":23}},"21":{"start":{"line":22,"column":0},"end":{"line":22,"column":51}},"22":{"start":{"line":23,"column":0},"end":{"line":23,"column":77}},"23":{"start":{"line":24,"column":0},"end":{"line":24,"column":40}},"24":{"start":{"line":25,"column":0},"end":{"line":25,"column":18}},"25":{"start":{"line":26,"column":0},"end":{"line":26,"column":2}},"28":{"start":{"line":29,"column":0},"end":{"line":29,"column":50}},"29":{"start":{"line":30,"column":0},"end":{"line":30,"column":77}},"30":{"start":{"line":31,"column":0},"end":{"line":31,"column":39}},"31":{"start":{"line":32,"column":0},"end":{"line":32,"column":18}},"32":{"start":{"line":33,"column":0},"end":{"line":33,"column":2}},"35":{"start":{"line":36,"column":0},"end":{"line":36,"column":88}},"36":{"start":{"line":37,"column":0},"end":{"line":37,"column":54}},"38":{"start":{"line":39,"column":0},"end":{"line":39,"column":35}},"41":{"start":{"line":42,"column":0},"end":{"line":42,"column":15}},"42":{"start":{"line":43,"column":0},"end":{"line":43,"column":54}},"43":{"start":{"line":44,"column":0},"end":{"line":44,"column":3}},"44":{"start":{"line":45,"column":0},"end":{"line":45,"column":13}},"45":{"start":{"line":46,"column":0},"end":{"line":46,"column":62}},"46":{"start":{"line":47,"column":0},"end":{"line":47,"column":3}},"47":{"start":{"line":48,"column":0},"end":{"line":48,"column":17}},"48":{"start":{"line":49,"column":0},"end":{"line":49,"column":58}},"49":{"start":{"line":50,"column":0},"end":{"line":50,"column":3}},"50":{"start":{"line":51,"column":0},"end":{"line":51,"column":15}},"51":{"start":{"line":52,"column":0},"end":{"line":52,"column":50}},"52":{"start":{"line":53,"column":0},"end":{"line":53,"column":27}},"53":{"start":{"line":54,"column":0},"end":{"line":54,"column":12}},"54":{"start":{"line":55,"column":0},"end":{"line":55,"column":45}},"55":{"start":{"line":56,"column":0},"end":{"line":56,"column":56}},"56":{"start":{"line":57,"column":0},"end":{"line":57,"column":64}},"57":{"start":{"line":58,"column":0},"end":{"line":58,"column":24}},"58":{"start":{"line":59,"column":0},"end":{"line":59,"column":29}},"59":{"start":{"line":60,"column":0},"end":{"line":60,"column":55}},"60":{"start":{"line":61,"column":0},"end":{"line":61,"column":5}},"61":{"start":{"line":62,"column":0},"end":{"line":62,"column":3}},"63":{"start":{"line":64,"column":0},"end":{"line":64,"column":18}},"64":{"start":{"line":65,"column":0},"end":{"line":65,"column":2}},"67":{"start":{"line":68,"column":0},"end":{"line":68,"column":47}},"68":{"start":{"line":69,"column":0},"end":{"line":69,"column":49}},"69":{"start":{"line":70,"column":0},"end":{"line":70,"column":15}},"70":{"start":{"line":71,"column":0},"end":{"line":71,"column":68}},"71":{"start":{"line":72,"column":0},"end":{"line":72,"column":3}},"72":{"start":{"line":73,"column":0},"end":{"line":73,"column":17}},"73":{"start":{"line":74,"column":0},"end":{"line":74,"column":2}},"76":{"start":{"line":77,"column":0},"end":{"line":77,"column":79}},"77":{"start":{"line":78,"column":0},"end":{"line":78,"column":7}},"78":{"start":{"line":79,"column":0},"end":{"line":79,"column":45}},"79":{"start":{"line":80,"column":0},"end":{"line":80,"column":31}},"80":{"start":{"line":81,"column":0},"end":{"line":81,"column":19}},"81":{"start":{"line":82,"column":0},"end":{"line":82,"column":68}},"82":{"start":{"line":83,"column":0},"end":{"line":83,"column":3}},"83":{"start":{"line":84,"column":0},"end":{"line":84,"column":2}},"86":{"start":{"line":87,"column":0},"end":{"line":87,"column":84}},"87":{"start":{"line":88,"column":0},"end":{"line":88,"column":49}},"88":{"start":{"line":89,"column":0},"end":{"line":89,"column":15}},"89":{"start":{"line":90,"column":0},"end":{"line":90,"column":68}},"90":{"start":{"line":91,"column":0},"end":{"line":91,"column":3}},"93":{"start":{"line":94,"column":0},"end":{"line":94,"column":60}},"94":{"start":{"line":95,"column":0},"end":{"line":95,"column":69}},"95":{"start":{"line":96,"column":0},"end":{"line":96,"column":15}},"96":{"start":{"line":97,"column":0},"end":{"line":97,"column":18}},"97":{"start":{"line":98,"column":0},"end":{"line":98,"column":6}},"99":{"start":{"line":100,"column":0},"end":{"line":100,"column":30}},"100":{"start":{"line":101,"column":0},"end":{"line":101,"column":35}},"101":{"start":{"line":102,"column":0},"end":{"line":102,"column":36}},"102":{"start":{"line":103,"column":0},"end":{"line":103,"column":35}},"103":{"start":{"line":104,"column":0},"end":{"line":104,"column":27}},"104":{"start":{"line":105,"column":0},"end":{"line":105,"column":28}},"105":{"start":{"line":106,"column":0},"end":{"line":106,"column":57}},"106":{"start":{"line":107,"column":0},"end":{"line":107,"column":8}},"107":{"start":{"line":108,"column":0},"end":{"line":108,"column":5}},"108":{"start":{"line":109,"column":0},"end":{"line":109,"column":3}},"110":{"start":{"line":111,"column":0},"end":{"line":111,"column":60}},"111":{"start":{"line":112,"column":0},"end":{"line":112,"column":17}},"112":{"start":{"line":113,"column":0},"end":{"line":113,"column":75}},"113":{"start":{"line":114,"column":0},"end":{"line":114,"column":3}},"115":{"start":{"line":116,"column":0},"end":{"line":116,"column":19}},"116":{"start":{"line":117,"column":0},"end":{"line":117,"column":2}},"119":{"start":{"line":120,"column":0},"end":{"line":120,"column":50}},"120":{"start":{"line":121,"column":0},"end":{"line":121,"column":50}},"121":{"start":{"line":122,"column":0},"end":{"line":122,"column":17}},"122":{"start":{"line":123,"column":0},"end":{"line":123,"column":68}},"123":{"start":{"line":124,"column":0},"end":{"line":124,"column":3}},"124":{"start":{"line":125,"column":0},"end":{"line":125,"column":24}},"125":{"start":{"line":126,"column":0},"end":{"line":126,"column":2}},"127":{"start":{"line":128,"column":0},"end":{"line":128,"column":21}}},"s":{"0":1,"1":1,"10":1,"11":1,"16":1,"18":1,"21":1,"22":0,"23":0,"24":0,"25":0,"28":1,"29":0,"30":0,"31":0,"32":0,"35":1,"36":8,"38":8,"41":8,"42":2,"43":2,"44":8,"45":1,"46":1,"47":8,"48":1,"49":1,"50":8,"51":3,"52":3,"53":3,"54":6,"55":6,"56":5,"57":5,"58":5,"59":4,"60":3,"61":3,"63":8,"64":8,"67":1,"68":3,"69":3,"70":2,"71":2,"72":1,"73":1,"76":1,"77":1,"78":1,"79":1,"80":1,"81":0,"82":0,"83":1,"86":1,"87":4,"88":4,"89":1,"90":1,"93":4,"94":2,"95":2,"96":2,"97":2,"99":2,"100":1,"101":1,"102":1,"103":1,"104":1,"105":1,"106":1,"107":1,"108":2,"110":2,"111":4,"112":0,"113":0,"115":2,"116":2,"119":1,"120":2,"121":2,"122":1,"123":1,"124":1,"125":1,"127":1},"branchMap":{"0":{"type":"branch","line":36,"loc":{"start":{"line":36,"column":73},"end":{"line":65,"column":2}},"locations":[{"start":{"line":36,"column":73},"end":{"line":65,"column":2}}]},"1":{"type":"branch","line":42,"loc":{"start":{"line":42,"column":14},"end":{"line":44,"column":3}},"locations":[{"start":{"line":42,"column":14},"end":{"line":44,"column":3}}]},"2":{"type":"branch","line":45,"loc":{"start":{"line":45,"column":12},"end":{"line":47,"column":3}},"locations":[{"start":{"line":45,"column":12},"end":{"line":47,"column":3}}]},"3":{"type":"branch","line":48,"loc":{"start":{"line":48,"column":16},"end":{"line":50,"column":3}},"locations":[{"start":{"line":48,"column":16},"end":{"line":50,"column":3}}]},"4":{"type":"branch","line":51,"loc":{"start":{"line":51,"column":14},"end":{"line":62,"column":3}},"locations":[{"start":{"line":51,"column":14},"end":{"line":62,"column":3}}]},"5":{"type":"branch","line":43,"loc":{"start":{"line":43,"column":27},"end":{"line":43,"column":53}},"locations":[{"start":{"line":43,"column":27},"end":{"line":43,"column":53}}]},"6":{"type":"branch","line":46,"loc":{"start":{"line":46,"column":27},"end":{"line":46,"column":61}},"locations":[{"start":{"line":46,"column":27},"end":{"line":46,"column":61}}]},"7":{"type":"branch","line":46,"loc":{"start":{"line":46,"column":36},"end":{"line":46,"column":57}},"locations":[{"start":{"line":46,"column":36},"end":{"line":46,"column":57}}]},"8":{"type":"branch","line":49,"loc":{"start":{"line":49,"column":27},"end":{"line":49,"column":57}},"locations":[{"start":{"line":49,"column":27},"end":{"line":49,"column":57}}]},"9":{"type":"branch","line":54,"loc":{"start":{"line":54,"column":6},"end":{"line":60,"column":55}},"locations":[{"start":{"line":54,"column":6},"end":{"line":60,"column":55}}]},"10":{"type":"branch","line":56,"loc":{"start":{"line":56,"column":52},"end":{"line":59,"column":29}},"locations":[{"start":{"line":56,"column":52},"end":{"line":59,"column":29}}]},"11":{"type":"branch","line":59,"loc":{"start":{"line":59,"column":25},"end":{"line":60,"column":55}},"locations":[{"start":{"line":59,"column":25},"end":{"line":60,"column":55}}]},"12":{"type":"branch","line":68,"loc":{"start":{"line":68,"column":32},"end":{"line":74,"column":2}},"locations":[{"start":{"line":68,"column":32},"end":{"line":74,"column":2}}]},"13":{"type":"branch","line":70,"loc":{"start":{"line":70,"column":14},"end":{"line":72,"column":3}},"locations":[{"start":{"line":70,"column":14},"end":{"line":72,"column":3}}]},"14":{"type":"branch","line":72,"loc":{"start":{"line":72,"column":2},"end":{"line":74,"column":2}},"locations":[{"start":{"line":72,"column":2},"end":{"line":74,"column":2}}]},"15":{"type":"branch","line":77,"loc":{"start":{"line":77,"column":64},"end":{"line":84,"column":2}},"locations":[{"start":{"line":77,"column":64},"end":{"line":84,"column":2}}]},"16":{"type":"branch","line":81,"loc":{"start":{"line":81,"column":2},"end":{"line":83,"column":3}},"locations":[{"start":{"line":81,"column":2},"end":{"line":83,"column":3}}]},"17":{"type":"branch","line":87,"loc":{"start":{"line":87,"column":69},"end":{"line":117,"column":2}},"locations":[{"start":{"line":87,"column":69},"end":{"line":117,"column":2}}]},"18":{"type":"branch","line":89,"loc":{"start":{"line":89,"column":14},"end":{"line":91,"column":3}},"locations":[{"start":{"line":89,"column":14},"end":{"line":91,"column":3}}]},"19":{"type":"branch","line":91,"loc":{"start":{"line":91,"column":2},"end":{"line":94,"column":25}},"locations":[{"start":{"line":91,"column":2},"end":{"line":94,"column":25}}]},"20":{"type":"branch","line":94,"loc":{"start":{"line":94,"column":15},"end":{"line":94,"column":59}},"locations":[{"start":{"line":94,"column":15},"end":{"line":94,"column":59}}]},"21":{"type":"branch","line":94,"loc":{"start":{"line":94,"column":59},"end":{"line":112,"column":16}},"locations":[{"start":{"line":94,"column":59},"end":{"line":112,"column":16}}]},"22":{"type":"branch","line":100,"loc":{"start":{"line":100,"column":29},"end":{"line":108,"column":5}},"locations":[{"start":{"line":100,"column":29},"end":{"line":108,"column":5}}]},"23":{"type":"branch","line":106,"loc":{"start":{"line":106,"column":49},"end":{"line":106,"column":57}},"locations":[{"start":{"line":106,"column":49},"end":{"line":106,"column":57}}]},"24":{"type":"branch","line":112,"loc":{"start":{"line":112,"column":16},"end":{"line":114,"column":3}},"locations":[{"start":{"line":112,"column":16},"end":{"line":114,"column":3}}]},"25":{"type":"branch","line":114,"loc":{"start":{"line":114,"column":2},"end":{"line":117,"column":2}},"locations":[{"start":{"line":114,"column":2},"end":{"line":117,"column":2}}]},"26":{"type":"branch","line":120,"loc":{"start":{"line":120,"column":35},"end":{"line":126,"column":2}},"locations":[{"start":{"line":120,"column":35},"end":{"line":126,"column":2}}]},"27":{"type":"branch","line":122,"loc":{"start":{"line":122,"column":16},"end":{"line":126,"column":2}},"locations":[{"start":{"line":122,"column":16},"end":{"line":126,"column":2}}]}},"b":{"0":[8],"1":[2],"2":[1],"3":[1],"4":[3],"5":[4],"6":[2],"7":[1],"8":[2],"9":[6],"10":[5],"11":[4],"12":[3],"13":[2],"14":[1],"15":[1],"16":[0],"17":[4],"18":[1],"19":[3],"20":[2],"21":[2],"22":[1],"23":[0],"24":[0],"25":[2],"26":[2],"27":[1]},"fnMap":{},"f":{}}
,"/Users/alex/work/tekBoard/tekmetric/frontend/server/domains/repair-orders/transforms.ts": {"path":"/Users/alex/work/tekBoard/tekmetric/frontend/server/domains/repair-orders/transforms.ts","all":false,"statementMap":{"1":{"start":{"line":2,"column":0},"end":{"line":2,"column":74}},"4":{"start":{"line":5,"column":0},"end":{"line":5,"column":57}},"5":{"start":{"line":6,"column":0},"end":{"line":6,"column":78}},"6":{"start":{"line":7,"column":0},"end":{"line":7,"column":10}},"7":{"start":{"line":8,"column":0},"end":{"line":8,"column":15}},"8":{"start":{"line":9,"column":0},"end":{"line":9,"column":23}},"9":{"start":{"line":10,"column":0},"end":{"line":10,"column":15}},"10":{"start":{"line":11,"column":0},"end":{"line":11,"column":30}},"11":{"start":{"line":12,"column":0},"end":{"line":12,"column":32}},"12":{"start":{"line":13,"column":0},"end":{"line":13,"column":32}},"13":{"start":{"line":14,"column":0},"end":{"line":14,"column":6}},"14":{"start":{"line":15,"column":0},"end":{"line":15,"column":14}},"15":{"start":{"line":16,"column":0},"end":{"line":16,"column":29}},"16":{"start":{"line":17,"column":0},"end":{"line":17,"column":29}},"17":{"start":{"line":18,"column":0},"end":{"line":18,"column":31}},"18":{"start":{"line":19,"column":0},"end":{"line":19,"column":29}},"19":{"start":{"line":20,"column":0},"end":{"line":20,"column":27}},"20":{"start":{"line":21,"column":0},"end":{"line":21,"column":31}},"21":{"start":{"line":22,"column":0},"end":{"line":22,"column":35}},"22":{"start":{"line":23,"column":0},"end":{"line":23,"column":31}},"23":{"start":{"line":24,"column":0},"end":{"line":24,"column":6}},"24":{"start":{"line":25,"column":0},"end":{"line":25,"column":39}},"25":{"start":{"line":26,"column":0},"end":{"line":26,"column":23}},"26":{"start":{"line":27,"column":0},"end":{"line":27,"column":27}},"27":{"start":{"line":28,"column":0},"end":{"line":28,"column":46}},"28":{"start":{"line":29,"column":0},"end":{"line":29,"column":38}},"29":{"start":{"line":30,"column":0},"end":{"line":30,"column":26}},"30":{"start":{"line":31,"column":0},"end":{"line":31,"column":21}},"31":{"start":{"line":32,"column":0},"end":{"line":32,"column":55}},"32":{"start":{"line":33,"column":0},"end":{"line":33,"column":30}},"33":{"start":{"line":34,"column":0},"end":{"line":34,"column":30}},"34":{"start":{"line":35,"column":0},"end":{"line":35,"column":3}},"35":{"start":{"line":36,"column":0},"end":{"line":36,"column":1}}},"s":{"1":1,"4":1,"5":51,"6":51,"7":51,"8":51,"9":51,"10":51,"11":51,"12":51,"13":51,"14":51,"15":51,"16":51,"17":51,"18":51,"19":51,"20":51,"21":51,"22":51,"23":51,"24":51,"25":51,"26":51,"27":51,"28":51,"29":51,"30":51,"31":51,"32":51,"33":51,"34":51,"35":51},"branchMap":{"0":{"type":"branch","line":5,"loc":{"start":{"line":5,"column":7},"end":{"line":36,"column":1}},"locations":[{"start":{"line":5,"column":7},"end":{"line":36,"column":1}}]},"1":{"type":"branch","line":6,"loc":{"start":{"line":6,"column":19},"end":{"line":6,"column":74}},"locations":[{"start":{"line":6,"column":19},"end":{"line":6,"column":74}}]},"2":{"type":"branch","line":6,"loc":{"start":{"line":6,"column":70},"end":{"line":6,"column":78}},"locations":[{"start":{"line":6,"column":70},"end":{"line":6,"column":78}}]}},"b":{"0":[51],"1":[18],"2":[33]},"fnMap":{"0":{"name":"rowToRepairOrder","decl":{"start":{"line":5,"column":7},"end":{"line":36,"column":1}},"loc":{"start":{"line":5,"column":7},"end":{"line":36,"column":1}},"line":5}},"f":{"0":51}}
,"/Users/alex/work/tekBoard/tekmetric/frontend/server/domains/technicians/repository.ts": {"path":"/Users/alex/work/tekBoard/tekmetric/frontend/server/domains/technicians/repository.ts","all":false,"statementMap":{"0":{"start":{"line":1,"column":0},"end":{"line":1,"column":32}},"3":{"start":{"line":4,"column":0},"end":{"line":4,"column":51}},"4":{"start":{"line":5,"column":0},"end":{"line":5,"column":71}},"5":{"start":{"line":6,"column":0},"end":{"line":6,"column":34}},"6":{"start":{"line":7,"column":0},"end":{"line":7,"column":29}},"7":{"start":{"line":8,"column":0},"end":{"line":8,"column":15}},"8":{"start":{"line":9,"column":0},"end":{"line":9,"column":19}},"9":{"start":{"line":10,"column":0},"end":{"line":10,"column":27}},"10":{"start":{"line":11,"column":0},"end":{"line":11,"column":45}},"11":{"start":{"line":12,"column":0},"end":{"line":12,"column":29}},"12":{"start":{"line":13,"column":0},"end":{"line":13,"column":5}},"13":{"start":{"line":14,"column":0},"end":{"line":14,"column":1}},"15":{"start":{"line":16,"column":0},"end":{"line":16,"column":66}},"16":{"start":{"line":17,"column":0},"end":{"line":17,"column":67}},"17":{"start":{"line":18,"column":0},"end":{"line":18,"column":33}},"18":{"start":{"line":19,"column":0},"end":{"line":19,"column":23}},"19":{"start":{"line":20,"column":0},"end":{"line":20,"column":10}},"20":{"start":{"line":21,"column":0},"end":{"line":21,"column":15}},"21":{"start":{"line":22,"column":0},"end":{"line":22,"column":19}},"22":{"start":{"line":23,"column":0},"end":{"line":23,"column":27}},"23":{"start":{"line":24,"column":0},"end":{"line":24,"column":45}},"24":{"start":{"line":25,"column":0},"end":{"line":25,"column":29}},"25":{"start":{"line":26,"column":0},"end":{"line":26,"column":3}},"26":{"start":{"line":27,"column":0},"end":{"line":27,"column":1}},"28":{"start":{"line":29,"column":0},"end":{"line":29,"column":58}},"29":{"start":{"line":30,"column":0},"end":{"line":30,"column":27}},"32":{"start":{"line":33,"column":0},"end":{"line":33,"column":4}},"33":{"start":{"line":34,"column":0},"end":{"line":34,"column":11}},"34":{"start":{"line":35,"column":0},"end":{"line":35,"column":12}},"35":{"start":{"line":36,"column":0},"end":{"line":36,"column":14}},"36":{"start":{"line":37,"column":0},"end":{"line":37,"column":18}},"37":{"start":{"line":38,"column":0},"end":{"line":38,"column":37}},"38":{"start":{"line":39,"column":0},"end":{"line":39,"column":24}},"39":{"start":{"line":40,"column":0},"end":{"line":40,"column":3}},"40":{"start":{"line":41,"column":0},"end":{"line":41,"column":1}}},"s":{"0":1,"3":1,"4":9,"5":9,"6":9,"7":12,"8":12,"9":12,"10":12,"11":12,"12":9,"13":9,"15":1,"16":27,"17":27,"18":27,"19":26,"20":26,"21":26,"22":26,"23":26,"24":26,"25":26,"26":26,"28":1,"29":5,"32":5,"33":5,"34":5,"35":5,"36":5,"37":5,"38":5,"39":5,"40":5},"branchMap":{"0":{"type":"branch","line":4,"loc":{"start":{"line":4,"column":7},"end":{"line":14,"column":1}},"locations":[{"start":{"line":4,"column":7},"end":{"line":14,"column":1}}]},"1":{"type":"branch","line":7,"loc":{"start":{"line":7,"column":18},"end":{"line":13,"column":4}},"locations":[{"start":{"line":7,"column":18},"end":{"line":13,"column":4}}]},"2":{"type":"branch","line":16,"loc":{"start":{"line":16,"column":7},"end":{"line":27,"column":1}},"locations":[{"start":{"line":16,"column":7},"end":{"line":27,"column":1}}]},"3":{"type":"branch","line":19,"loc":{"start":{"line":19,"column":12},"end":{"line":19,"column":23}},"locations":[{"start":{"line":19,"column":12},"end":{"line":19,"column":23}}]},"4":{"type":"branch","line":19,"loc":{"start":{"line":19,"column":19},"end":{"line":27,"column":1}},"locations":[{"start":{"line":19,"column":19},"end":{"line":27,"column":1}}]},"5":{"type":"branch","line":29,"loc":{"start":{"line":29,"column":7},"end":{"line":41,"column":1}},"locations":[{"start":{"line":29,"column":7},"end":{"line":41,"column":1}}]},"6":{"type":"branch","line":39,"loc":{"start":{"line":39,"column":9},"end":{"line":39,"column":22}},"locations":[{"start":{"line":39,"column":9},"end":{"line":39,"column":22}}]},"7":{"type":"branch","line":39,"loc":{"start":{"line":39,"column":18},"end":{"line":39,"column":24}},"locations":[{"start":{"line":39,"column":18},"end":{"line":39,"column":24}}]}},"b":{"0":[9],"1":[12],"2":[27],"3":[1],"4":[26],"5":[5],"6":[4],"7":[1]},"fnMap":{"0":{"name":"getAllTechnicians","decl":{"start":{"line":4,"column":7},"end":{"line":14,"column":1}},"loc":{"start":{"line":4,"column":7},"end":{"line":14,"column":1}},"line":4},"1":{"name":"getTechnicianById","decl":{"start":{"line":16,"column":7},"end":{"line":27,"column":1}},"loc":{"start":{"line":16,"column":7},"end":{"line":27,"column":1}},"line":16},"2":{"name":"insertTechnician","decl":{"start":{"line":29,"column":7},"end":{"line":41,"column":1}},"loc":{"start":{"line":29,"column":7},"end":{"line":41,"column":1}},"line":29}},"f":{"0":9,"1":27,"2":5}}
,"/Users/alex/work/tekBoard/tekmetric/frontend/server/domains/technicians/routes.ts": {"path":"/Users/alex/work/tekBoard/tekmetric/frontend/server/domains/technicians/routes.ts","all":false,"statementMap":{"0":{"start":{"line":1,"column":0},"end":{"line":1,"column":29}},"1":{"start":{"line":2,"column":0},"end":{"line":2,"column":51}},"3":{"start":{"line":4,"column":0},"end":{"line":4,"column":31}},"6":{"start":{"line":7,"column":0},"end":{"line":7,"column":43}},"7":{"start":{"line":8,"column":0},"end":{"line":8,"column":41}},"8":{"start":{"line":9,"column":0},"end":{"line":9,"column":23}},"9":{"start":{"line":10,"column":0},"end":{"line":10,"column":2}},"11":{"start":{"line":12,"column":0},"end":{"line":12,"column":21}}},"s":{"0":1,"1":1,"3":1,"6":1,"7":5,"8":5,"9":5,"11":1},"branchMap":{"0":{"type":"branch","line":7,"loc":{"start":{"line":7,"column":27},"end":{"line":10,"column":2}},"locations":[{"start":{"line":7,"column":27},"end":{"line":10,"column":2}}]}},"b":{"0":[5]},"fnMap":{},"f":{}}
,"/Users/alex/work/tekBoard/tekmetric/frontend/server/tests/test-utils.ts": {"path":"/Users/alex/work/tekBoard/tekmetric/frontend/server/tests/test-utils.ts","all":false,"statementMap":{"0":{"start":{"line":1,"column":0},"end":{"line":1,"column":37}},"4":{"start":{"line":5,"column":0},"end":{"line":5,"column":51}},"5":{"start":{"line":6,"column":0},"end":{"line":6,"column":37}},"6":{"start":{"line":7,"column":0},"end":{"line":7,"column":32}},"9":{"start":{"line":10,"column":0},"end":{"line":10,"column":11}},"53":{"start":{"line":54,"column":0},"end":{"line":54,"column":4}},"55":{"start":{"line":56,"column":0},"end":{"line":56,"column":11}},"56":{"start":{"line":57,"column":0},"end":{"line":57,"column":1}},"59":{"start":{"line":60,"column":0},"end":{"line":60,"column":56}},"60":{"start":{"line":61,"column":0},"end":{"line":61,"column":16}},"61":{"start":{"line":62,"column":0},"end":{"line":62,"column":14}},"62":{"start":{"line":63,"column":0},"end":{"line":63,"column":3}},"63":{"start":{"line":64,"column":0},"end":{"line":64,"column":1}},"66":{"start":{"line":67,"column":0},"end":{"line":67,"column":74}},"67":{"start":{"line":68,"column":0},"end":{"line":68,"column":37}},"68":{"start":{"line":69,"column":0},"end":{"line":69,"column":5}},"69":{"start":{"line":70,"column":0},"end":{"line":70,"column":19}},"70":{"start":{"line":71,"column":0},"end":{"line":71,"column":23}},"71":{"start":{"line":72,"column":0},"end":{"line":72,"column":21}},"72":{"start":{"line":73,"column":0},"end":{"line":73,"column":46}},"73":{"start":{"line":74,"column":0},"end":{"line":74,"column":19}},"74":{"start":{"line":75,"column":0},"end":{"line":75,"column":6}},"75":{"start":{"line":76,"column":0},"end":{"line":76,"column":5}},"76":{"start":{"line":77,"column":0},"end":{"line":77,"column":19}},"77":{"start":{"line":78,"column":0},"end":{"line":78,"column":25}},"78":{"start":{"line":79,"column":0},"end":{"line":79,"column":21}},"79":{"start":{"line":80,"column":0},"end":{"line":80,"column":44}},"80":{"start":{"line":81,"column":0},"end":{"line":81,"column":19}},"81":{"start":{"line":82,"column":0},"end":{"line":82,"column":6}},"82":{"start":{"line":83,"column":0},"end":{"line":83,"column":5}},"83":{"start":{"line":84,"column":0},"end":{"line":84,"column":19}},"84":{"start":{"line":85,"column":0},"end":{"line":85,"column":27}},"85":{"start":{"line":86,"column":0},"end":{"line":86,"column":21}},"86":{"start":{"line":87,"column":0},"end":{"line":87,"column":34}},"87":{"start":{"line":88,"column":0},"end":{"line":88,"column":20}},"88":{"start":{"line":89,"column":0},"end":{"line":89,"column":6}},"89":{"start":{"line":90,"column":0},"end":{"line":90,"column":3}},"91":{"start":{"line":92,"column":0},"end":{"line":92,"column":27}},"94":{"start":{"line":95,"column":0},"end":{"line":95,"column":4}},"96":{"start":{"line":97,"column":0},"end":{"line":97,"column":35}},"97":{"start":{"line":98,"column":0},"end":{"line":98,"column":13}},"98":{"start":{"line":99,"column":0},"end":{"line":99,"column":14}},"99":{"start":{"line":100,"column":0},"end":{"line":100,"column":16}},"100":{"start":{"line":101,"column":0},"end":{"line":101,"column":20}},"101":{"start":{"line":102,"column":0},"end":{"line":102,"column":39}},"102":{"start":{"line":103,"column":0},"end":{"line":103,"column":26}},"103":{"start":{"line":104,"column":0},"end":{"line":104,"column":5}},"104":{"start":{"line":105,"column":0},"end":{"line":105,"column":3}},"106":{"start":{"line":107,"column":0},"end":{"line":107,"column":20}},"107":{"start":{"line":108,"column":0},"end":{"line":108,"column":1}},"110":{"start":{"line":111,"column":0},"end":{"line":111,"column":61}},"111":{"start":{"line":112,"column":0},"end":{"line":112,"column":18}},"112":{"start":{"line":113,"column":0},"end":{"line":113,"column":5}},"113":{"start":{"line":114,"column":0},"end":{"line":114,"column":17}},"114":{"start":{"line":115,"column":0},"end":{"line":115,"column":20}},"115":{"start":{"line":116,"column":0},"end":{"line":116,"column":38}},"116":{"start":{"line":117,"column":0},"end":{"line":117,"column":33}},"117":{"start":{"line":118,"column":0},"end":{"line":118,"column":42}},"118":{"start":{"line":119,"column":0},"end":{"line":119,"column":25}},"119":{"start":{"line":120,"column":0},"end":{"line":120,"column":29}},"120":{"start":{"line":121,"column":0},"end":{"line":121,"column":29}},"121":{"start":{"line":122,"column":0},"end":{"line":122,"column":25}},"122":{"start":{"line":123,"column":0},"end":{"line":123,"column":39}},"123":{"start":{"line":124,"column":0},"end":{"line":124,"column":30}},"124":{"start":{"line":125,"column":0},"end":{"line":125,"column":29}},"125":{"start":{"line":126,"column":0},"end":{"line":126,"column":30}},"126":{"start":{"line":127,"column":0},"end":{"line":127,"column":64}},"127":{"start":{"line":128,"column":0},"end":{"line":128,"column":26}},"128":{"start":{"line":129,"column":0},"end":{"line":129,"column":25}},"129":{"start":{"line":130,"column":0},"end":{"line":130,"column":29}},"130":{"start":{"line":131,"column":0},"end":{"line":131,"column":26}},"131":{"start":{"line":132,"column":0},"end":{"line":132,"column":21}},"132":{"start":{"line":133,"column":0},"end":{"line":133,"column":32}},"133":{"start":{"line":134,"column":0},"end":{"line":134,"column":30}},"134":{"start":{"line":135,"column":0},"end":{"line":135,"column":40}},"135":{"start":{"line":136,"column":0},"end":{"line":136,"column":6}},"136":{"start":{"line":137,"column":0},"end":{"line":137,"column":5}},"137":{"start":{"line":138,"column":0},"end":{"line":138,"column":17}},"138":{"start":{"line":139,"column":0},"end":{"line":139,"column":28}},"139":{"start":{"line":140,"column":0},"end":{"line":140,"column":36}},"140":{"start":{"line":141,"column":0},"end":{"line":141,"column":33}},"141":{"start":{"line":142,"column":0},"end":{"line":142,"column":27}},"142":{"start":{"line":143,"column":0},"end":{"line":143,"column":25}},"143":{"start":{"line":144,"column":0},"end":{"line":144,"column":28}},"144":{"start":{"line":145,"column":0},"end":{"line":145,"column":29}},"145":{"start":{"line":146,"column":0},"end":{"line":146,"column":25}},"146":{"start":{"line":147,"column":0},"end":{"line":147,"column":24}},"147":{"start":{"line":148,"column":0},"end":{"line":148,"column":30}},"148":{"start":{"line":149,"column":0},"end":{"line":149,"column":29}},"149":{"start":{"line":150,"column":0},"end":{"line":150,"column":26}},"150":{"start":{"line":151,"column":0},"end":{"line":151,"column":54}},"151":{"start":{"line":152,"column":0},"end":{"line":152,"column":30}},"152":{"start":{"line":153,"column":0},"end":{"line":153,"column":23}},"153":{"start":{"line":154,"column":0},"end":{"line":154,"column":30}},"154":{"start":{"line":155,"column":0},"end":{"line":155,"column":26}},"155":{"start":{"line":156,"column":0},"end":{"line":156,"column":38}},"156":{"start":{"line":157,"column":0},"end":{"line":157,"column":41}},"157":{"start":{"line":158,"column":0},"end":{"line":158,"column":30}},"158":{"start":{"line":159,"column":0},"end":{"line":159,"column":40}},"159":{"start":{"line":160,"column":0},"end":{"line":160,"column":6}},"160":{"start":{"line":161,"column":0},"end":{"line":161,"column":3}},"162":{"start":{"line":163,"column":0},"end":{"line":163,"column":27}},"170":{"start":{"line":171,"column":0},"end":{"line":171,"column":4}},"172":{"start":{"line":173,"column":0},"end":{"line":173,"column":31}},"173":{"start":{"line":174,"column":0},"end":{"line":174,"column":37}},"174":{"start":{"line":175,"column":0},"end":{"line":175,"column":3}},"176":{"start":{"line":177,"column":0},"end":{"line":177,"column":15}},"177":{"start":{"line":178,"column":0},"end":{"line":178,"column":1}}},"s":{"0":1,"4":1,"5":64,"6":64,"9":64,"53":64,"55":64,"56":64,"59":1,"60":64,"61":64,"62":64,"63":64,"66":1,"67":56,"68":56,"69":56,"70":56,"71":56,"72":56,"73":56,"74":56,"75":56,"76":56,"77":56,"78":56,"79":56,"80":56,"81":56,"82":56,"83":56,"84":56,"85":56,"86":56,"87":56,"88":56,"89":56,"91":56,"94":56,"96":56,"97":168,"98":168,"99":168,"100":168,"101":168,"102":168,"103":168,"104":168,"106":56,"107":56,"110":1,"111":40,"112":40,"113":40,"114":40,"115":40,"116":40,"117":40,"118":40,"119":40,"120":40,"121":40,"122":40,"123":40,"124":40,"125":40,"126":40,"127":40,"128":40,"129":40,"130":40,"131":40,"132":40,"133":40,"134":40,"135":40,"136":40,"137":40,"138":40,"139":40,"140":40,"141":40,"142":40,"143":40,"144":40,"145":40,"146":40,"147":40,"148":40,"149":40,"150":40,"151":40,"152":40,"153":40,"154":40,"155":40,"156":40,"157":40,"158":40,"159":40,"160":40,"162":40,"170":40,"172":40,"173":80,"174":80,"176":40,"177":40},"branchMap":{"0":{"type":"branch","line":5,"loc":{"start":{"line":5,"column":7},"end":{"line":57,"column":1}},"locations":[{"start":{"line":5,"column":7},"end":{"line":57,"column":1}}]},"1":{"type":"branch","line":60,"loc":{"start":{"line":60,"column":7},"end":{"line":64,"column":1}},"locations":[{"start":{"line":60,"column":7},"end":{"line":64,"column":1}}]},"2":{"type":"branch","line":67,"loc":{"start":{"line":67,"column":7},"end":{"line":108,"column":1}},"locations":[{"start":{"line":67,"column":7},"end":{"line":108,"column":1}}]},"3":{"type":"branch","line":97,"loc":{"start":{"line":97,"column":34},"end":{"line":105,"column":3}},"locations":[{"start":{"line":97,"column":34},"end":{"line":105,"column":3}}]},"4":{"type":"branch","line":103,"loc":{"start":{"line":103,"column":11},"end":{"line":103,"column":24}},"locations":[{"start":{"line":103,"column":11},"end":{"line":103,"column":24}}]},"5":{"type":"branch","line":103,"loc":{"start":{"line":103,"column":20},"end":{"line":103,"column":26}},"locations":[{"start":{"line":103,"column":20},"end":{"line":103,"column":26}}]},"6":{"type":"branch","line":111,"loc":{"start":{"line":111,"column":7},"end":{"line":178,"column":1}},"locations":[{"start":{"line":111,"column":7},"end":{"line":178,"column":1}}]},"7":{"type":"branch","line":173,"loc":{"start":{"line":173,"column":30},"end":{"line":175,"column":3}},"locations":[{"start":{"line":173,"column":30},"end":{"line":175,"column":3}}]}},"b":{"0":[64],"1":[64],"2":[56],"3":[168],"4":[112],"5":[56],"6":[40],"7":[80]},"fnMap":{"0":{"name":"createTestDb","decl":{"start":{"line":5,"column":7},"end":{"line":57,"column":1}},"loc":{"start":{"line":5,"column":7},"end":{"line":57,"column":1}},"line":5},"1":{"name":"cleanupDb","decl":{"start":{"line":60,"column":7},"end":{"line":64,"column":1}},"loc":{"start":{"line":60,"column":7},"end":{"line":64,"column":1}},"line":60},"2":{"name":"seedTestTechnicians","decl":{"start":{"line":67,"column":7},"end":{"line":108,"column":1}},"loc":{"start":{"line":67,"column":7},"end":{"line":108,"column":1}},"line":67},"3":{"name":"seedTestRepairOrders","decl":{"start":{"line":111,"column":7},"end":{"line":178,"column":1}},"loc":{"start":{"line":111,"column":7},"end":{"line":178,"column":1}},"line":111}},"f":{"0":64,"1":64,"2":56,"3":40}}
,"/Users/alex/work/tekBoard/tekmetric/frontend/shared/transitions.ts": {"path":"/Users/alex/work/tekBoard/tekmetric/frontend/shared/transitions.ts","all":false,"statementMap":{"2":{"start":{"line":3,"column":0},"end":{"line":3,"column":49}},"3":{"start":{"line":4,"column":0},"end":{"line":4,"column":8}},"4":{"start":{"line":5,"column":0},"end":{"line":5,"column":22}},"5":{"start":{"line":6,"column":0},"end":{"line":6,"column":16}},"6":{"start":{"line":7,"column":0},"end":{"line":7,"column":18}},"7":{"start":{"line":8,"column":0},"end":{"line":8,"column":14}},"8":{"start":{"line":9,"column":0},"end":{"line":9,"column":1}},"11":{"start":{"line":12,"column":0},"end":{"line":12,"column":84}},"12":{"start":{"line":13,"column":0},"end":{"line":13,"column":44}},"13":{"start":{"line":14,"column":0},"end":{"line":14,"column":44}},"14":{"start":{"line":15,"column":0},"end":{"line":15,"column":67}},"15":{"start":{"line":16,"column":0},"end":{"line":16,"column":33}},"16":{"start":{"line":17,"column":0},"end":{"line":17,"column":16}},"17":{"start":{"line":18,"column":0},"end":{"line":18,"column":1}},"24":{"start":{"line":25,"column":0},"end":{"line":25,"column":30}},"25":{"start":{"line":26,"column":0},"end":{"line":26,"column":26}},"26":{"start":{"line":27,"column":0},"end":{"line":27,"column":24}},"27":{"start":{"line":28,"column":0},"end":{"line":28,"column":31}},"28":{"start":{"line":29,"column":0},"end":{"line":29,"column":21}},"30":{"start":{"line":31,"column":0},"end":{"line":31,"column":20}},"31":{"start":{"line":32,"column":0},"end":{"line":32,"column":28}},"32":{"start":{"line":33,"column":0},"end":{"line":33,"column":3}},"35":{"start":{"line":36,"column":0},"end":{"line":36,"column":54}},"37":{"start":{"line":38,"column":0},"end":{"line":38,"column":64}},"38":{"start":{"line":39,"column":0},"end":{"line":39,"column":12}},"39":{"start":{"line":40,"column":0},"end":{"line":40,"column":21}},"40":{"start":{"line":41,"column":0},"end":{"line":41,"column":73}},"41":{"start":{"line":42,"column":0},"end":{"line":42,"column":48}},"42":{"start":{"line":43,"column":0},"end":{"line":43,"column":9}},"43":{"start":{"line":44,"column":0},"end":{"line":44,"column":5}},"44":{"start":{"line":45,"column":0},"end":{"line":45,"column":3}},"47":{"start":{"line":48,"column":0},"end":{"line":48,"column":53}},"48":{"start":{"line":49,"column":0},"end":{"line":49,"column":12}},"49":{"start":{"line":50,"column":0},"end":{"line":50,"column":21}},"50":{"start":{"line":51,"column":0},"end":{"line":51,"column":57}},"51":{"start":{"line":52,"column":0},"end":{"line":52,"column":5}},"52":{"start":{"line":53,"column":0},"end":{"line":53,"column":3}},"55":{"start":{"line":56,"column":0},"end":{"line":56,"column":57}},"56":{"start":{"line":57,"column":0},"end":{"line":57,"column":12}},"57":{"start":{"line":58,"column":0},"end":{"line":58,"column":21}},"58":{"start":{"line":59,"column":0},"end":{"line":59,"column":71}},"59":{"start":{"line":60,"column":0},"end":{"line":60,"column":5}},"60":{"start":{"line":61,"column":0},"end":{"line":61,"column":3}},"62":{"start":{"line":63,"column":0},"end":{"line":63,"column":26}},"63":{"start":{"line":64,"column":0},"end":{"line":64,"column":1}}},"s":{"2":1,"3":1,"4":1,"5":1,"6":1,"7":1,"8":1,"11":1,"12":1,"13":1,"14":1,"15":1,"16":1,"17":1,"24":1,"25":22,"26":22,"27":22,"28":22,"30":22,"31":1,"32":1,"35":21,"37":22,"38":8,"39":8,"40":8,"41":8,"42":8,"43":8,"44":8,"47":22,"48":2,"49":2,"50":2,"51":2,"52":2,"55":22,"56":2,"57":2,"58":2,"59":2,"60":2,"62":9,"63":9},"branchMap":{"0":{"type":"branch","line":25,"loc":{"start":{"line":25,"column":7},"end":{"line":64,"column":1}},"locations":[{"start":{"line":25,"column":7},"end":{"line":64,"column":1}}]},"1":{"type":"branch","line":31,"loc":{"start":{"line":31,"column":19},"end":{"line":33,"column":3}},"locations":[{"start":{"line":31,"column":19},"end":{"line":33,"column":3}}]},"2":{"type":"branch","line":33,"loc":{"start":{"line":33,"column":2},"end":{"line":38,"column":63}},"locations":[{"start":{"line":33,"column":2},"end":{"line":38,"column":63}}]},"3":{"type":"branch","line":38,"loc":{"start":{"line":38,"column":63},"end":{"line":48,"column":30}},"locations":[{"start":{"line":38,"column":63},"end":{"line":48,"column":30}}]},"4":{"type":"branch","line":38,"loc":{"start":{"line":38,"column":63},"end":{"line":45,"column":3}},"locations":[{"start":{"line":38,"column":63},"end":{"line":45,"column":3}}]},"5":{"type":"branch","line":42,"loc":{"start":{"line":42,"column":37},"end":{"line":42,"column":48}},"locations":[{"start":{"line":42,"column":37},"end":{"line":42,"column":48}}]},"6":{"type":"branch","line":45,"loc":{"start":{"line":45,"column":2},"end":{"line":48,"column":30}},"locations":[{"start":{"line":45,"column":2},"end":{"line":48,"column":30}}]},"7":{"type":"branch","line":48,"loc":{"start":{"line":48,"column":13},"end":{"line":48,"column":52}},"locations":[{"start":{"line":48,"column":13},"end":{"line":48,"column":52}}]},"8":{"type":"branch","line":48,"loc":{"start":{"line":48,"column":52},"end":{"line":53,"column":3}},"locations":[{"start":{"line":48,"column":52},"end":{"line":53,"column":3}}]},"9":{"type":"branch","line":53,"loc":{"start":{"line":53,"column":2},"end":{"line":56,"column":28}},"locations":[{"start":{"line":53,"column":2},"end":{"line":56,"column":28}}]},"10":{"type":"branch","line":56,"loc":{"start":{"line":56,"column":13},"end":{"line":56,"column":56}},"locations":[{"start":{"line":56,"column":13},"end":{"line":56,"column":56}}]},"11":{"type":"branch","line":56,"loc":{"start":{"line":56,"column":56},"end":{"line":61,"column":3}},"locations":[{"start":{"line":56,"column":56},"end":{"line":61,"column":3}}]},"12":{"type":"branch","line":61,"loc":{"start":{"line":61,"column":2},"end":{"line":64,"column":1}},"locations":[{"start":{"line":61,"column":2},"end":{"line":64,"column":1}}]}},"b":{"0":[22],"1":[1],"2":[21],"3":[21],"4":[8],"5":[1],"6":[13],"7":[5],"8":[2],"9":[11],"10":[3],"11":[2],"12":[9]},"fnMap":{"0":{"name":"canTransition","decl":{"start":{"line":25,"column":7},"end":{"line":64,"column":1}},"loc":{"start":{"line":25,"column":7},"end":{"line":64,"column":1}},"line":25}},"f":{"0":22}}
[...]
,"/Users/alex/work/tekBoard/tekmetric/frontend/src/lib/utils.ts": {"path":"/Users/alex/work/tekBoard/tekmetric/frontend/src/lib/utils.ts","all":false,"statementMap":{"0":{"start":{"line":1,"column":0},"end":{"line":1,"column":44}},"1":{"start":{"line":2,"column":0},"end":{"line":2,"column":40}},"3":{"start":{"line":4,"column":0},"end":{"line":4,"column":45}},"4":{"start":{"line":5,"column":0},"end":{"line":5,"column":30}},"5":{"start":{"line":6,"column":0},"end":{"line":6,"column":1}}},"s":{"0":1,"1":1,"3":1,"4":227,"5":227},"branchMap":{"0":{"type":"branch","line":4,"loc":{"start":{"line":4,"column":7},"end":{"line":6,"column":1}},"locations":[{"start":{"line":4,"column":7},"end":{"line":6,"column":1}}]}},"b":{"0":[227]},"fnMap":{"0":{"name":"cn","decl":{"start":{"line":4,"column":7},"end":{"line":6,"column":1}},"loc":{"start":{"line":4,"column":7},"end":{"line":6,"column":1}},"line":4}},"f":{"0":227}}
,"/Users/alex/work/tekBoard/tekmetric/frontend/src/pages/Dashboard.tsx": {"path":"/Users/alex/work/tekBoard/tekmetric/frontend/src/pages/Dashboard.tsx","all":true,"statementMap":{"0":{"start":{"line":1,"column":0},"end":{"line":1,"column":32}},"1":{"start":{"line":2,"column":0},"end":{"line":2,"column":58}},"2":{"start":{"line":3,"column":0},"end":{"line":3,"column":57}},"3":{"start":{"line":4,"column":0},"end":{"line":4,"column":63}},"4":{"start":{"line":5,"column":0},"end":{"line":5,"column":47}},"5":{"start":{"line":6,"column":0},"end":{"line":6,"column":51}},"6":{"start":{"line":7,"column":0},"end":{"line":7,"column":58}},"7":{"start":{"line":8,"column":0},"end":{"line":8,"column":57}},"8":{"start":{"line":9,"column":0},"end":{"line":9,"column":47}},"10":{"start":{"line":11,"column":0},"end":{"line":11,"column":29}},"11":{"start":{"line":12,"column":0},"end":{"line":12,"column":10}},"12":{"start":{"line":13,"column":0},"end":{"line":13,"column":15}},"13":{"start":{"line":14,"column":0},"end":{"line":14,"column":37}},"14":{"start":{"line":15,"column":0},"end":{"line":15,"column":38}},"15":{"start":{"line":16,"column":0},"end":{"line":16,"column":73}},"16":{"start":{"line":17,"column":0},"end":{"line":17,"column":74}},"17":{"start":{"line":18,"column":0},"end":{"line":18,"column":17}},"19":{"start":{"line":20,"column":0},"end":{"line":20,"column":78}},"20":{"start":{"line":21,"column":0},"end":{"line":21,"column":36}},"21":{"start":{"line":22,"column":0},"end":{"line":22,"column":49}},"22":{"start":{"line":23,"column":0},"end":{"line":23,"column":13}},"23":{"start":{"line":24,"column":0},"end":{"line":24,"column":14}},"24":{"start":{"line":25,"column":0},"end":{"line":25,"column":12}},"25":{"start":{"line":26,"column":0},"end":{"line":26,"column":16}},"27":{"start":{"line":28,"column":0},"end":{"line":28,"column":1}},"29":{"start":{"line":30,"column":0},"end":{"line":30,"column":27}},"30":{"start":{"line":31,"column":0},"end":{"line":31,"column":10}},"31":{"start":{"line":32,"column":0},"end":{"line":32,"column":15}},"32":{"start":{"line":33,"column":0},"end":{"line":33,"column":27}},"33":{"start":{"line":34,"column":0},"end":{"line":34,"column":63}},"35":{"start":{"line":36,"column":0},"end":{"line":36,"column":14}},"36":{"start":{"line":37,"column":0},"end":{"line":37,"column":12}},"37":{"start":{"line":38,"column":0},"end":{"line":38,"column":16}},"39":{"start":{"line":40,"column":0},"end":{"line":40,"column":1}},"41":{"start":{"line":42,"column":0},"end":{"line":42,"column":29}},"42":{"start":{"line":43,"column":0},"end":{"line":43,"column":36}},"43":{"start":{"line":44,"column":0},"end":{"line":44,"column":34}},"45":{"start":{"line":46,"column":0},"end":{"line":46,"column":10}},"46":{"start":{"line":47,"column":0},"end":{"line":47,"column":15}},"47":{"start":{"line":48,"column":0},"end":{"line":48,"column":37}},"48":{"start":{"line":49,"column":0},"end":{"line":49,"column":62}},"49":{"start":{"line":50,"column":0},"end":{"line":50,"column":37}},"50":{"start":{"line":51,"column":0},"end":{"line":51,"column":75}},"51":{"start":{"line":52,"column":0},"end":{"line":52,"column":76}},"52":{"start":{"line":53,"column":0},"end":{"line":53,"column":16}},"53":{"start":{"line":54,"column":0},"end":{"line":54,"column":38}},"54":{"start":{"line":55,"column":0},"end":{"line":55,"column":55}},"55":{"start":{"line":56,"column":0},"end":{"line":56,"column":16}},"56":{"start":{"line":57,"column":0},"end":{"line":57,"column":17}},"58":{"start":{"line":59,"column":0},"end":{"line":59,"column":78}},"59":{"start":{"line":60,"column":0},"end":{"line":60,"column":18}},"60":{"start":{"line":61,"column":0},"end":{"line":61,"column":29}},"61":{"start":{"line":62,"column":0},"end":{"line":62,"column":33}},"62":{"start":{"line":63,"column":0},"end":{"line":63,"column":29}},"63":{"start":{"line":64,"column":0},"end":{"line":64,"column":18}},"64":{"start":{"line":65,"column":0},"end":{"line":65,"column":18}},"65":{"start":{"line":66,"column":0},"end":{"line":66,"column":50}},"66":{"start":{"line":67,"column":0},"end":{"line":67,"column":35}},"67":{"start":{"line":68,"column":0},"end":{"line":68,"column":27}},"68":{"start":{"line":69,"column":0},"end":{"line":69,"column":37}},"69":{"start":{"line":70,"column":0},"end":{"line":70,"column":37}},"70":{"start":{"line":71,"column":0},"end":{"line":71,"column":38}},"71":{"start":{"line":72,"column":0},"end":{"line":72,"column":31}},"72":{"start":{"line":73,"column":0},"end":{"line":73,"column":35}},"74":{"start":{"line":75,"column":0},"end":{"line":75,"column":70}},"75":{"start":{"line":76,"column":0},"end":{"line":76,"column":46}},"76":{"start":{"line":77,"column":0},"end":{"line":77,"column":80}},"77":{"start":{"line":78,"column":0},"end":{"line":78,"column":20}},"79":{"start":{"line":80,"column":0},"end":{"line":80,"column":12}},"81":{"start":{"line":82,"column":0},"end":{"line":82,"column":18}},"82":{"start":{"line":83,"column":0},"end":{"line":83,"column":27}},"83":{"start":{"line":84,"column":0},"end":{"line":84,"column":37}},"84":{"start":{"line":85,"column":0},"end":{"line":85,"column":29}},"85":{"start":{"line":86,"column":0},"end":{"line":86,"column":18}},"86":{"start":{"line":87,"column":0},"end":{"line":87,"column":18}},"87":{"start":{"line":88,"column":0},"end":{"line":88,"column":50}},"88":{"start":{"line":89,"column":0},"end":{"line":89,"column":35}},"89":{"start":{"line":90,"column":0},"end":{"line":90,"column":27}},"90":{"start":{"line":91,"column":0},"end":{"line":91,"column":37}},"91":{"start":{"line":92,"column":0},"end":{"line":92,"column":37}},"92":{"start":{"line":93,"column":0},"end":{"line":93,"column":38}},"93":{"start":{"line":94,"column":0},"end":{"line":94,"column":31}},"94":{"start":{"line":95,"column":0},"end":{"line":95,"column":35}},"96":{"start":{"line":97,"column":0},"end":{"line":97,"column":49}},"97":{"start":{"line":98,"column":0},"end":{"line":98,"column":54}},"98":{"start":{"line":99,"column":0},"end":{"line":99,"column":20}},"100":{"start":{"line":101,"column":0},"end":{"line":101,"column":12}},"102":{"start":{"line":103,"column":0},"end":{"line":103,"column":18}},"103":{"start":{"line":104,"column":0},"end":{"line":104,"column":33}},"104":{"start":{"line":105,"column":0},"end":{"line":105,"column":42}},"105":{"start":{"line":106,"column":0},"end":{"line":106,"column":26}},"106":{"start":{"line":107,"column":0},"end":{"line":107,"column":18}},"107":{"start":{"line":108,"column":0},"end":{"line":108,"column":18}},"108":{"start":{"line":109,"column":0},"end":{"line":109,"column":50}},"109":{"start":{"line":110,"column":0},"end":{"line":110,"column":35}},"110":{"start":{"line":111,"column":0},"end":{"line":111,"column":27}},"111":{"start":{"line":112,"column":0},"end":{"line":112,"column":37}},"112":{"start":{"line":113,"column":0},"end":{"line":113,"column":37}},"113":{"start":{"line":114,"column":0},"end":{"line":114,"column":38}},"114":{"start":{"line":115,"column":0},"end":{"line":115,"column":31}},"115":{"start":{"line":116,"column":0},"end":{"line":116,"column":35}},"117":{"start":{"line":118,"column":0},"end":{"line":118,"column":150}},"118":{"start":{"line":119,"column":0},"end":{"line":119,"column":67}},"119":{"start":{"line":120,"column":0},"end":{"line":120,"column":59}},"120":{"start":{"line":121,"column":0},"end":{"line":121,"column":20}},"122":{"start":{"line":123,"column":0},"end":{"line":123,"column":12}},"124":{"start":{"line":125,"column":0},"end":{"line":125,"column":18}},"125":{"start":{"line":126,"column":0},"end":{"line":126,"column":37}},"126":{"start":{"line":127,"column":0},"end":{"line":127,"column":46}},"127":{"start":{"line":128,"column":0},"end":{"line":128,"column":29}},"128":{"start":{"line":129,"column":0},"end":{"line":129,"column":18}},"129":{"start":{"line":130,"column":0},"end":{"line":130,"column":18}},"130":{"start":{"line":131,"column":0},"end":{"line":131,"column":50}},"131":{"start":{"line":132,"column":0},"end":{"line":132,"column":35}},"132":{"start":{"line":133,"column":0},"end":{"line":133,"column":27}},"133":{"start":{"line":134,"column":0},"end":{"line":134,"column":37}},"134":{"start":{"line":135,"column":0},"end":{"line":135,"column":37}},"135":{"start":{"line":136,"column":0},"end":{"line":136,"column":38}},"136":{"start":{"line":137,"column":0},"end":{"line":137,"column":31}},"137":{"start":{"line":138,"column":0},"end":{"line":138,"column":35}},"139":{"start":{"line":140,"column":0},"end":{"line":140,"column":43}},"140":{"start":{"line":141,"column":0},"end":{"line":141,"column":86}},"141":{"start":{"line":142,"column":0},"end":{"line":142,"column":20}},"143":{"start":{"line":144,"column":0},"end":{"line":144,"column":12}},"144":{"start":{"line":145,"column":0},"end":{"line":145,"column":14}},"146":{"start":{"line":147,"column":0},"end":{"line":147,"column":22}},"147":{"start":{"line":148,"column":0},"end":{"line":148,"column":12}},"148":{"start":{"line":149,"column":0},"end":{"line":149,"column":16}},"150":{"start":{"line":151,"column":0},"end":{"line":151,"column":1}},"152":{"start":{"line":153,"column":0},"end":{"line":153,"column":29}},"153":{"start":{"line":154,"column":0},"end":{"line":154,"column":10}},"154":{"start":{"line":155,"column":0},"end":{"line":155,"column":55}},"155":{"start":{"line":156,"column":0},"end":{"line":156,"column":48}},"156":{"start":{"line":157,"column":0},"end":{"line":157,"column":28}},"157":{"start":{"line":158,"column":0},"end":{"line":158,"column":17}},"158":{"start":{"line":159,"column":0},"end":{"line":159,"column":20}},"160":{"start":{"line":161,"column":0},"end":{"line":161,"column":1}}},"s":{"0":0,"1":0,"2":0,"3":0,"4":0,"5":0,"6":0,"7":0,"8":0,"10":0,"11":0,"12":0,"13":0,"14":0,"15":0,"16":0,"17":0,"19":0,"20":0,"21":0,"22":0,"23":0,"24":0,"25":0,"27":0,"29":0,"30":0,"31":0,"32":0,"33":0,"35":0,"36":0,"37":0,"39":0,"41":0,"42":0,"43":0,"45":0,"46":0,"47":0,"48":0,"49":0,"50":0,"51":0,"52":0,"53":0,"54":0,"55":0,"56":0,"58":0,"59":0,"60":0,"61":0,"62":0,"63":0,"64":0,"65":0,"66":0,"67":0,"68":0,"69":0,"70":0,"71":0,"72":0,"74":0,"75":0,"76":0,"77":0,"79":0,"81":0,"82":0,"83":0,"84":0,"85":0,"86":0,"87":0,"88":0,"89":0,"90":0,"91":0,"92":0,"93":0,"94":0,"96":0,"97":0,"98":0,"100":0,"102":0,"103":0,"104":0,"105":0,"106":0,"107":0,"108":0,"109":0,"110":0,"111":0,"112":0,"113":0,"114":0,"115":0,"117":0,"118":0,"119":0,"120":0,"122":0,"124":0,"125":0,"126":0,"127":0,"128":0,"129":0,"130":0,"131":0,"132":0,"133":0,"134":0,"135":0,"136":0,"137":0,"139":0,"140":0,"141":0,"143":0,"144":0,"146":0,"147":0,"148":0,"150":0,"152":0,"153":0,"154":0,"155":0,"156":0,"157":0,"158":0,"160":0},"branchMap":{"0":{"type":"branch","line":1,"loc":{"start":{"line":1,"column":5016},"end":{"line":161,"column":1}},"locations":[{"start":{"line":1,"column":5016},"end":{"line":161,"column":1}}]}},"b":{"0":[0]},"fnMap":{"0":{"name":"(empty-report)","decl":{"start":{"line":1,"column":5016},"end":{"line":161,"column":1}},"loc":{"start":{"line":1,"column":5016},"end":{"line":161,"column":1}},"line":1}},"f":{"0":0}}
,"/Users/alex/work/tekBoard/tekmetric/frontend/src/pages/Kanban.tsx": {"path":"/Users/alex/work/tekBoard/tekmetric/frontend/src/pages/Kanban.tsx","all":true,"statementMap":{"0":{"start":{"line":1,"column":0},"end":{"line":1,"column":32}},"1":{"start":{"line":2,"column":0},"end":{"line":2,"column":58}},"2":{"start":{"line":3,"column":0},"end":{"line":3,"column":62}},"3":{"start":{"line":4,"column":0},"end":{"line":4,"column":51}},"4":{"start":{"line":5,"column":0},"end":{"line":5,"column":58}},"5":{"start":{"line":6,"column":0},"end":{"line":6,"column":57}},"6":{"start":{"line":7,"column":0},"end":{"line":7,"column":67}},"7":{"start":{"line":8,"column":0},"end":{"line":8,"column":30}},"10":{"start":{"line":11,"column":0},"end":{"line":11,"column":78}},"11":{"start":{"line":12,"column":0},"end":{"line":12,"column":59}},"12":{"start":{"line":13,"column":0},"end":{"line":13,"column":20}},"13":{"start":{"line":14,"column":0},"end":{"line":14,"column":52}},"14":{"start":{"line":15,"column":0},"end":{"line":15,"column":37}},"15":{"start":{"line":16,"column":0},"end":{"line":16,"column":4}},"17":{"start":{"line":18,"column":0},"end":{"line":18,"column":16}},"18":{"start":{"line":19,"column":0},"end":{"line":19,"column":34}},"19":{"start":{"line":20,"column":0},"end":{"line":20,"column":69}},"20":{"start":{"line":21,"column":0},"end":{"line":21,"column":3}},"22":{"start":{"line":23,"column":0},"end":{"line":23,"column":19}},"23":{"start":{"line":24,"column":0},"end":{"line":24,"column":1}},"25":{"start":{"line":26,"column":0},"end":{"line":26,"column":26}},"26":{"start":{"line":27,"column":0},"end":{"line":27,"column":10}},"27":{"start":{"line":28,"column":0},"end":{"line":28,"column":15}},"28":{"start":{"line":29,"column":0},"end":{"line":29,"column":47}},"29":{"start":{"line":30,"column":0},"end":{"line":30,"column":48}},"30":{"start":{"line":31,"column":0},"end":{"line":31,"column":76}},"31":{"start":{"line":32,"column":0},"end":{"line":32,"column":86}},"32":{"start":{"line":33,"column":0},"end":{"line":33,"column":17}},"33":{"start":{"line":34,"column":0},"end":{"line":34,"column":36}},"34":{"start":{"line":35,"column":0},"end":{"line":35,"column":39}},"35":{"start":{"line":36,"column":0},"end":{"line":36,"column":63}},"36":{"start":{"line":37,"column":0},"end":{"line":37,"column":13}},"37":{"start":{"line":38,"column":0},"end":{"line":38,"column":14}},"38":{"start":{"line":39,"column":0},"end":{"line":39,"column":12}},"39":{"start":{"line":40,"column":0},"end":{"line":40,"column":16}},"41":{"start":{"line":42,"column":0},"end":{"line":42,"column":1}},"43":{"start":{"line":44,"column":0},"end":{"line":44,"column":24}},"44":{"start":{"line":45,"column":0},"end":{"line":45,"column":10}},"45":{"start":{"line":46,"column":0},"end":{"line":46,"column":15}},"46":{"start":{"line":47,"column":0},"end":{"line":47,"column":27}},"47":{"start":{"line":48,"column":0},"end":{"line":48,"column":63}},"49":{"start":{"line":50,"column":0},"end":{"line":50,"column":14}},"50":{"start":{"line":51,"column":0},"end":{"line":51,"column":12}},"51":{"start":{"line":52,"column":0},"end":{"line":52,"column":16}},"53":{"start":{"line":54,"column":0},"end":{"line":54,"column":1}},"55":{"start":{"line":56,"column":0},"end":{"line":56,"column":26}},"56":{"start":{"line":57,"column":0},"end":{"line":57,"column":36}},"57":{"start":{"line":58,"column":0},"end":{"line":58,"column":38}},"59":{"start":{"line":60,"column":0},"end":{"line":60,"column":32}},"60":{"start":{"line":61,"column":0},"end":{"line":61,"column":88}},"61":{"start":{"line":62,"column":0},"end":{"line":62,"column":41}},"62":{"start":{"line":63,"column":0},"end":{"line":63,"column":22}},"63":{"start":{"line":64,"column":0},"end":{"line":64,"column":67}},"64":{"start":{"line":65,"column":0},"end":{"line":65,"column":43}},"65":{"start":{"line":66,"column":0},"end":{"line":66,"column":6}},"66":{"start":{"line":67,"column":0},"end":{"line":67,"column":30}},"67":{"start":{"line":68,"column":0},"end":{"line":68,"column":59}},"68":{"start":{"line":69,"column":0},"end":{"line":69,"column":6}},"69":{"start":{"line":70,"column":0},"end":{"line":70,"column":4}},"71":{"start":{"line":72,"column":0},"end":{"line":72,"column":81}},"72":{"start":{"line":73,"column":0},"end":{"line":73,"column":51}},"73":{"start":{"line":74,"column":0},"end":{"line":74,"column":3}},"75":{"start":{"line":76,"column":0},"end":{"line":76,"column":10}},"76":{"start":{"line":77,"column":0},"end":{"line":77,"column":15}},"77":{"start":{"line":78,"column":0},"end":{"line":78,"column":47}},"78":{"start":{"line":79,"column":0},"end":{"line":79,"column":48}},"79":{"start":{"line":80,"column":0},"end":{"line":80,"column":76}},"80":{"start":{"line":81,"column":0},"end":{"line":81,"column":86}},"81":{"start":{"line":82,"column":0},"end":{"line":82,"column":17}},"83":{"start":{"line":84,"column":0},"end":{"line":84,"column":73}},"84":{"start":{"line":85,"column":0},"end":{"line":85,"column":12}},"85":{"start":{"line":86,"column":0},"end":{"line":86,"column":16}},"87":{"start":{"line":88,"column":0},"end":{"line":88,"column":1}},"89":{"start":{"line":90,"column":0},"end":{"line":90,"column":26}},"90":{"start":{"line":91,"column":0},"end":{"line":91,"column":10}},"91":{"start":{"line":92,"column":0},"end":{"line":92,"column":52}},"92":{"start":{"line":93,"column":0},"end":{"line":93,"column":45}},"93":{"start":{"line":94,"column":0},"end":{"line":94,"column":25}},"94":{"start":{"line":95,"column":0},"end":{"line":95,"column":17}},"95":{"start":{"line":96,"column":0},"end":{"line":96,"column":20}},"97":{"start":{"line":98,"column":0},"end":{"line":98,"column":1}}},"s":{"0":0,"1":0,"2":0,"3":0,"4":0,"5":0,"6":0,"7":0,"10":0,"11":0,"12":0,"13":0,"14":0,"15":0,"17":0,"18":0,"19":0,"20":0,"22":0,"23":0,"25":0,"26":0,"27":0,"28":0,"29":0,"30":0,"31":0,"32":0,"33":0,"34":0,"35":0,"36":0,"37":0,"38":0,"39":0,"41":0,"43":0,"44":0,"45":0,"46":0,"47":0,"49":0,"50":0,"51":0,"53":0,"55":0,"56":0,"57":0,"59":0,"60":0,"61":0,"62":0,"63":0,"64":0,"65":0,"66":0,"67":0,"68":0,"69":0,"71":0,"72":0,"73":0,"75":0,"76":0,"77":0,"78":0,"79":0,"80":0,"81":0,"83":0,"84":0,"85":0,"87":0,"89":0,"90":0,"91":0,"92":0,"93":0,"94":0,"95":0,"97":0},"branchMap":{"0":{"type":"branch","line":1,"loc":{"start":{"line":1,"column":2957},"end":{"line":98,"column":1}},"locations":[{"start":{"line":1,"column":2957},"end":{"line":98,"column":1}}]}},"b":{"0":[0]},"fnMap":{"0":{"name":"(empty-report)","decl":{"start":{"line":1,"column":2957},"end":{"line":98,"column":1}},"loc":{"start":{"line":1,"column":2957},"end":{"line":98,"column":1}},"line":1}},"f":{"0":0}}
,"/Users/alex/work/tekBoard/tekmetric/frontend/src/pages/Welcome.tsx": {"path":"/Users/alex/work/tekBoard/tekmetric/frontend/src/pages/Welcome.tsx","all":true,"statementMap":{"0":{"start":{"line":1,"column":0},"end":{"line":1,"column":36}},"1":{"start":{"line":2,"column":0},"end":{"line":2,"column":58}},"3":{"start":{"line":4,"column":0},"end":{"line":4,"column":30}},"4":{"start":{"line":5,"column":0},"end":{"line":5,"column":39}},"6":{"start":{"line":7,"column":0},"end":{"line":7,"column":32}},"7":{"start":{"line":8,"column":0},"end":{"line":8,"column":29}},"8":{"start":{"line":9,"column":0},"end":{"line":9,"column":3}},"10":{"start":{"line":11,"column":0},"end":{"line":11,"column":54}},"11":{"start":{"line":12,"column":0},"end":{"line":12,"column":1}}},"s":{"0":0,"1":0,"3":0,"4":0,"6":0,"7":0,"8":0,"10":0,"11":0},"branchMap":{"0":{"type":"branch","line":1,"loc":{"start":{"line":1,"column":293},"end":{"line":12,"column":1}},"locations":[{"start":{"line":1,"column":293},"end":{"line":12,"column":1}}]}},"b":{"0":[0]},"fnMap":{"0":{"name":"(empty-report)","decl":{"start":{"line":1,"column":293},"end":{"line":12,"column":1}},"loc":{"start":{"line":1,"column":293},"end":{"line":12,"column":1}},"line":1}},"f":{"0":0}}
}
