TN:
SF:src/App.js
FN:11,App
FN:25,(anonymous_1)
FN:26,(anonymous_2)
FN:32,(anonymous_3)
FN:42,(anonymous_4)
FN:48,(anonymous_5)
FN:57,(anonymous_6)
FN:58,loadData
FN:73,(anonymous_8)
FN:80,(anonymous_9)
FN:86,(anonymous_10)
FN:108,(anonymous_11)
FN:146,(anonymous_12)
FN:153,(anonymous_13)
FNF:14
FNH:0
FNDA:0,App
FNDA:0,(anonymous_1)
FNDA:0,(anonymous_2)
FNDA:0,(anonymous_3)
FNDA:0,(anonymous_4)
FNDA:0,(anonymous_5)
FNDA:0,(anonymous_6)
FNDA:0,loadData
FNDA:0,(anonymous_8)
FNDA:0,(anonymous_9)
FNDA:0,(anonymous_10)
FNDA:0,(anonymous_11)
FNDA:0,(anonymous_12)
FNDA:0,(anonymous_13)
DA:12,0
DA:13,0
DA:14,0
DA:15,0
DA:16,0
DA:17,0
DA:18,0
DA:19,0
DA:20,0
DA:21,0
DA:22,0
DA:23,0
DA:25,0
DA:26,0
DA:27,0
DA:28,0
DA:32,0
DA:33,0
DA:34,0
DA:35,0
DA:39,0
DA:40,0
DA:42,0
DA:43,0
DA:44,0
DA:48,0
DA:49,0
DA:50,0
DA:51,0
DA:52,0
DA:57,0
DA:59,0
DA:60,0
DA:61,0
DA:62,0
DA:64,0
DA:66,0
DA:70,0
DA:73,0
DA:75,0
DA:76,0
DA:80,0
DA:81,0
DA:82,0
DA:83,0
DA:86,0
DA:90,0
DA:91,0
DA:99,0
DA:100,0
DA:108,0
DA:117,0
DA:146,0
DA:154,0
LF:54
LH:0
BRDA:33,0,0,0
BRDA:33,0,1,0
BRDA:33,1,0,0
BRDA:33,1,1,0
BRDA:33,1,2,0
BRDA:49,2,0,0
BRDA:49,2,1,0
BRDA:51,3,0,0
BRDA:51,3,1,0
BRDA:64,4,0,0
BRDA:64,4,1,0
BRDA:75,5,0,0
BRDA:75,5,1,0
BRDA:75,6,0,0
BRDA:75,6,1,0
BRDA:75,6,2,0
BRDA:81,7,0,0
BRDA:81,7,1,0
BRDA:84,8,0,0
BRDA:84,8,1,0
BRDA:84,8,2,0
BRDA:90,9,0,0
BRDA:90,9,1,0
BRDA:99,10,0,0
BRDA:99,10,1,0
BRDA:118,11,0,0
BRDA:118,11,1,0
BRDA:160,12,0,0
BRDA:160,12,1,0
BRF:29
BRH:0
end_of_record
TN:
SF:src/i18n.js
FNF:0
FNH:0
DA:12,0
DA:30,0
LF:2
LH:0
BRF:0
BRH:0
end_of_record
TN:
SF:src/components/BarChart.js
FN:6,(anonymous_0)
FN:11,(anonymous_1)
FN:27,(anonymous_2)
FNF:3
FNH:2
FNDA:8,(anonymous_0)
FNDA:14,(anonymous_1)
FNDA:0,(anonymous_2)
DA:6,1
DA:7,8
DA:9,6
DA:12,14
DA:19,14
DA:22,14
DA:27,0
DA:40,1
LF:8
LH:7
BRDA:7,0,0,2
BRDA:7,0,1,6
BRDA:12,1,0,2
BRDA:12,1,1,12
BRDA:14,2,0,2
BRDA:14,2,1,10
BRDA:16,3,0,2
BRDA:16,3,1,8
BRF:8
BRH:8
end_of_record
TN:
SF:src/components/DarkModeToggle.js
FN:6,(anonymous_0)
FNF:1
FNH:0
FNDA:0,(anonymous_0)
DA:6,0
DA:7,0
DA:8,0
DA:10,0
DA:27,0
LF:5
LH:0
BRDA:14,0,0,0
BRDA:14,0,1,0
BRDA:15,1,0,0
BRDA:15,1,1,0
BRDA:18,2,0,0
BRDA:18,2,1,0
BRDA:21,3,0,0
BRDA:21,3,1,0
BRF:8
BRH:0
end_of_record
TN:
SF:src/components/ErrorBoundary.js
FN:6,(anonymous_0)
FN:15,(anonymous_1)
FN:19,(anonymous_2)
FN:30,(anonymous_3)
FN:43,(anonymous_4)
FNF:5
FNH:0
FNDA:0,(anonymous_0)
FNDA:0,(anonymous_1)
FNDA:0,(anonymous_2)
FNDA:0,(anonymous_3)
FNDA:0,(anonymous_4)
DA:7,0
DA:8,0
DA:16,0
DA:20,0
DA:21,0
DA:30,0
DA:31,0
DA:38,0
DA:39,0
DA:44,0
DA:46,0
DA:47,0
DA:51,0
DA:80,0
DA:84,0
LF:15
LH:0
BRDA:38,0,0,0
BRDA:38,0,1,0
BRDA:44,1,0,0
BRDA:44,1,1,0
BRDA:46,2,0,0
BRDA:46,2,1,0
BRDA:58,3,0,0
BRDA:58,3,1,0
BRDA:60,4,0,0
BRDA:60,4,1,0
BRDA:60,4,2,0
BRF:11
BRH:0
end_of_record
TN:
SF:src/components/KeyboardNavigation.js
FN:4,(anonymous_0)
FN:5,(anonymous_1)
FN:50,(anonymous_2)
FNF:3
FNH:3
FNDA:16,(anonymous_0)
FNDA:13,(anonymous_1)
FNDA:13,(anonymous_2)
DA:4,1
DA:5,16
DA:8,13
DA:9,13
DA:10,3
DA:13,10
DA:15,9
DA:17,9
DA:19,1
DA:20,1
DA:21,1
DA:23,2
DA:24,2
DA:25,2
DA:27,1
DA:28,1
DA:29,1
DA:31,2
DA:32,2
DA:33,2
DA:35,1
DA:36,1
DA:37,1
DA:39,1
DA:40,1
DA:41,1
DA:43,1
DA:47,16
DA:50,1
DA:51,13
DA:53,13
DA:66,1
LF:32
LH:32
BRDA:9,0,0,3
BRDA:9,0,1,10
BRDA:9,1,0,13
BRDA:9,1,1,12
BRDA:9,1,2,11
BRDA:13,2,0,1
BRDA:13,2,1,9
BRDA:17,3,0,1
BRDA:17,3,1,2
BRDA:17,3,2,1
BRDA:17,3,3,2
BRDA:17,3,4,1
BRDA:17,3,5,1
BRDA:17,3,6,1
BRF:14
BRH:14
end_of_record
TN:
SF:src/components/LanguageSwitcher.js
FN:5,(anonymous_0)
FN:16,(anonymous_1)
FN:28,(anonymous_2)
FN:32,(anonymous_3)
FNF:4
FNH:0
FNDA:0,(anonymous_0)
FNDA:0,(anonymous_1)
FNDA:0,(anonymous_2)
FNDA:0,(anonymous_3)
DA:5,0
DA:6,0
DA:8,0
DA:16,0
DA:17,0
DA:20,0
DA:28,0
DA:33,0
DA:42,0
LF:9
LH:0
BRF:0
BRH:0
end_of_record
TN:
SF:src/components/Table.js
FN:6,(anonymous_0)
FNF:1
FNH:0
FNDA:0,(anonymous_0)
DA:6,0
DA:7,0
DA:22,0
LF:3
LH:0
BRF:0
BRH:0
end_of_record
TN:
SF:src/components/TableBody.js
FN:13,(anonymous_0)
FN:15,(anonymous_1)
FN:21,(anonymous_2)
FN:25,(anonymous_3)
FN:57,(anonymous_4)
FNF:5
FNH:0
FNDA:0,(anonymous_0)
FNDA:0,(anonymous_1)
FNDA:0,(anonymous_2)
FNDA:0,(anonymous_3)
FNDA:0,(anonymous_4)
DA:11,0
DA:13,0
DA:14,0
DA:15,0
DA:16,0
DA:19,0
DA:21,0
DA:22,0
DA:23,0
DA:25,0
DA:26,0
DA:27,0
DA:31,0
DA:32,0
DA:35,0
DA:36,0
DA:38,0
DA:58,0
DA:93,0
DA:114,0
LF:20
LH:0
BRDA:16,0,0,0
BRDA:16,0,1,0
BRDA:26,1,0,0
BRDA:26,1,1,0
BRDA:31,2,0,0
BRDA:31,2,1,0
BRDA:57,3,0,0
BRDA:57,3,1,0
BRDA:84,4,0,0
BRDA:84,4,1,0
BRDA:102,5,0,0
BRDA:102,5,1,0
BRF:12
BRH:0
end_of_record
TN:
SF:src/components/TableCell.js
FN:3,(anonymous_0)
FNF:1
FNH:0
FNDA:0,(anonymous_0)
DA:3,0
DA:4,0
DA:9,0
LF:3
LH:0
BRF:0
BRH:0
end_of_record
TN:
SF:src/components/TableHeader.js
FN:7,(anonymous_0)
FNF:1
FNH:0
FNDA:0,(anonymous_0)
DA:7,0
DA:8,0
DA:10,0
DA:24,0
LF:4
LH:0
BRDA:18,0,0,0
BRDA:18,0,1,0
BRF:2
BRH:0
end_of_record
TN:
SF:src/contexts/ThemeContext.js
FN:5,(anonymous_0)
FN:13,(anonymous_1)
FN:15,(anonymous_2)
FN:29,(anonymous_3)
FN:41,(anonymous_4)
FN:42,(anonymous_5)
FNF:6
FNH:6
FNDA:9,(anonymous_0)
FNDA:15,(anonymous_1)
FNDA:14,(anonymous_2)
FNDA:7,(anonymous_3)
FNDA:1,(anonymous_4)
FNDA:1,(anonymous_5)
DA:3,1
DA:5,1
DA:6,9
DA:7,9
DA:8,2
DA:10,7
DA:13,1
DA:15,15
DA:16,14
DA:17,14
DA:18,3
DA:21,11
DA:22,1
DA:24,2
DA:27,15
DA:29,7
DA:31,7
DA:34,7
DA:35,4
DA:37,3
DA:41,7
DA:42,1
DA:45,7
DA:51,7
LF:24
LH:24
BRDA:7,0,0,2
BRDA:7,0,1,7
BRDA:17,1,0,3
BRDA:17,1,1,11
BRDA:21,2,0,1
BRDA:21,2,1,2
BRDA:21,3,0,11
BRDA:21,3,1,9
BRDA:34,4,0,4
BRDA:34,4,1,3
BRDA:42,5,0,0
BRDA:42,5,1,1
BRF:12
BRH:11
end_of_record
TN:
SF:src/lib/cache.js
FN:15,(anonymous_0)
FN:45,(anonymous_1)
FN:79,(anonymous_2)
FN:91,(anonymous_3)
FN:96,(anonymous_4)
FN:120,(anonymous_5)
FN:123,(anonymous_6)
FN:137,(anonymous_7)
FN:140,(anonymous_8)
FN:147,(anonymous_9)
FNF:10
FNH:10
FNDA:12,(anonymous_0)
FNDA:23,(anonymous_1)
FNDA:2,(anonymous_2)
FNDA:6,(anonymous_3)
FNDA:5,(anonymous_4)
FNDA:2,(anonymous_5)
FNDA:3,(anonymous_6)
FNDA:6,(anonymous_7)
FNDA:9,(anonymous_8)
FNDA:8,(anonymous_9)
DA:6,1
DA:7,1
DA:8,1
DA:15,1
DA:16,12
DA:17,12
DA:18,12
DA:20,11
DA:21,4
DA:24,7
DA:27,6
DA:28,1
DA:29,1
DA:32,5
DA:34,2
DA:35,2
DA:45,1
DA:46,23
DA:47,23
DA:48,23
DA:50,23
DA:56,23
DA:58,3
DA:60,3
DA:61,2
DA:63,2
DA:64,2
DA:65,2
DA:66,2
DA:67,2
DA:69,2
DA:79,1
DA:80,2
DA:81,2
DA:82,2
DA:84,1
DA:91,1
DA:92,6
DA:93,6
DA:94,6
DA:96,6
DA:97,5
DA:98,4
DA:99,4
DA:100,4
DA:101,4
DA:102,3
DA:103,2
DA:108,1
DA:113,0
DA:120,1
DA:121,2
DA:122,2
DA:123,2
DA:124,3
DA:125,2
DA:129,1
DA:137,1
DA:138,6
DA:139,6
DA:140,9
DA:141,6
DA:143,6
DA:144,6
DA:145,6
DA:147,6
DA:148,8
DA:149,8
DA:150,8
DA:151,6
DA:152,6
DA:153,5
DA:154,1
DA:156,4
DA:164,6
DA:172,0
DA:173,0
LF:77
LH:74
BRDA:20,0,0,4
BRDA:20,0,1,7
BRDA:27,1,0,1
BRDA:27,1,1,5
BRDA:45,2,0,16
BRDA:60,3,0,2
BRDA:60,3,1,1
BRDA:97,4,0,4
BRDA:97,4,1,1
BRDA:100,5,0,4
BRDA:100,5,1,0
BRDA:102,6,0,2
BRDA:102,6,1,1
BRDA:124,7,0,2
BRDA:124,7,1,1
BRDA:150,8,0,6
BRDA:150,8,1,2
BRDA:153,9,0,1
BRDA:153,9,1,4
BRF:19
BRH:18
end_of_record
TN:
SF:src/lib/data.js
FN:10,(anonymous_0)
FN:52,(anonymous_1)
FN:73,(anonymous_2)
FN:74,(anonymous_3)
FN:82,(anonymous_4)
FN:99,(anonymous_5)
FNF:6
FNH:0
FNDA:0,(anonymous_0)
FNDA:0,(anonymous_1)
FNDA:0,(anonymous_2)
FNDA:0,(anonymous_3)
FNDA:0,(anonymous_4)
FNDA:0,(anonymous_5)
DA:3,0
DA:4,0
DA:5,0
DA:10,0
DA:11,0
DA:12,0
DA:19,0
DA:20,0
DA:27,0
DA:30,0
DA:31,0
DA:38,0
DA:44,0
DA:52,0
DA:53,0
DA:55,0
DA:56,0
DA:57,0
DA:58,0
DA:62,0
DA:63,0
DA:64,0
DA:65,0
DA:68,0
DA:69,0
DA:70,0
DA:71,0
DA:73,0
DA:75,0
DA:76,0
DA:81,0
DA:82,0
DA:85,0
DA:86,0
DA:88,0
DA:90,0
DA:91,0
DA:99,0
DA:100,0
DA:101,0
LF:40
LH:0
BRDA:19,0,0,0
BRDA:19,0,1,0
BRDA:30,1,0,0
BRDA:30,1,1,0
BRDA:30,2,0,0
BRDA:30,2,1,0
BRDA:56,3,0,0
BRDA:56,3,1,0
BRDA:63,4,0,0
BRDA:63,4,1,0
BRDA:73,5,0,0
BRDA:73,5,1,0
BRF:12
BRH:0
end_of_record
TN:
SF:src/lib/styles.js
FN:56,(anonymous_0)
FN:57,(anonymous_1)
FN:58,(anonymous_2)
FN:73,(anonymous_3)
FN:75,(anonymous_4)
FN:76,(anonymous_5)
FN:77,(anonymous_6)
FN:81,(anonymous_7)
FN:83,(anonymous_8)
FN:85,(anonymous_9)
FN:88,(anonymous_10)
FN:89,(anonymous_11)
FN:100,(anonymous_12)
FNF:13
FNH:0
FNDA:0,(anonymous_0)
FNDA:0,(anonymous_1)
FNDA:0,(anonymous_2)
FNDA:0,(anonymous_3)
FNDA:0,(anonymous_4)
FNDA:0,(anonymous_5)
FNDA:0,(anonymous_6)
FNDA:0,(anonymous_7)
FNDA:0,(anonymous_8)
FNDA:0,(anonymous_9)
FNDA:0,(anonymous_10)
FNDA:0,(anonymous_11)
FNDA:0,(anonymous_12)
DA:1,0
DA:10,0
DA:31,0
DA:43,0
DA:56,0
DA:57,0
DA:58,0
DA:59,0
DA:62,0
DA:73,0
DA:75,0
DA:76,0
DA:77,0
DA:81,0
DA:83,0
DA:85,0
DA:88,0
DA:89,0
DA:100,0
LF:19
LH:0
BRDA:56,0,0,0
BRDA:56,0,1,0
BRDA:57,1,0,0
BRDA:57,1,1,0
BRDA:58,2,0,0
BRDA:59,3,0,0
BRDA:59,3,1,0
BRDA:73,4,0,0
BRDA:73,4,1,0
BRDA:75,5,0,0
BRDA:75,5,1,0
BRDA:76,6,0,0
BRDA:76,6,1,0
BRDA:77,7,0,0
BRDA:77,7,1,0
BRDA:81,8,0,0
BRDA:81,8,1,0
BRDA:85,9,0,0
BRDA:85,9,1,0
BRF:19
BRH:0
end_of_record
TN:
SF:src/lib/utils.js
FN:1,(anonymous_0)
FN:21,(anonymous_1)
FN:31,(anonymous_2)
FNF:3
FNH:3
FNDA:11,(anonymous_0)
FNDA:9,(anonymous_1)
FNDA:10,(anonymous_2)
DA:1,1
DA:2,11
DA:4,7
DA:5,3
DA:8,4
DA:9,4
DA:10,4
DA:13,4
DA:14,0
DA:15,0
DA:18,4
DA:21,1
DA:22,9
DA:24,5
DA:25,3
DA:28,2
DA:31,1
DA:32,10
DA:33,7
LF:19
LH:17
BRDA:2,0,0,4
BRDA:2,0,1,7
BRDA:4,1,0,3
BRDA:4,1,1,4
BRDA:13,2,0,0
BRDA:13,2,1,4
BRDA:18,3,0,0
BRDA:18,3,1,4
BRDA:22,4,0,4
BRDA:22,4,1,5
BRDA:24,5,0,3
BRDA:24,5,1,2
BRDA:32,6,0,3
BRDA:32,6,1,7
BRF:14
BRH:12
end_of_record
